[0.144s] DEBUG:colcon:Command line arguments: ['/usr/bin/colcon', 'build', '--symlink-install']
[0.144s] DEBUG:colcon:Parsed command line arguments: Namespace(log_base=None, log_level=None, verb_name='build', build_base='build', install_base='install', merge_install=False, symlink_install=True, test_result_base=None, continue_on_error=False, executor='parallel', parallel_workers=4, event_handlers=None, ignore_user_meta=False, metas=['./colcon.meta'], base_paths=['.'], packages_ignore=None, packages_ignore_regex=None, paths=None, packages_up_to=None, packages_up_to_regex=None, packages_above=None, packages_above_and_dependencies=None, packages_above_depth=None, packages_select_by_dep=None, packages_skip_by_dep=None, packages_skip_up_to=None, packages_select_build_failed=False, packages_skip_build_finished=False, packages_select_test_failures=False, packages_skip_test_passed=False, packages_select=None, packages_skip=None, packages_select_regex=None, packages_skip_regex=None, packages_start=None, packages_end=None, cmake_args=None, cmake_target=None, cmake_target_skip_unavailable=False, cmake_clean_cache=False, cmake_clean_first=False, cmake_force_configure=False, ament_cmake_args=None, catkin_cmake_args=None, catkin_skip_building_tests=False, verb_parser=<colcon_defaults.argument_parser.defaults.DefaultArgumentsDecorator object at 0xffff9bf58aa0>, verb_extension=<colcon_core.verb.build.BuildVerb object at 0xffff9c3068a0>, main=<bound method BuildVerb.main of <colcon_core.verb.build.BuildVerb object at 0xffff9c3068a0>>)
[0.203s] Level 1:colcon.colcon_core.package_discovery:discover_packages(colcon_meta) check parameters
[0.203s] Level 1:colcon.colcon_core.package_discovery:discover_packages(recursive) check parameters
[0.203s] Level 1:colcon.colcon_core.package_discovery:discover_packages(ignore) check parameters
[0.203s] Level 1:colcon.colcon_core.package_discovery:discover_packages(path) check parameters
[0.203s] Level 1:colcon.colcon_core.package_discovery:discover_packages(colcon_meta) discover
[0.203s] Level 1:colcon.colcon_core.package_discovery:discover_packages(recursive) discover
[0.203s] INFO:colcon.colcon_core.package_discovery:Crawling recursively for packages in '/home/innovation/dev_ws'
[0.203s] Level 1:colcon.colcon_core.package_identification:_identify(.) by extensions ['ignore', 'ignore_ament_install']
[0.204s] Level 1:colcon.colcon_core.package_identification:_identify(.) by extension 'ignore'
[0.204s] Level 1:colcon.colcon_core.package_identification:_identify(.) by extension 'ignore_ament_install'
[0.204s] Level 1:colcon.colcon_core.package_identification:_identify(.) by extensions ['colcon_pkg']
[0.204s] Level 1:colcon.colcon_core.package_identification:_identify(.) by extension 'colcon_pkg'
[0.204s] Level 1:colcon.colcon_core.package_identification:_identify(.) by extensions ['colcon_meta']
[0.204s] Level 1:colcon.colcon_core.package_identification:_identify(.) by extension 'colcon_meta'
[0.204s] Level 1:colcon.colcon_core.package_identification:_identify(.) by extensions ['ros']
[0.204s] Level 1:colcon.colcon_core.package_identification:_identify(.) by extension 'ros'
[0.241s] Level 1:colcon.colcon_core.package_identification:_identify(.) by extensions ['cmake', 'python']
[0.242s] Level 1:colcon.colcon_core.package_identification:_identify(.) by extension 'cmake'
[0.242s] Level 1:colcon.colcon_core.package_identification:_identify(.) by extension 'python'
[0.242s] Level 1:colcon.colcon_core.package_identification:_identify(.) by extensions ['python_setup_py']
[0.242s] Level 1:colcon.colcon_core.package_identification:_identify(.) by extension 'python_setup_py'
[0.242s] Level 1:colcon.colcon_core.package_identification:_identify(build) by extensions ['ignore', 'ignore_ament_install']
[0.242s] Level 1:colcon.colcon_core.package_identification:_identify(build) by extension 'ignore'
[0.242s] Level 1:colcon.colcon_core.package_identification:_identify(build) ignored
[0.242s] Level 1:colcon.colcon_core.package_identification:_identify(install) by extensions ['ignore', 'ignore_ament_install']
[0.242s] Level 1:colcon.colcon_core.package_identification:_identify(install) by extension 'ignore'
[0.242s] Level 1:colcon.colcon_core.package_identification:_identify(install) ignored
[0.243s] Level 1:colcon.colcon_core.package_identification:_identify(log) by extensions ['ignore', 'ignore_ament_install']
[0.243s] Level 1:colcon.colcon_core.package_identification:_identify(log) by extension 'ignore'
[0.243s] Level 1:colcon.colcon_core.package_identification:_identify(log) ignored
[0.243s] Level 1:colcon.colcon_core.package_identification:_identify(src) by extensions ['ignore', 'ignore_ament_install']
[0.243s] Level 1:colcon.colcon_core.package_identification:_identify(src) by extension 'ignore'
[0.243s] Level 1:colcon.colcon_core.package_identification:_identify(src) by extension 'ignore_ament_install'
[0.243s] Level 1:colcon.colcon_core.package_identification:_identify(src) by extensions ['colcon_pkg']
[0.243s] Level 1:colcon.colcon_core.package_identification:_identify(src) by extension 'colcon_pkg'
[0.243s] Level 1:colcon.colcon_core.package_identification:_identify(src) by extensions ['colcon_meta']
[0.243s] Level 1:colcon.colcon_core.package_identification:_identify(src) by extension 'colcon_meta'
[0.243s] Level 1:colcon.colcon_core.package_identification:_identify(src) by extensions ['ros']
[0.243s] Level 1:colcon.colcon_core.package_identification:_identify(src) by extension 'ros'
[0.243s] Level 1:colcon.colcon_core.package_identification:_identify(src) by extensions ['cmake', 'python']
[0.243s] Level 1:colcon.colcon_core.package_identification:_identify(src) by extension 'cmake'
[0.243s] Level 1:colcon.colcon_core.package_identification:_identify(src) by extension 'python'
[0.243s] Level 1:colcon.colcon_core.package_identification:_identify(src) by extensions ['python_setup_py']
[0.243s] Level 1:colcon.colcon_core.package_identification:_identify(src) by extension 'python_setup_py'
[0.244s] Level 1:colcon.colcon_core.package_identification:_identify(src/leg_odometry) by extensions ['ignore', 'ignore_ament_install']
[0.244s] Level 1:colcon.colcon_core.package_identification:_identify(src/leg_odometry) by extension 'ignore'
[0.244s] Level 1:colcon.colcon_core.package_identification:_identify(src/leg_odometry) by extension 'ignore_ament_install'
[0.244s] Level 1:colcon.colcon_core.package_identification:_identify(src/leg_odometry) by extensions ['colcon_pkg']
[0.244s] Level 1:colcon.colcon_core.package_identification:_identify(src/leg_odometry) by extension 'colcon_pkg'
[0.244s] Level 1:colcon.colcon_core.package_identification:_identify(src/leg_odometry) by extensions ['colcon_meta']
[0.244s] Level 1:colcon.colcon_core.package_identification:_identify(src/leg_odometry) by extension 'colcon_meta'
[0.244s] Level 1:colcon.colcon_core.package_identification:_identify(src/leg_odometry) by extensions ['ros']
[0.244s] Level 1:colcon.colcon_core.package_identification:_identify(src/leg_odometry) by extension 'ros'
[0.247s] DEBUG:colcon.colcon_core.package_identification:Package 'src/leg_odometry' with type 'ros.ament_python' and name 'leg_odometry'
[0.248s] Level 1:colcon.colcon_core.package_identification:_identify(src/mlx90640_thermal) by extensions ['ignore', 'ignore_ament_install']
[0.248s] Level 1:colcon.colcon_core.package_identification:_identify(src/mlx90640_thermal) by extension 'ignore'
[0.248s] Level 1:colcon.colcon_core.package_identification:_identify(src/mlx90640_thermal) by extension 'ignore_ament_install'
[0.248s] Level 1:colcon.colcon_core.package_identification:_identify(src/mlx90640_thermal) by extensions ['colcon_pkg']
[0.248s] Level 1:colcon.colcon_core.package_identification:_identify(src/mlx90640_thermal) by extension 'colcon_pkg'
[0.248s] Level 1:colcon.colcon_core.package_identification:_identify(src/mlx90640_thermal) by extensions ['colcon_meta']
[0.248s] Level 1:colcon.colcon_core.package_identification:_identify(src/mlx90640_thermal) by extension 'colcon_meta'
[0.248s] Level 1:colcon.colcon_core.package_identification:_identify(src/mlx90640_thermal) by extensions ['ros']
[0.248s] Level 1:colcon.colcon_core.package_identification:_identify(src/mlx90640_thermal) by extension 'ros'
[0.249s] DEBUG:colcon.colcon_core.package_identification:Package 'src/mlx90640_thermal' with type 'ros.ament_python' and name 'mlx90640_thermal'
[0.249s] Level 1:colcon.colcon_core.package_identification:_identify(src/my_bot) by extensions ['ignore', 'ignore_ament_install']
[0.249s] Level 1:colcon.colcon_core.package_identification:_identify(src/my_bot) by extension 'ignore'
[0.249s] Level 1:colcon.colcon_core.package_identification:_identify(src/my_bot) by extension 'ignore_ament_install'
[0.249s] Level 1:colcon.colcon_core.package_identification:_identify(src/my_bot) by extensions ['colcon_pkg']
[0.249s] Level 1:colcon.colcon_core.package_identification:_identify(src/my_bot) by extension 'colcon_pkg'
[0.249s] Level 1:colcon.colcon_core.package_identification:_identify(src/my_bot) by extensions ['colcon_meta']
[0.249s] Level 1:colcon.colcon_core.package_identification:_identify(src/my_bot) by extension 'colcon_meta'
[0.249s] Level 1:colcon.colcon_core.package_identification:_identify(src/my_bot) by extensions ['ros']
[0.249s] Level 1:colcon.colcon_core.package_identification:_identify(src/my_bot) by extension 'ros'
[0.250s] DEBUG:colcon.colcon_core.package_identification:Package 'src/my_bot' with type 'ros.ament_cmake' and name 'my_bot'
[0.250s] Level 1:colcon.colcon_core.package_identification:_identify(src/ros2_mpu6050) by extensions ['ignore', 'ignore_ament_install']
[0.250s] Level 1:colcon.colcon_core.package_identification:_identify(src/ros2_mpu6050) by extension 'ignore'
[0.250s] Level 1:colcon.colcon_core.package_identification:_identify(src/ros2_mpu6050) by extension 'ignore_ament_install'
[0.250s] Level 1:colcon.colcon_core.package_identification:_identify(src/ros2_mpu6050) by extensions ['colcon_pkg']
[0.250s] Level 1:colcon.colcon_core.package_identification:_identify(src/ros2_mpu6050) by extension 'colcon_pkg'
[0.250s] Level 1:colcon.colcon_core.package_identification:_identify(src/ros2_mpu6050) by extensions ['colcon_meta']
[0.250s] Level 1:colcon.colcon_core.package_identification:_identify(src/ros2_mpu6050) by extension 'colcon_meta'
[0.250s] Level 1:colcon.colcon_core.package_identification:_identify(src/ros2_mpu6050) by extensions ['ros']
[0.250s] Level 1:colcon.colcon_core.package_identification:_identify(src/ros2_mpu6050) by extension 'ros'
[0.251s] DEBUG:colcon.colcon_core.package_identification:Package 'src/ros2_mpu6050' with type 'ros.ament_cmake' and name 'ros2_mpu6050'
[0.251s] Level 1:colcon.colcon_core.package_discovery:discover_packages(recursive) using defaults
[0.253s] Level 1:colcon.colcon_core.package_discovery:discover_packages(ignore) discover
[0.253s] Level 1:colcon.colcon_core.package_discovery:discover_packages(ignore) using defaults
[0.253s] Level 1:colcon.colcon_core.package_discovery:discover_packages(path) discover
[0.253s] Level 1:colcon.colcon_core.package_discovery:discover_packages(path) using defaults
[0.277s] Level 5:colcon.colcon_core.verb:set package 'leg_odometry' build argument 'cmake_args' from command line to 'None'
[0.277s] Level 5:colcon.colcon_core.verb:set package 'leg_odometry' build argument 'cmake_target' from command line to 'None'
[0.278s] Level 5:colcon.colcon_core.verb:set package 'leg_odometry' build argument 'cmake_target_skip_unavailable' from command line to 'False'
[0.278s] Level 5:colcon.colcon_core.verb:set package 'leg_odometry' build argument 'cmake_clean_cache' from command line to 'False'
[0.278s] Level 5:colcon.colcon_core.verb:set package 'leg_odometry' build argument 'cmake_clean_first' from command line to 'False'
[0.278s] Level 5:colcon.colcon_core.verb:set package 'leg_odometry' build argument 'cmake_force_configure' from command line to 'False'
[0.278s] Level 5:colcon.colcon_core.verb:set package 'leg_odometry' build argument 'ament_cmake_args' from command line to 'None'
[0.278s] Level 5:colcon.colcon_core.verb:set package 'leg_odometry' build argument 'catkin_cmake_args' from command line to 'None'
[0.278s] Level 5:colcon.colcon_core.verb:set package 'leg_odometry' build argument 'catkin_skip_building_tests' from command line to 'False'
[0.278s] DEBUG:colcon.colcon_core.verb:Building package 'leg_odometry' with the following arguments: {'ament_cmake_args': None, 'build_base': '/home/innovation/dev_ws/build/leg_odometry', 'catkin_cmake_args': None, 'catkin_skip_building_tests': False, 'cmake_args': None, 'cmake_clean_cache': False, 'cmake_clean_first': False, 'cmake_force_configure': False, 'cmake_target': None, 'cmake_target_skip_unavailable': False, 'install_base': '/home/innovation/dev_ws/install/leg_odometry', 'merge_install': False, 'path': '/home/innovation/dev_ws/src/leg_odometry', 'symlink_install': True, 'test_result_base': None}
[0.278s] Level 5:colcon.colcon_core.verb:set package 'mlx90640_thermal' build argument 'cmake_args' from command line to 'None'
[0.278s] Level 5:colcon.colcon_core.verb:set package 'mlx90640_thermal' build argument 'cmake_target' from command line to 'None'
[0.278s] Level 5:colcon.colcon_core.verb:set package 'mlx90640_thermal' build argument 'cmake_target_skip_unavailable' from command line to 'False'
[0.278s] Level 5:colcon.colcon_core.verb:set package 'mlx90640_thermal' build argument 'cmake_clean_cache' from command line to 'False'
[0.278s] Level 5:colcon.colcon_core.verb:set package 'mlx90640_thermal' build argument 'cmake_clean_first' from command line to 'False'
[0.278s] Level 5:colcon.colcon_core.verb:set package 'mlx90640_thermal' build argument 'cmake_force_configure' from command line to 'False'
[0.278s] Level 5:colcon.colcon_core.verb:set package 'mlx90640_thermal' build argument 'ament_cmake_args' from command line to 'None'
[0.278s] Level 5:colcon.colcon_core.verb:set package 'mlx90640_thermal' build argument 'catkin_cmake_args' from command line to 'None'
[0.278s] Level 5:colcon.colcon_core.verb:set package 'mlx90640_thermal' build argument 'catkin_skip_building_tests' from command line to 'False'
[0.278s] DEBUG:colcon.colcon_core.verb:Building package 'mlx90640_thermal' with the following arguments: {'ament_cmake_args': None, 'build_base': '/home/innovation/dev_ws/build/mlx90640_thermal', 'catkin_cmake_args': None, 'catkin_skip_building_tests': False, 'cmake_args': None, 'cmake_clean_cache': False, 'cmake_clean_first': False, 'cmake_force_configure': False, 'cmake_target': None, 'cmake_target_skip_unavailable': False, 'install_base': '/home/innovation/dev_ws/install/mlx90640_thermal', 'merge_install': False, 'path': '/home/innovation/dev_ws/src/mlx90640_thermal', 'symlink_install': True, 'test_result_base': None}
[0.279s] Level 5:colcon.colcon_core.verb:set package 'my_bot' build argument 'cmake_args' from command line to 'None'
[0.279s] Level 5:colcon.colcon_core.verb:set package 'my_bot' build argument 'cmake_target' from command line to 'None'
[0.279s] Level 5:colcon.colcon_core.verb:set package 'my_bot' build argument 'cmake_target_skip_unavailable' from command line to 'False'
[0.279s] Level 5:colcon.colcon_core.verb:set package 'my_bot' build argument 'cmake_clean_cache' from command line to 'False'
[0.279s] Level 5:colcon.colcon_core.verb:set package 'my_bot' build argument 'cmake_clean_first' from command line to 'False'
[0.279s] Level 5:colcon.colcon_core.verb:set package 'my_bot' build argument 'cmake_force_configure' from command line to 'False'
[0.279s] Level 5:colcon.colcon_core.verb:set package 'my_bot' build argument 'ament_cmake_args' from command line to 'None'
[0.279s] Level 5:colcon.colcon_core.verb:set package 'my_bot' build argument 'catkin_cmake_args' from command line to 'None'
[0.279s] Level 5:colcon.colcon_core.verb:set package 'my_bot' build argument 'catkin_skip_building_tests' from command line to 'False'
[0.279s] DEBUG:colcon.colcon_core.verb:Building package 'my_bot' with the following arguments: {'ament_cmake_args': None, 'build_base': '/home/innovation/dev_ws/build/my_bot', 'catkin_cmake_args': None, 'catkin_skip_building_tests': False, 'cmake_args': None, 'cmake_clean_cache': False, 'cmake_clean_first': False, 'cmake_force_configure': False, 'cmake_target': None, 'cmake_target_skip_unavailable': False, 'install_base': '/home/innovation/dev_ws/install/my_bot', 'merge_install': False, 'path': '/home/innovation/dev_ws/src/my_bot', 'symlink_install': True, 'test_result_base': None}
[0.279s] Level 5:colcon.colcon_core.verb:set package 'ros2_mpu6050' build argument 'cmake_args' from command line to 'None'
[0.279s] Level 5:colcon.colcon_core.verb:set package 'ros2_mpu6050' build argument 'cmake_target' from command line to 'None'
[0.279s] Level 5:colcon.colcon_core.verb:set package 'ros2_mpu6050' build argument 'cmake_target_skip_unavailable' from command line to 'False'
[0.279s] Level 5:colcon.colcon_core.verb:set package 'ros2_mpu6050' build argument 'cmake_clean_cache' from command line to 'False'
[0.279s] Level 5:colcon.colcon_core.verb:set package 'ros2_mpu6050' build argument 'cmake_clean_first' from command line to 'False'
[0.279s] Level 5:colcon.colcon_core.verb:set package 'ros2_mpu6050' build argument 'cmake_force_configure' from command line to 'False'
[0.279s] Level 5:colcon.colcon_core.verb:set package 'ros2_mpu6050' build argument 'ament_cmake_args' from command line to 'None'
[0.279s] Level 5:colcon.colcon_core.verb:set package 'ros2_mpu6050' build argument 'catkin_cmake_args' from command line to 'None'
[0.279s] Level 5:colcon.colcon_core.verb:set package 'ros2_mpu6050' build argument 'catkin_skip_building_tests' from command line to 'False'
[0.279s] DEBUG:colcon.colcon_core.verb:Building package 'ros2_mpu6050' with the following arguments: {'ament_cmake_args': None, 'build_base': '/home/innovation/dev_ws/build/ros2_mpu6050', 'catkin_cmake_args': None, 'catkin_skip_building_tests': False, 'cmake_args': None, 'cmake_clean_cache': False, 'cmake_clean_first': False, 'cmake_force_configure': False, 'cmake_target': None, 'cmake_target_skip_unavailable': False, 'install_base': '/home/innovation/dev_ws/install/ros2_mpu6050', 'merge_install': False, 'path': '/home/innovation/dev_ws/src/ros2_mpu6050', 'symlink_install': True, 'test_result_base': None}
[0.280s] INFO:colcon.colcon_core.executor:Executing jobs using 'parallel' executor
[0.281s] DEBUG:colcon.colcon_parallel_executor.executor.parallel:run_until_complete
[0.282s] INFO:colcon.colcon_ros.task.ament_python.build:Building ROS package in '/home/innovation/dev_ws/src/leg_odometry' with build type 'ament_python'
[0.283s] Level 1:colcon.colcon_core.shell:create_environment_hook('leg_odometry', 'ament_prefix_path')
[0.289s] INFO:colcon.colcon_core.plugin_system:Skipping extension 'colcon_core.shell.bat': Not used on non-Windows systems
[0.289s] INFO:colcon.colcon_core.shell:Creating environment descriptor '/home/innovation/dev_ws/install/leg_odometry/share/leg_odometry/hook/ament_prefix_path.dsv'
[0.290s] INFO:colcon.colcon_core.shell:Creating environment hook '/home/innovation/dev_ws/install/leg_odometry/share/leg_odometry/hook/ament_prefix_path.sh'
[0.294s] DEBUG:colcon.colcon_core.shell:Skip shell extension 'dsv' for command environment
[0.304s] INFO:colcon.colcon_ros.task.ament_python.build:Building ROS package in '/home/innovation/dev_ws/src/mlx90640_thermal' with build type 'ament_python'
[0.304s] Level 1:colcon.colcon_core.shell:create_environment_hook('mlx90640_thermal', 'ament_prefix_path')
[0.304s] INFO:colcon.colcon_core.shell:Creating environment descriptor '/home/innovation/dev_ws/install/mlx90640_thermal/share/mlx90640_thermal/hook/ament_prefix_path.dsv'
[0.305s] INFO:colcon.colcon_core.shell:Creating environment hook '/home/innovation/dev_ws/install/mlx90640_thermal/share/mlx90640_thermal/hook/ament_prefix_path.sh'
[0.306s] DEBUG:colcon.colcon_core.shell:Skip shell extension 'dsv' for command environment
[0.311s] INFO:colcon.colcon_ros.task.ament_cmake.build:Building ROS package in '/home/innovation/dev_ws/src/my_bot' with build type 'ament_cmake'
[0.312s] INFO:colcon.colcon_cmake.task.cmake.build:Building CMake package in '/home/innovation/dev_ws/src/my_bot'
[0.312s] DEBUG:colcon.colcon_core.shell:Skip shell extension 'dsv' for command environment
[0.323s] INFO:colcon.colcon_ros.task.ament_cmake.build:Building ROS package in '/home/innovation/dev_ws/src/ros2_mpu6050' with build type 'ament_cmake'
[0.323s] INFO:colcon.colcon_cmake.task.cmake.build:Building CMake package in '/home/innovation/dev_ws/src/ros2_mpu6050'
[0.324s] DEBUG:colcon.colcon_core.shell:Skip shell extension 'dsv' for command environment
[0.693s] INFO:colcon.colcon_core.task.python.build:Building Python package in '/home/innovation/dev_ws/src/leg_odometry'
[0.693s] DEBUG:colcon.colcon_core.shell:Skip shell extension 'dsv' for command environment
[1.191s] INFO:colcon.colcon_core.task.python.build:Building Python package in '/home/innovation/dev_ws/src/mlx90640_thermal'
[1.192s] DEBUG:colcon.colcon_core.shell:Skip shell extension 'dsv' for command environment
[1.207s] DEBUG:colcon.colcon_core.event_handler.log_command:Invoking command in '/home/innovation/dev_ws/build/my_bot': CMAKE_PREFIX_PATH=${CMAKE_PREFIX_PATH}:/home/innovation/dev_ws/install/mlx90640_thermal:/home/innovation/dev_ws/install/leg_odometry:/opt/ros/jazzy DEBUGINFOD_URLS=https://debuginfod.ubuntu.com /usr/bin/cmake --build /home/innovation/dev_ws/build/my_bot -- -j4 -l4
[1.222s] DEBUG:colcon.colcon_core.event_handler.log_command:Invoking command in '/home/innovation/dev_ws/build/ros2_mpu6050': CMAKE_PREFIX_PATH=${CMAKE_PREFIX_PATH}:/home/innovation/dev_ws/install/mlx90640_thermal:/home/innovation/dev_ws/install/leg_odometry:/opt/ros/jazzy DEBUGINFOD_URLS=https://debuginfod.ubuntu.com /usr/bin/cmake --build /home/innovation/dev_ws/build/ros2_mpu6050 -- -j4 -l4
[1.320s] DEBUG:colcon.colcon_core.event_handler.log_command:Invoked command in '/home/innovation/dev_ws/build/my_bot' returned '0': CMAKE_PREFIX_PATH=${CMAKE_PREFIX_PATH}:/home/innovation/dev_ws/install/mlx90640_thermal:/home/innovation/dev_ws/install/leg_odometry:/opt/ros/jazzy DEBUGINFOD_URLS=https://debuginfod.ubuntu.com /usr/bin/cmake --build /home/innovation/dev_ws/build/my_bot -- -j4 -l4
[1.347s] DEBUG:colcon.colcon_core.event_handler.log_command:Invoking command in '/home/innovation/dev_ws/build/my_bot': CMAKE_PREFIX_PATH=${CMAKE_PREFIX_PATH}:/home/innovation/dev_ws/install/mlx90640_thermal:/home/innovation/dev_ws/install/leg_odometry:/opt/ros/jazzy DEBUGINFOD_URLS=https://debuginfod.ubuntu.com /usr/bin/cmake --install /home/innovation/dev_ws/build/my_bot
[1.436s] Level 1:colcon.colcon_core.environment:create_environment_scripts_only(my_bot)
[1.439s] DEBUG:colcon.colcon_core.event_handler.log_command:Invoked command in '/home/innovation/dev_ws/build/my_bot' returned '0': CMAKE_PREFIX_PATH=${CMAKE_PREFIX_PATH}:/home/innovation/dev_ws/install/mlx90640_thermal:/home/innovation/dev_ws/install/leg_odometry:/opt/ros/jazzy DEBUGINFOD_URLS=https://debuginfod.ubuntu.com /usr/bin/cmake --install /home/innovation/dev_ws/build/my_bot
[1.440s] Level 1:colcon.colcon_core.environment:checking '/home/innovation/dev_ws/install/my_bot' for CMake module files
[1.442s] Level 1:colcon.colcon_core.environment:checking '/home/innovation/dev_ws/install/my_bot' for CMake config files
[1.442s] Level 1:colcon.colcon_core.shell:create_environment_hook('my_bot', 'cmake_prefix_path')
[1.443s] INFO:colcon.colcon_core.shell:Creating environment descriptor '/home/innovation/dev_ws/install/my_bot/share/my_bot/hook/cmake_prefix_path.dsv'
[1.444s] INFO:colcon.colcon_core.shell:Creating environment hook '/home/innovation/dev_ws/install/my_bot/share/my_bot/hook/cmake_prefix_path.sh'
[1.446s] Level 1:colcon.colcon_core.environment:checking '/home/innovation/dev_ws/install/my_bot/bin'
[1.446s] Level 1:colcon.colcon_core.environment:checking '/home/innovation/dev_ws/install/my_bot/lib/pkgconfig/my_bot.pc'
[1.446s] Level 1:colcon.colcon_core.environment:checking '/home/innovation/dev_ws/install/my_bot/lib/python3.12/site-packages'
[1.447s] Level 1:colcon.colcon_core.environment:checking '/home/innovation/dev_ws/install/my_bot/bin'
[1.447s] INFO:colcon.colcon_core.shell:Creating package descriptor '/home/innovation/dev_ws/install/my_bot/share/my_bot/package.dsv'
[1.448s] INFO:colcon.colcon_core.shell:Creating package script '/home/innovation/dev_ws/install/my_bot/share/my_bot/package.sh'
[1.450s] INFO:colcon.colcon_core.shell:Creating package script '/home/innovation/dev_ws/install/my_bot/share/my_bot/package.bash'
[1.453s] INFO:colcon.colcon_core.shell:Creating package script '/home/innovation/dev_ws/install/my_bot/share/my_bot/package.zsh'
[1.454s] Level 1:colcon.colcon_core.environment:create_file_with_runtime_dependencies(/home/innovation/dev_ws/install/my_bot/share/colcon-core/packages/my_bot)
[1.456s] Level 1:colcon.colcon_core.environment:create_environment_scripts_only(my_bot)
[1.456s] Level 1:colcon.colcon_core.environment:checking '/home/innovation/dev_ws/install/my_bot' for CMake module files
[1.457s] Level 1:colcon.colcon_core.environment:checking '/home/innovation/dev_ws/install/my_bot' for CMake config files
[1.458s] Level 1:colcon.colcon_core.shell:create_environment_hook('my_bot', 'cmake_prefix_path')
[1.458s] INFO:colcon.colcon_core.shell:Creating environment descriptor '/home/innovation/dev_ws/install/my_bot/share/my_bot/hook/cmake_prefix_path.dsv'
[1.459s] INFO:colcon.colcon_core.shell:Creating environment hook '/home/innovation/dev_ws/install/my_bot/share/my_bot/hook/cmake_prefix_path.sh'
[1.460s] Level 1:colcon.colcon_core.environment:checking '/home/innovation/dev_ws/install/my_bot/bin'
[1.460s] Level 1:colcon.colcon_core.environment:checking '/home/innovation/dev_ws/install/my_bot/lib/pkgconfig/my_bot.pc'
[1.461s] Level 1:colcon.colcon_core.environment:checking '/home/innovation/dev_ws/install/my_bot/lib/python3.12/site-packages'
[1.461s] Level 1:colcon.colcon_core.environment:checking '/home/innovation/dev_ws/install/my_bot/bin'
[1.462s] INFO:colcon.colcon_core.shell:Creating package descriptor '/home/innovation/dev_ws/install/my_bot/share/my_bot/package.dsv'
[1.463s] INFO:colcon.colcon_core.shell:Creating package script '/home/innovation/dev_ws/install/my_bot/share/my_bot/package.sh'
[1.464s] INFO:colcon.colcon_core.shell:Creating package script '/home/innovation/dev_ws/install/my_bot/share/my_bot/package.bash'
[1.464s] INFO:colcon.colcon_core.shell:Creating package script '/home/innovation/dev_ws/install/my_bot/share/my_bot/package.zsh'
[1.465s] Level 1:colcon.colcon_core.environment:create_file_with_runtime_dependencies(/home/innovation/dev_ws/install/my_bot/share/colcon-core/packages/my_bot)
[1.473s] DEBUG:colcon.colcon_core.event_handler.log_command:Invoked command in '/home/innovation/dev_ws/build/ros2_mpu6050' returned '0': CMAKE_PREFIX_PATH=${CMAKE_PREFIX_PATH}:/home/innovation/dev_ws/install/mlx90640_thermal:/home/innovation/dev_ws/install/leg_odometry:/opt/ros/jazzy DEBUGINFOD_URLS=https://debuginfod.ubuntu.com /usr/bin/cmake --build /home/innovation/dev_ws/build/ros2_mpu6050 -- -j4 -l4
[1.481s] DEBUG:colcon.colcon_core.event_handler.log_command:Invoking command in '/home/innovation/dev_ws/build/ros2_mpu6050': CMAKE_PREFIX_PATH=${CMAKE_PREFIX_PATH}:/home/innovation/dev_ws/install/mlx90640_thermal:/home/innovation/dev_ws/install/leg_odometry:/opt/ros/jazzy DEBUGINFOD_URLS=https://debuginfod.ubuntu.com /usr/bin/cmake --install /home/innovation/dev_ws/build/ros2_mpu6050
[1.545s] Level 1:colcon.colcon_core.environment:create_environment_scripts_only(ros2_mpu6050)
[1.545s] Level 1:colcon.colcon_core.environment:checking '/home/innovation/dev_ws/install/ros2_mpu6050' for CMake module files
[1.546s] DEBUG:colcon.colcon_core.event_handler.log_command:Invoked command in '/home/innovation/dev_ws/build/ros2_mpu6050' returned '0': CMAKE_PREFIX_PATH=${CMAKE_PREFIX_PATH}:/home/innovation/dev_ws/install/mlx90640_thermal:/home/innovation/dev_ws/install/leg_odometry:/opt/ros/jazzy DEBUGINFOD_URLS=https://debuginfod.ubuntu.com /usr/bin/cmake --install /home/innovation/dev_ws/build/ros2_mpu6050
[1.547s] Level 1:colcon.colcon_core.environment:checking '/home/innovation/dev_ws/install/ros2_mpu6050' for CMake config files
[1.547s] Level 1:colcon.colcon_core.shell:create_environment_hook('ros2_mpu6050', 'cmake_prefix_path')
[1.547s] INFO:colcon.colcon_core.shell:Creating environment descriptor '/home/innovation/dev_ws/install/ros2_mpu6050/share/ros2_mpu6050/hook/cmake_prefix_path.dsv'
[1.548s] INFO:colcon.colcon_core.shell:Creating environment hook '/home/innovation/dev_ws/install/ros2_mpu6050/share/ros2_mpu6050/hook/cmake_prefix_path.sh'
[1.549s] Level 1:colcon.colcon_core.environment:checking '/home/innovation/dev_ws/install/ros2_mpu6050/lib'
[1.550s] Level 1:colcon.colcon_core.environment:checking '/home/innovation/dev_ws/install/ros2_mpu6050/bin'
[1.550s] Level 1:colcon.colcon_core.environment:checking '/home/innovation/dev_ws/install/ros2_mpu6050/lib/pkgconfig/ros2_mpu6050.pc'
[1.550s] Level 1:colcon.colcon_core.environment:checking '/home/innovation/dev_ws/install/ros2_mpu6050/lib/python3.12/site-packages'
[1.551s] Level 1:colcon.colcon_core.environment:checking '/home/innovation/dev_ws/install/ros2_mpu6050/bin'
[1.551s] INFO:colcon.colcon_core.shell:Creating package descriptor '/home/innovation/dev_ws/install/ros2_mpu6050/share/ros2_mpu6050/package.dsv'
[1.552s] INFO:colcon.colcon_core.shell:Creating package script '/home/innovation/dev_ws/install/ros2_mpu6050/share/ros2_mpu6050/package.sh'
[1.552s] INFO:colcon.colcon_core.shell:Creating package script '/home/innovation/dev_ws/install/ros2_mpu6050/share/ros2_mpu6050/package.bash'
[1.553s] INFO:colcon.colcon_core.shell:Creating package script '/home/innovation/dev_ws/install/ros2_mpu6050/share/ros2_mpu6050/package.zsh'
[1.554s] Level 1:colcon.colcon_core.environment:create_file_with_runtime_dependencies(/home/innovation/dev_ws/install/ros2_mpu6050/share/colcon-core/packages/ros2_mpu6050)
[1.555s] Level 1:colcon.colcon_core.environment:create_environment_scripts_only(ros2_mpu6050)
[1.555s] Level 1:colcon.colcon_core.environment:checking '/home/innovation/dev_ws/install/ros2_mpu6050' for CMake module files
[1.556s] Level 1:colcon.colcon_core.environment:checking '/home/innovation/dev_ws/install/ros2_mpu6050' for CMake config files
[1.557s] Level 1:colcon.colcon_core.shell:create_environment_hook('ros2_mpu6050', 'cmake_prefix_path')
[1.557s] INFO:colcon.colcon_core.shell:Creating environment descriptor '/home/innovation/dev_ws/install/ros2_mpu6050/share/ros2_mpu6050/hook/cmake_prefix_path.dsv'
[1.558s] INFO:colcon.colcon_core.shell:Creating environment hook '/home/innovation/dev_ws/install/ros2_mpu6050/share/ros2_mpu6050/hook/cmake_prefix_path.sh'
[1.563s] Level 1:colcon.colcon_core.environment:checking '/home/innovation/dev_ws/install/ros2_mpu6050/lib'
[1.563s] Level 1:colcon.colcon_core.environment:checking '/home/innovation/dev_ws/install/ros2_mpu6050/bin'
[1.563s] Level 1:colcon.colcon_core.environment:checking '/home/innovation/dev_ws/install/ros2_mpu6050/lib/pkgconfig/ros2_mpu6050.pc'
[1.563s] Level 1:colcon.colcon_core.environment:checking '/home/innovation/dev_ws/install/ros2_mpu6050/lib/python3.12/site-packages'
[1.564s] Level 1:colcon.colcon_core.environment:checking '/home/innovation/dev_ws/install/ros2_mpu6050/bin'
[1.564s] INFO:colcon.colcon_core.shell:Creating package descriptor '/home/innovation/dev_ws/install/ros2_mpu6050/share/ros2_mpu6050/package.dsv'
[1.565s] INFO:colcon.colcon_core.shell:Creating package script '/home/innovation/dev_ws/install/ros2_mpu6050/share/ros2_mpu6050/package.sh'
[1.566s] INFO:colcon.colcon_core.shell:Creating package script '/home/innovation/dev_ws/install/ros2_mpu6050/share/ros2_mpu6050/package.bash'
[1.567s] INFO:colcon.colcon_core.shell:Creating package script '/home/innovation/dev_ws/install/ros2_mpu6050/share/ros2_mpu6050/package.zsh'
[1.568s] Level 1:colcon.colcon_core.environment:create_file_with_runtime_dependencies(/home/innovation/dev_ws/install/ros2_mpu6050/share/colcon-core/packages/ros2_mpu6050)
[2.328s] DEBUG:colcon.colcon_core.event_handler.log_command:Invoking command in '/home/innovation/dev_ws/build/leg_odometry': DEBUGINFOD_URLS=https://debuginfod.ubuntu.com PYTHONPATH=/home/innovation/dev_ws/build/leg_odometry/prefix_override:/usr/lib/python3/dist-packages/colcon_core/task/python/colcon_distutils_commands:/home/innovation/dev_ws/install/leg_odometry/lib/python3.12/site-packages:${PYTHONPATH} /usr/bin/python3 -W ignore:setup.py install is deprecated -W ignore:easy_install command is deprecated setup.py develop --editable --build-directory /home/innovation/dev_ws/build/leg_odometry/build --no-deps symlink_data
[2.335s] DEBUG:colcon.colcon_core.event_handler.log_command:Invoking command in '/home/innovation/dev_ws/build/mlx90640_thermal': DEBUGINFOD_URLS=https://debuginfod.ubuntu.com PYTHONPATH=/home/innovation/dev_ws/build/mlx90640_thermal/prefix_override:/usr/lib/python3/dist-packages/colcon_core/task/python/colcon_distutils_commands:/home/innovation/dev_ws/install/mlx90640_thermal/lib/python3.12/site-packages:${PYTHONPATH} /usr/bin/python3 -W ignore:setup.py install is deprecated -W ignore:easy_install command is deprecated setup.py develop --editable --build-directory /home/innovation/dev_ws/build/mlx90640_thermal/build --no-deps symlink_data
[3.369s] Level 1:colcon.colcon_core.shell:create_environment_hook('leg_odometry', 'pythonpath_develop')
[3.369s] INFO:colcon.colcon_core.shell:Creating environment descriptor '/home/innovation/dev_ws/build/leg_odometry/share/leg_odometry/hook/pythonpath_develop.dsv'
[3.370s] DEBUG:colcon.colcon_core.event_handler.log_command:Invoked command in '/home/innovation/dev_ws/build/leg_odometry' returned '0': DEBUGINFOD_URLS=https://debuginfod.ubuntu.com PYTHONPATH=/home/innovation/dev_ws/build/leg_odometry/prefix_override:/usr/lib/python3/dist-packages/colcon_core/task/python/colcon_distutils_commands:/home/innovation/dev_ws/install/leg_odometry/lib/python3.12/site-packages:${PYTHONPATH} /usr/bin/python3 -W ignore:setup.py install is deprecated -W ignore:easy_install command is deprecated setup.py develop --editable --build-directory /home/innovation/dev_ws/build/leg_odometry/build --no-deps symlink_data
[3.370s] INFO:colcon.colcon_core.shell:Creating environment hook '/home/innovation/dev_ws/build/leg_odometry/share/leg_odometry/hook/pythonpath_develop.sh'
[3.371s] Level 1:colcon.colcon_core.environment:checking '/home/innovation/dev_ws/install/leg_odometry' for CMake module files
[3.372s] Level 1:colcon.colcon_core.environment:checking '/home/innovation/dev_ws/install/leg_odometry' for CMake config files
[3.373s] Level 1:colcon.colcon_core.environment:checking '/home/innovation/dev_ws/install/leg_odometry/lib'
[3.373s] Level 1:colcon.colcon_core.environment:checking '/home/innovation/dev_ws/install/leg_odometry/bin'
[3.373s] Level 1:colcon.colcon_core.environment:checking '/home/innovation/dev_ws/install/leg_odometry/lib/pkgconfig/leg_odometry.pc'
[3.373s] Level 1:colcon.colcon_core.environment:checking '/home/innovation/dev_ws/install/leg_odometry/lib/python3.12/site-packages'
[3.373s] Level 1:colcon.colcon_core.shell:create_environment_hook('leg_odometry', 'pythonpath')
[3.373s] INFO:colcon.colcon_core.shell:Creating environment descriptor '/home/innovation/dev_ws/install/leg_odometry/share/leg_odometry/hook/pythonpath.dsv'
[3.374s] INFO:colcon.colcon_core.shell:Creating environment hook '/home/innovation/dev_ws/install/leg_odometry/share/leg_odometry/hook/pythonpath.sh'
[3.375s] Level 1:colcon.colcon_core.environment:checking '/home/innovation/dev_ws/install/leg_odometry/bin'
[3.375s] Level 1:colcon.colcon_core.environment:create_environment_scripts_only(leg_odometry)
[3.376s] INFO:colcon.colcon_core.shell:Creating package descriptor '/home/innovation/dev_ws/install/leg_odometry/share/leg_odometry/package.dsv'
[3.376s] INFO:colcon.colcon_core.shell:Creating package script '/home/innovation/dev_ws/install/leg_odometry/share/leg_odometry/package.sh'
[3.377s] INFO:colcon.colcon_core.shell:Creating package script '/home/innovation/dev_ws/install/leg_odometry/share/leg_odometry/package.bash'
[3.378s] INFO:colcon.colcon_core.shell:Creating package script '/home/innovation/dev_ws/install/leg_odometry/share/leg_odometry/package.zsh'
[3.379s] Level 1:colcon.colcon_core.environment:create_file_with_runtime_dependencies(/home/innovation/dev_ws/install/leg_odometry/share/colcon-core/packages/leg_odometry)
[3.381s] Level 1:colcon.colcon_core.shell:create_environment_hook('mlx90640_thermal', 'pythonpath_develop')
[3.383s] INFO:colcon.colcon_core.shell:Creating environment descriptor '/home/innovation/dev_ws/build/mlx90640_thermal/share/mlx90640_thermal/hook/pythonpath_develop.dsv'
[3.384s] DEBUG:colcon.colcon_core.event_handler.log_command:Invoked command in '/home/innovation/dev_ws/build/mlx90640_thermal' returned '0': DEBUGINFOD_URLS=https://debuginfod.ubuntu.com PYTHONPATH=/home/innovation/dev_ws/build/mlx90640_thermal/prefix_override:/usr/lib/python3/dist-packages/colcon_core/task/python/colcon_distutils_commands:/home/innovation/dev_ws/install/mlx90640_thermal/lib/python3.12/site-packages:${PYTHONPATH} /usr/bin/python3 -W ignore:setup.py install is deprecated -W ignore:easy_install command is deprecated setup.py develop --editable --build-directory /home/innovation/dev_ws/build/mlx90640_thermal/build --no-deps symlink_data
[3.386s] INFO:colcon.colcon_core.shell:Creating environment hook '/home/innovation/dev_ws/build/mlx90640_thermal/share/mlx90640_thermal/hook/pythonpath_develop.sh'
[3.388s] Level 1:colcon.colcon_core.environment:checking '/home/innovation/dev_ws/install/mlx90640_thermal' for CMake module files
[3.389s] Level 1:colcon.colcon_core.environment:checking '/home/innovation/dev_ws/install/mlx90640_thermal' for CMake config files
[3.392s] Level 1:colcon.colcon_core.environment:checking '/home/innovation/dev_ws/install/mlx90640_thermal/lib'
[3.392s] Level 1:colcon.colcon_core.environment:checking '/home/innovation/dev_ws/install/mlx90640_thermal/bin'
[3.392s] Level 1:colcon.colcon_core.environment:checking '/home/innovation/dev_ws/install/mlx90640_thermal/lib/pkgconfig/mlx90640_thermal.pc'
[3.393s] Level 1:colcon.colcon_core.environment:checking '/home/innovation/dev_ws/install/mlx90640_thermal/lib/python3.12/site-packages'
[3.393s] Level 1:colcon.colcon_core.shell:create_environment_hook('mlx90640_thermal', 'pythonpath')
[3.394s] INFO:colcon.colcon_core.shell:Creating environment descriptor '/home/innovation/dev_ws/install/mlx90640_thermal/share/mlx90640_thermal/hook/pythonpath.dsv'
[3.396s] INFO:colcon.colcon_core.shell:Creating environment hook '/home/innovation/dev_ws/install/mlx90640_thermal/share/mlx90640_thermal/hook/pythonpath.sh'
[3.397s] Level 1:colcon.colcon_core.environment:checking '/home/innovation/dev_ws/install/mlx90640_thermal/bin'
[3.398s] Level 1:colcon.colcon_core.environment:create_environment_scripts_only(mlx90640_thermal)
[3.398s] INFO:colcon.colcon_core.shell:Creating package descriptor '/home/innovation/dev_ws/install/mlx90640_thermal/share/mlx90640_thermal/package.dsv'
[3.399s] INFO:colcon.colcon_core.shell:Creating package script '/home/innovation/dev_ws/install/mlx90640_thermal/share/mlx90640_thermal/package.sh'
[3.400s] INFO:colcon.colcon_core.shell:Creating package script '/home/innovation/dev_ws/install/mlx90640_thermal/share/mlx90640_thermal/package.bash'
[3.401s] INFO:colcon.colcon_core.shell:Creating package script '/home/innovation/dev_ws/install/mlx90640_thermal/share/mlx90640_thermal/package.zsh'
[3.402s] Level 1:colcon.colcon_core.environment:create_file_with_runtime_dependencies(/home/innovation/dev_ws/install/mlx90640_thermal/share/colcon-core/packages/mlx90640_thermal)
[3.403s] DEBUG:colcon.colcon_parallel_executor.executor.parallel:closing loop
[3.404s] DEBUG:colcon.colcon_parallel_executor.executor.parallel:loop closed
[3.404s] DEBUG:colcon.colcon_parallel_executor.executor.parallel:run_until_complete finished with '0'
[3.404s] DEBUG:colcon.colcon_core.event_reactor:joining thread
[3.412s] INFO:colcon.colcon_core.plugin_system:Skipping extension 'colcon_notification.desktop_notification.terminal_notifier': Not used on non-Darwin systems
[3.412s] INFO:colcon.colcon_core.plugin_system:Skipping extension 'colcon_notification.desktop_notification.win32': Not used on non-Windows systems
[3.413s] INFO:colcon.colcon_notification.desktop_notification:Sending desktop notification using 'notify2'
[3.441s] DEBUG:colcon.colcon_core.event_reactor:joined thread
[3.443s] INFO:colcon.colcon_core.shell:Creating prefix script '/home/innovation/dev_ws/install/local_setup.sh'
[3.444s] INFO:colcon.colcon_core.shell:Creating prefix util module '/home/innovation/dev_ws/install/_local_setup_util_sh.py'
[3.446s] INFO:colcon.colcon_core.shell:Creating prefix chain script '/home/innovation/dev_ws/install/setup.sh'
[3.448s] INFO:colcon.colcon_core.shell:Creating prefix script '/home/innovation/dev_ws/install/local_setup.bash'
[3.452s] INFO:colcon.colcon_core.shell:Creating prefix chain script '/home/innovation/dev_ws/install/setup.bash'
[3.454s] INFO:colcon.colcon_core.shell:Creating prefix script '/home/innovation/dev_ws/install/local_setup.zsh'
[3.455s] INFO:colcon.colcon_core.shell:Creating prefix chain script '/home/innovation/dev_ws/install/setup.zsh'
