-- The C compiler identification is GNU 13.3.0
-- The CXX compiler identification is GNU 13.3.0
-- Detecting C compiler ABI info
-- Detecting C compiler ABI info - done
-- Check for working C compiler: /usr/bin/cc - skipped
-- Detecting C compile features
-- Detecting C compile features - done
-- Detecting CXX compiler ABI info
-- Detecting CXX compiler ABI info - done
-- Check for working CXX compiler: /usr/bin/c++ - skipped
-- Detecting CXX compile features
-- Detecting CXX compile features - done
-- Found ament_cmake: 2.5.4 (/opt/ros/jazzy/share/ament_cmake/cmake)
-- Found Python3: /usr/bin/python3 (found version "3.12.3") found components: Interpreter 
-- Override CMake install command with custom implementation using symlinks instead of copying resources
-- Found xacro: 2.0.13 (/opt/ros/jazzy/share/xacro/cmake)
-- Configuring done (1.8s)
-- Generating done (0.0s)
-- Build files have been written to: /home/innovation/dev_ws/build/rhex_description
-- Install configuration: ""
-- Execute custom install script
-- Symlinking: /home/innovation/dev_ws/install/rhex_description/share/ament_index/resource_index/package_run_dependencies/rhex_description
-- Symlinking: /home/innovation/dev_ws/install/rhex_description/share/ament_index/resource_index/parent_prefix_path/rhex_description
-- Symlinking: /home/innovation/dev_ws/install/rhex_description/share/rhex_description/environment/ament_prefix_path.sh
-- Symlinking: /home/innovation/dev_ws/install/rhex_description/share/rhex_description/environment/ament_prefix_path.dsv
-- Symlinking: /home/innovation/dev_ws/install/rhex_description/share/rhex_description/environment/path.sh
-- Symlinking: /home/innovation/dev_ws/install/rhex_description/share/rhex_description/environment/path.dsv
-- Symlinking: /home/innovation/dev_ws/install/rhex_description/share/rhex_description/local_setup.bash
-- Symlinking: /home/innovation/dev_ws/install/rhex_description/share/rhex_description/local_setup.sh
-- Symlinking: /home/innovation/dev_ws/install/rhex_description/share/rhex_description/local_setup.zsh
-- Symlinking: /home/innovation/dev_ws/install/rhex_description/share/rhex_description/local_setup.dsv
-- Symlinking: /home/innovation/dev_ws/install/rhex_description/share/rhex_description/package.dsv
-- Symlinking: /home/innovation/dev_ws/install/rhex_description/share/ament_index/resource_index/packages/rhex_description
-- Symlinking: /home/innovation/dev_ws/install/rhex_description/share/rhex_description/cmake/rhex_descriptionConfig.cmake
-- Symlinking: /home/innovation/dev_ws/install/rhex_description/share/rhex_description/cmake/rhex_descriptionConfig-version.cmake
-- Symlinking: /home/innovation/dev_ws/install/rhex_description/share/rhex_description/package.xml
-- Installing: /home/innovation/dev_ws/install/rhex_description/share/rhex_description/urdf
-- Installing: /home/innovation/dev_ws/install/rhex_description/share/rhex_description/urdf/rhex.control.xacro
-- Installing: /home/innovation/dev_ws/install/rhex_description/share/rhex_description/urdf/rhex.trans
-- Installing: /home/innovation/dev_ws/install/rhex_description/share/rhex_description/urdf/rhex.gazebo
-- Installing: /home/innovation/dev_ws/install/rhex_description/share/rhex_description/urdf/materials.xacro
-- Installing: /home/innovation/dev_ws/install/rhex_description/share/rhex_description/urdf/rhex.xacro
-- Installing: /home/innovation/dev_ws/install/rhex_description/share/rhex_description/urdf/macros.xacro
-- Installing: /home/innovation/dev_ws/install/rhex_description/share/rhex_description/urdf/joints_interfaces.xacro
-- Installing: /home/innovation/dev_ws/install/rhex_description/share/rhex_description/meshes
-- Installing: /home/innovation/dev_ws/install/rhex_description/share/rhex_description/meshes/Chassis.stl
-- Installing: /home/innovation/dev_ws/install/rhex_description/share/rhex_description/meshes/thermal_camera.stl
-- Installing: /home/innovation/dev_ws/install/rhex_description/share/rhex_description/meshes/left_leg.stl
-- Installing: /home/innovation/dev_ws/install/rhex_description/share/rhex_description/meshes/lidar.stl
-- Installing: /home/innovation/dev_ws/install/rhex_description/share/rhex_description/meshes/stereo_camera.stl
-- Installing: /home/innovation/dev_ws/install/rhex_description/share/rhex_description/meshes/right_leg.stl
