[0.022s] Invoking command in '/home/innovation/dev_ws/build/rhex_control': CMAKE_PREFIX_PATH=${CMAKE_PREFIX_PATH}:/opt/ros/jazzy DEBUGINFOD_URLS=https://debuginfod.ubuntu.com /usr/bin/cmake --build /home/innovation/dev_ws/build/rhex_control -- -j4 -l4
[0.130s] Invoked command in '/home/innovation/dev_ws/build/rhex_control' returned '0': CMAKE_PREFIX_PATH=${CMAKE_PREFIX_PATH}:/opt/ros/jazzy DEBUGINFOD_URLS=https://debuginfod.ubuntu.com /usr/bin/cmake --build /home/innovation/dev_ws/build/rhex_control -- -j4 -l4
[0.131s] Invoking command in '/home/innovation/dev_ws/build/rhex_control': CMAKE_PREFIX_PATH=${CMAKE_PREFIX_PATH}:/opt/ros/jazzy DEBUGINFOD_URLS=https://debuginfod.ubuntu.com /usr/bin/cmake --install /home/innovation/dev_ws/build/rhex_control
[0.152s] -- Install configuration: ""
[0.153s] -- Execute custom install script
[0.153s] -- Up-to-date symlink: /home/innovation/dev_ws/install/rhex_control/lib/rhex_control/rhex_gait.py
[0.153s] -- Up-to-date symlink: /home/innovation/dev_ws/install/rhex_control/lib/rhex_control/cmd_vel_publisher.py
[0.154s] -- Up-to-date symlink: /home/innovation/dev_ws/install/rhex_control/share/rhex_control/config/rhex_controllers.yaml
[0.155s] -- Up-to-date symlink: /home/innovation/dev_ws/install/rhex_control/share/rhex_control/launch/controller.launch.py
[0.155s] -- Up-to-date symlink: /home/innovation/dev_ws/install/rhex_control/share/ament_index/resource_index/package_run_dependencies/rhex_control
[0.155s] -- Up-to-date symlink: /home/innovation/dev_ws/install/rhex_control/share/ament_index/resource_index/parent_prefix_path/rhex_control
[0.156s] -- Up-to-date symlink: /home/innovation/dev_ws/install/rhex_control/share/rhex_control/environment/ament_prefix_path.sh
[0.156s] -- Up-to-date symlink: /home/innovation/dev_ws/install/rhex_control/share/rhex_control/environment/ament_prefix_path.dsv
[0.157s] -- Up-to-date symlink: /home/innovation/dev_ws/install/rhex_control/share/rhex_control/environment/path.sh
[0.157s] -- Up-to-date symlink: /home/innovation/dev_ws/install/rhex_control/share/rhex_control/environment/path.dsv
[0.157s] -- Up-to-date symlink: /home/innovation/dev_ws/install/rhex_control/share/rhex_control/local_setup.bash
[0.158s] -- Up-to-date symlink: /home/innovation/dev_ws/install/rhex_control/share/rhex_control/local_setup.sh
[0.158s] -- Up-to-date symlink: /home/innovation/dev_ws/install/rhex_control/share/rhex_control/local_setup.zsh
[0.158s] -- Up-to-date symlink: /home/innovation/dev_ws/install/rhex_control/share/rhex_control/local_setup.dsv
[0.160s] -- Symlinking: /home/innovation/dev_ws/install/rhex_control/share/rhex_control/package.dsv
[0.183s] -- Up-to-date symlink: /home/innovation/dev_ws/install/rhex_control/share/ament_index/resource_index/packages/rhex_control
[0.183s] -- Up-to-date symlink: /home/innovation/dev_ws/install/rhex_control/share/rhex_control/cmake/rhex_controlConfig.cmake
[0.184s] -- Up-to-date symlink: /home/innovation/dev_ws/install/rhex_control/share/rhex_control/cmake/rhex_controlConfig-version.cmake
[0.184s] -- Up-to-date symlink: /home/innovation/dev_ws/install/rhex_control/share/rhex_control/package.xml
[0.194s] Invoked command in '/home/innovation/dev_ws/build/rhex_control' returned '0': CMAKE_PREFIX_PATH=${CMAKE_PREFIX_PATH}:/opt/ros/jazzy DEBUGINFOD_URLS=https://debuginfod.ubuntu.com /usr/bin/cmake --install /home/innovation/dev_ws/build/rhex_control
