[0.949s] Invoking command in '/home/innovation/dev_ws/build/my_bot': CMAKE_PREFIX_PATH=${CMAKE_PREFIX_PATH}:/opt/ros/jazzy DEBUGINFOD_URLS=https://debuginfod.ubuntu.com /usr/bin/cmake --build /home/innovation/dev_ws/build/my_bot -- -j4 -l4
[1.055s] Invoked command in '/home/innovation/dev_ws/build/my_bot' returned '0': CMAKE_PREFIX_PATH=${CMAKE_PREFIX_PATH}:/opt/ros/jazzy DEBUGINFOD_URLS=https://debuginfod.ubuntu.com /usr/bin/cmake --build /home/innovation/dev_ws/build/my_bot -- -j4 -l4
[1.090s] Invoking command in '/home/innovation/dev_ws/build/my_bot': CMAKE_PREFIX_PATH=${CMAKE_PREFIX_PATH}:/opt/ros/jazzy DEBUGINFOD_URLS=https://debuginfod.ubuntu.com /usr/bin/cmake --install /home/innovation/dev_ws/build/my_bot
[1.116s] -- Install configuration: ""
[1.116s] -- Execute custom install script
[1.118s] -- Up-to-date symlink: /home/innovation/dev_ws/install/my_bot/share/my_bot/config/ekf.yaml
[1.119s] -- Up-to-date symlink: /home/innovation/dev_ws/install/my_bot/share/my_bot/config/empty.yaml
[1.120s] -- Up-to-date symlink: /home/innovation/dev_ws/install/my_bot/share/my_bot/config/madgwick_params.yaml
[1.120s] -- Up-to-date symlink: /home/innovation/dev_ws/install/my_bot/share/my_bot/config/my_slam_params.yaml
[1.120s] -- Up-to-date symlink: /home/innovation/dev_ws/install/my_bot/share/my_bot/config/nav2_params.yaml
[1.122s] -- Up-to-date symlink: /home/innovation/dev_ws/install/my_bot/share/my_bot/config/view_bot.rviz
[1.122s] -- Up-to-date symlink: /home/innovation/dev_ws/install/my_bot/share/my_bot/description/meshes/chassis.stl
[1.123s] -- Up-to-date symlink: /home/innovation/dev_ws/install/my_bot/share/my_bot/description/meshes/left_leg.stl
[1.123s] -- Up-to-date symlink: /home/innovation/dev_ws/install/my_bot/share/my_bot/description/meshes/lidar.stl
[1.124s] -- Up-to-date symlink: /home/innovation/dev_ws/install/my_bot/share/my_bot/description/meshes/right_leg.stl
[1.124s] -- Up-to-date symlink: /home/innovation/dev_ws/install/my_bot/share/my_bot/description/meshes/stereo_camera.stl
[1.125s] -- Up-to-date symlink: /home/innovation/dev_ws/install/my_bot/share/my_bot/description/meshes/thermal_camera.stl
[1.125s] -- Up-to-date symlink: /home/innovation/dev_ws/install/my_bot/share/my_bot/description/xacro/rhex.urdf.xacro
[1.127s] -- Up-to-date symlink: /home/innovation/dev_ws/install/my_bot/share/my_bot/launch/custom_navigation_launch.py
[1.127s] -- Up-to-date symlink: /home/innovation/dev_ws/install/my_bot/share/my_bot/launch/display.launch.py
[1.128s] -- Up-to-date symlink: /home/innovation/dev_ws/install/my_bot/share/my_bot/launch/slam.launch.py
[1.130s] -- Up-to-date symlink: /home/innovation/dev_ws/install/my_bot/share/my_bot/worlds/empty.world
[1.130s] -- Up-to-date symlink: /home/innovation/dev_ws/install/my_bot/share/ament_index/resource_index/package_run_dependencies/my_bot
[1.131s] -- Up-to-date symlink: /home/innovation/dev_ws/install/my_bot/share/ament_index/resource_index/parent_prefix_path/my_bot
[1.131s] -- Up-to-date symlink: /home/innovation/dev_ws/install/my_bot/share/my_bot/environment/ament_prefix_path.sh
[1.131s] -- Up-to-date symlink: /home/innovation/dev_ws/install/my_bot/share/my_bot/environment/ament_prefix_path.dsv
[1.131s] -- Up-to-date symlink: /home/innovation/dev_ws/install/my_bot/share/my_bot/environment/path.sh
[1.132s] -- Up-to-date symlink: /home/innovation/dev_ws/install/my_bot/share/my_bot/environment/path.dsv
[1.132s] -- Up-to-date symlink: /home/innovation/dev_ws/install/my_bot/share/my_bot/local_setup.bash
[1.133s] -- Up-to-date symlink: /home/innovation/dev_ws/install/my_bot/share/my_bot/local_setup.sh
[1.133s] -- Up-to-date symlink: /home/innovation/dev_ws/install/my_bot/share/my_bot/local_setup.zsh
[1.134s] -- Up-to-date symlink: /home/innovation/dev_ws/install/my_bot/share/my_bot/local_setup.dsv
[1.135s] -- Symlinking: /home/innovation/dev_ws/install/my_bot/share/my_bot/package.dsv
[1.165s] -- Up-to-date symlink: /home/innovation/dev_ws/install/my_bot/share/ament_index/resource_index/packages/my_bot
[1.165s] -- Up-to-date symlink: /home/innovation/dev_ws/install/my_bot/share/my_bot/cmake/my_botConfig.cmake
[1.165s] -- Up-to-date symlink: /home/innovation/dev_ws/install/my_bot/share/my_bot/cmake/my_botConfig-version.cmake
[1.165s] -- Up-to-date symlink: /home/innovation/dev_ws/install/my_bot/share/my_bot/package.xml
[1.166s] -- Up-to-date: /home/innovation/dev_ws/install/my_bot/lib/my_bot/marker_goal_sender.py
[1.169s] Invoked command in '/home/innovation/dev_ws/build/my_bot' returned '0': CMAKE_PREFIX_PATH=${CMAKE_PREFIX_PATH}:/opt/ros/jazzy DEBUGINFOD_URLS=https://debuginfod.ubuntu.com /usr/bin/cmake --install /home/innovation/dev_ws/build/my_bot
