[0.947s] Invoking command in '/home/innovation/dev_ws/build/my_bot': CMAKE_PREFIX_PATH=${CMAKE_PREFIX_PATH}:/opt/ros/jazzy DEBUGINFOD_URLS=https://debuginfod.ubuntu.com /usr/bin/cmake --build /home/innovation/dev_ws/build/my_bot -- -j4 -l4
[1.095s] Invoked command in '/home/innovation/dev_ws/build/my_bot' returned '0': CMAKE_PREFIX_PATH=${CMAKE_PREFIX_PATH}:/opt/ros/jazzy DEBUGINFOD_URLS=https://debuginfod.ubuntu.com /usr/bin/cmake --build /home/innovation/dev_ws/build/my_bot -- -j4 -l4
[1.140s] Invoking command in '/home/innovation/dev_ws/build/my_bot': CMAKE_PREFIX_PATH=${CMAKE_PREFIX_PATH}:/opt/ros/jazzy DEBUGINFOD_URLS=https://debuginfod.ubuntu.com /usr/bin/cmake --install /home/innovation/dev_ws/build/my_bot
[1.182s] -- Install configuration: ""
[1.187s] -- Execute custom install script
[1.189s] -- Up-to-date symlink: /home/innovation/dev_ws/install/my_bot/share/my_bot/config/ekf.yaml
[1.195s] -- Up-to-date symlink: /home/innovation/dev_ws/install/my_bot/share/my_bot/config/empty.yaml
[1.196s] -- Up-to-date symlink: /home/innovation/dev_ws/install/my_bot/share/my_bot/config/madgwick_params.yaml
[1.196s] -- Up-to-date symlink: /home/innovation/dev_ws/install/my_bot/share/my_bot/config/my_slam_params.yaml
[1.197s] -- Up-to-date symlink: /home/innovation/dev_ws/install/my_bot/share/my_bot/config/nav2_params.yaml
[1.206s] -- Up-to-date symlink: /home/innovation/dev_ws/install/my_bot/share/my_bot/config/view_bot.rviz
[1.206s] -- Up-to-date symlink: /home/innovation/dev_ws/install/my_bot/share/my_bot/description/meshes/chassis.stl
[1.207s] -- Up-to-date symlink: /home/innovation/dev_ws/install/my_bot/share/my_bot/description/meshes/left_leg.stl
[1.207s] -- Up-to-date symlink: /home/innovation/dev_ws/install/my_bot/share/my_bot/description/meshes/lidar.stl
[1.207s] -- Up-to-date symlink: /home/innovation/dev_ws/install/my_bot/share/my_bot/description/meshes/right_leg.stl
[1.207s] -- Up-to-date symlink: /home/innovation/dev_ws/install/my_bot/share/my_bot/description/meshes/stereo_camera.stl
[1.207s] -- Up-to-date symlink: /home/innovation/dev_ws/install/my_bot/share/my_bot/description/meshes/thermal_camera.stl
[1.207s] -- Up-to-date symlink: /home/innovation/dev_ws/install/my_bot/share/my_bot/description/xacro/rhex.urdf.xacro
[1.214s] -- Up-to-date symlink: /home/innovation/dev_ws/install/my_bot/share/my_bot/launch/custom_navigation_launch.py
[1.214s] -- Up-to-date symlink: /home/innovation/dev_ws/install/my_bot/share/my_bot/launch/display.launch.py
[1.215s] -- Up-to-date symlink: /home/innovation/dev_ws/install/my_bot/share/my_bot/launch/slam.launch.py
[1.217s] -- Up-to-date symlink: /home/innovation/dev_ws/install/my_bot/share/my_bot/worlds/empty.world
[1.218s] -- Up-to-date symlink: /home/innovation/dev_ws/install/my_bot/share/ament_index/resource_index/package_run_dependencies/my_bot
[1.218s] -- Up-to-date symlink: /home/innovation/dev_ws/install/my_bot/share/ament_index/resource_index/parent_prefix_path/my_bot
[1.218s] -- Up-to-date symlink: /home/innovation/dev_ws/install/my_bot/share/my_bot/environment/ament_prefix_path.sh
[1.219s] -- Up-to-date symlink: /home/innovation/dev_ws/install/my_bot/share/my_bot/environment/ament_prefix_path.dsv
[1.222s] -- Up-to-date symlink: /home/innovation/dev_ws/install/my_bot/share/my_bot/environment/path.sh
[1.224s] -- Up-to-date symlink: /home/innovation/dev_ws/install/my_bot/share/my_bot/environment/path.dsv
[1.225s] -- Up-to-date symlink: /home/innovation/dev_ws/install/my_bot/share/my_bot/local_setup.bash
[1.225s] -- Up-to-date symlink: /home/innovation/dev_ws/install/my_bot/share/my_bot/local_setup.sh
[1.225s] -- Up-to-date symlink: /home/innovation/dev_ws/install/my_bot/share/my_bot/local_setup.zsh
[1.225s] -- Up-to-date symlink: /home/innovation/dev_ws/install/my_bot/share/my_bot/local_setup.dsv
[1.225s] -- Symlinking: /home/innovation/dev_ws/install/my_bot/share/my_bot/package.dsv
[1.277s] -- Up-to-date symlink: /home/innovation/dev_ws/install/my_bot/share/ament_index/resource_index/packages/my_bot
[1.278s] -- Up-to-date symlink: /home/innovation/dev_ws/install/my_bot/share/my_bot/cmake/my_botConfig.cmake
[1.278s] -- Up-to-date symlink: /home/innovation/dev_ws/install/my_bot/share/my_bot/cmake/my_botConfig-version.cmake
[1.278s] -- Up-to-date symlink: /home/innovation/dev_ws/install/my_bot/share/my_bot/package.xml
[1.278s] -- Up-to-date: /home/innovation/dev_ws/install/my_bot/lib/my_bot/marker_goal_sender.py
[1.287s] Invoked command in '/home/innovation/dev_ws/build/my_bot' returned '0': CMAKE_PREFIX_PATH=${CMAKE_PREFIX_PATH}:/opt/ros/jazzy DEBUGINFOD_URLS=https://debuginfod.ubuntu.com /usr/bin/cmake --install /home/innovation/dev_ws/build/my_bot
