[0.712s] Invoking command in '/home/innovation/dev_ws/build/my_bot': CMAKE_PREFIX_PATH=${CMAKE_PREFIX_PATH}:/opt/ros/jazzy DEBUGINFOD_URLS=https://debuginfod.ubuntu.com /usr/bin/cmake --build /home/innovation/dev_ws/build/my_bot -- -j4 -l4
[1.067s] Invoked command in '/home/innovation/dev_ws/build/my_bot' returned '0': CMAKE_PREFIX_PATH=${CMAKE_PREFIX_PATH}:/opt/ros/jazzy DEBUGINFOD_URLS=https://debuginfod.ubuntu.com /usr/bin/cmake --build /home/innovation/dev_ws/build/my_bot -- -j4 -l4
[1.108s] Invoking command in '/home/innovation/dev_ws/build/my_bot': CMAKE_PREFIX_PATH=${CMAKE_PREFIX_PATH}:/opt/ros/jazzy DEBUGINFOD_URLS=https://debuginfod.ubuntu.com /usr/bin/cmake --install /home/innovation/dev_ws/build/my_bot
[1.129s] -- Install configuration: ""
[1.131s] -- Execute custom install script
[1.156s] -- Up-to-date symlink: /home/innovation/dev_ws/install/my_bot/share/my_bot/config/ekf.yaml
[1.157s] -- Up-to-date symlink: /home/innovation/dev_ws/install/my_bot/share/my_bot/config/empty.yaml
[1.158s] -- Up-to-date symlink: /home/innovation/dev_ws/install/my_bot/share/my_bot/config/madgwick_params.yaml
[1.160s] -- Up-to-date symlink: /home/innovation/dev_ws/install/my_bot/share/my_bot/config/my_slam_params.yaml
[1.160s] -- Up-to-date symlink: /home/innovation/dev_ws/install/my_bot/share/my_bot/config/nav2_params.yaml
[1.160s] -- Up-to-date symlink: /home/innovation/dev_ws/install/my_bot/share/my_bot/config/view_bot.rviz
[1.169s] -- Up-to-date symlink: /home/innovation/dev_ws/install/my_bot/share/my_bot/description/meshes/chassis.stl
[1.172s] -- Up-to-date symlink: /home/innovation/dev_ws/install/my_bot/share/my_bot/description/meshes/left_leg.stl
[1.173s] -- Up-to-date symlink: /home/innovation/dev_ws/install/my_bot/share/my_bot/description/meshes/lidar.stl
[1.176s] -- Up-to-date symlink: /home/innovation/dev_ws/install/my_bot/share/my_bot/description/meshes/right_leg.stl
[1.176s] -- Up-to-date symlink: /home/innovation/dev_ws/install/my_bot/share/my_bot/description/meshes/stereo_camera.stl
[1.180s] -- Up-to-date symlink: /home/innovation/dev_ws/install/my_bot/share/my_bot/description/meshes/thermal_camera.stl
[1.183s] -- Up-to-date symlink: /home/innovation/dev_ws/install/my_bot/share/my_bot/description/xacro/rhex.urdf.xacro
[1.196s] -- Up-to-date symlink: /home/innovation/dev_ws/install/my_bot/share/my_bot/launch/custom_navigation_launch.py
[1.196s] -- Up-to-date symlink: /home/innovation/dev_ws/install/my_bot/share/my_bot/launch/display.launch.py
[1.196s] -- Up-to-date symlink: /home/innovation/dev_ws/install/my_bot/share/my_bot/launch/slam.launch.py
[1.199s] -- Up-to-date symlink: /home/innovation/dev_ws/install/my_bot/share/my_bot/worlds/empty.world
[1.207s] -- Up-to-date symlink: /home/innovation/dev_ws/install/my_bot/share/ament_index/resource_index/package_run_dependencies/my_bot
[1.215s] -- Up-to-date symlink: /home/innovation/dev_ws/install/my_bot/share/ament_index/resource_index/parent_prefix_path/my_bot
[1.220s] -- Up-to-date symlink: /home/innovation/dev_ws/install/my_bot/share/my_bot/environment/ament_prefix_path.sh
[1.221s] -- Up-to-date symlink: /home/innovation/dev_ws/install/my_bot/share/my_bot/environment/ament_prefix_path.dsv
[1.223s] -- Up-to-date symlink: /home/innovation/dev_ws/install/my_bot/share/my_bot/environment/path.sh
[1.225s] -- Up-to-date symlink: /home/innovation/dev_ws/install/my_bot/share/my_bot/environment/path.dsv
[1.229s] -- Up-to-date symlink: /home/innovation/dev_ws/install/my_bot/share/my_bot/local_setup.bash
[1.231s] -- Up-to-date symlink: /home/innovation/dev_ws/install/my_bot/share/my_bot/local_setup.sh
[1.232s] -- Up-to-date symlink: /home/innovation/dev_ws/install/my_bot/share/my_bot/local_setup.zsh
[1.235s] -- Up-to-date symlink: /home/innovation/dev_ws/install/my_bot/share/my_bot/local_setup.dsv
[1.237s] -- Symlinking: /home/innovation/dev_ws/install/my_bot/share/my_bot/package.dsv
[1.267s] -- Up-to-date symlink: /home/innovation/dev_ws/install/my_bot/share/ament_index/resource_index/packages/my_bot
[1.270s] -- Up-to-date symlink: /home/innovation/dev_ws/install/my_bot/share/my_bot/cmake/my_botConfig.cmake
[1.271s] -- Up-to-date symlink: /home/innovation/dev_ws/install/my_bot/share/my_bot/cmake/my_botConfig-version.cmake
[1.272s] -- Up-to-date symlink: /home/innovation/dev_ws/install/my_bot/share/my_bot/package.xml
[1.276s] -- Up-to-date: /home/innovation/dev_ws/install/my_bot/lib/my_bot/marker_goal_sender.py
[1.281s] Invoked command in '/home/innovation/dev_ws/build/my_bot' returned '0': CMAKE_PREFIX_PATH=${CMAKE_PREFIX_PATH}:/opt/ros/jazzy DEBUGINFOD_URLS=https://debuginfod.ubuntu.com /usr/bin/cmake --install /home/innovation/dev_ws/build/my_bot
