[0.736s] Invoking command in '/home/innovation/dev_ws/build/ros2_mpu6050': CMAKE_PREFIX_PATH=${CMAKE_PREFIX_PATH}:/home/innovation/dev_ws/install/mlx90640_thermal:/home/innovation/dev_ws/install/leg_odometry:/opt/ros/jazzy DEBUGINFOD_URLS=https://debuginfod.ubuntu.com /usr/bin/cmake --build /home/innovation/dev_ws/build/ros2_mpu6050 -- -j4 -l4
[0.916s] [ 50%] Built target ros2_mpu6050
[0.928s] [100%] Built target ros2_mpu6050_calibrate
[0.960s] Invoked command in '/home/innovation/dev_ws/build/ros2_mpu6050' returned '0': CMAKE_PREFIX_PATH=${CMAKE_PREFIX_PATH}:/home/innovation/dev_ws/install/mlx90640_thermal:/home/innovation/dev_ws/install/leg_odometry:/opt/ros/jazzy DEBUGINFOD_URLS=https://debuginfod.ubuntu.com /usr/bin/cmake --build /home/innovation/dev_ws/build/ros2_mpu6050 -- -j4 -l4
[0.961s] Invoking command in '/home/innovation/dev_ws/build/ros2_mpu6050': CMAKE_PREFIX_PATH=${CMAKE_PREFIX_PATH}:/home/innovation/dev_ws/install/mlx90640_thermal:/home/innovation/dev_ws/install/leg_odometry:/opt/ros/jazzy DEBUGINFOD_URLS=https://debuginfod.ubuntu.com /usr/bin/cmake --install /home/innovation/dev_ws/build/ros2_mpu6050
[0.991s] -- Install configuration: ""
[0.991s] -- Execute custom install script
[0.991s] -- Up-to-date symlink: /home/innovation/dev_ws/install/ros2_mpu6050/include/include/ros2_mpu6050/mpu6050.h
[0.996s] -- Up-to-date symlink: /home/innovation/dev_ws/install/ros2_mpu6050/include/include/ros2_mpu6050/mpu6050_hal.h
[0.997s] -- Up-to-date symlink: /home/innovation/dev_ws/install/ros2_mpu6050/include/include/ros2_mpu6050/mpu6050_node.h
[0.997s] -- Up-to-date symlink: /home/innovation/dev_ws/install/ros2_mpu6050/lib/ros2_mpu6050/ros2_mpu6050
[0.997s] -- Up-to-date symlink: /home/innovation/dev_ws/install/ros2_mpu6050/lib/ros2_mpu6050/ros2_mpu6050_calibrate
[0.997s] -- Up-to-date symlink: /home/innovation/dev_ws/install/ros2_mpu6050/share/ros2_mpu6050/config/params.yaml
[0.997s] -- Up-to-date symlink: /home/innovation/dev_ws/install/ros2_mpu6050/share/ros2_mpu6050/launch/ros2_mpu6050.launch.py
[0.997s] -- Up-to-date symlink: /home/innovation/dev_ws/install/ros2_mpu6050/share/ament_index/resource_index/package_run_dependencies/ros2_mpu6050
[0.997s] -- Up-to-date symlink: /home/innovation/dev_ws/install/ros2_mpu6050/share/ament_index/resource_index/parent_prefix_path/ros2_mpu6050
[0.997s] -- Up-to-date symlink: /home/innovation/dev_ws/install/ros2_mpu6050/share/ros2_mpu6050/environment/ament_prefix_path.sh
[0.998s] -- Up-to-date symlink: /home/innovation/dev_ws/install/ros2_mpu6050/share/ros2_mpu6050/environment/ament_prefix_path.dsv
[0.998s] -- Up-to-date symlink: /home/innovation/dev_ws/install/ros2_mpu6050/share/ros2_mpu6050/environment/path.sh
[0.998s] -- Up-to-date symlink: /home/innovation/dev_ws/install/ros2_mpu6050/share/ros2_mpu6050/environment/path.dsv
[0.998s] -- Up-to-date symlink: /home/innovation/dev_ws/install/ros2_mpu6050/share/ros2_mpu6050/local_setup.bash
[0.998s] -- Up-to-date symlink: /home/innovation/dev_ws/install/ros2_mpu6050/share/ros2_mpu6050/local_setup.sh
[0.998s] -- Up-to-date symlink: /home/innovation/dev_ws/install/ros2_mpu6050/share/ros2_mpu6050/local_setup.zsh
[0.998s] -- Up-to-date symlink: /home/innovation/dev_ws/install/ros2_mpu6050/share/ros2_mpu6050/local_setup.dsv
[0.998s] -- Symlinking: /home/innovation/dev_ws/install/ros2_mpu6050/share/ros2_mpu6050/package.dsv
[1.021s] -- Up-to-date symlink: /home/innovation/dev_ws/install/ros2_mpu6050/share/ament_index/resource_index/packages/ros2_mpu6050
[1.021s] -- Up-to-date symlink: /home/innovation/dev_ws/install/ros2_mpu6050/share/ros2_mpu6050/cmake/ros2_mpu6050Config.cmake
[1.021s] -- Up-to-date symlink: /home/innovation/dev_ws/install/ros2_mpu6050/share/ros2_mpu6050/cmake/ros2_mpu6050Config-version.cmake
[1.022s] -- Up-to-date symlink: /home/innovation/dev_ws/install/ros2_mpu6050/share/ros2_mpu6050/package.xml
[1.050s] Invoked command in '/home/innovation/dev_ws/build/ros2_mpu6050' returned '0': CMAKE_PREFIX_PATH=${CMAKE_PREFIX_PATH}:/home/innovation/dev_ws/install/mlx90640_thermal:/home/innovation/dev_ws/install/leg_odometry:/opt/ros/jazzy DEBUGINFOD_URLS=https://debuginfod.ubuntu.com /usr/bin/cmake --install /home/innovation/dev_ws/build/ros2_mpu6050
