-- Found ament_cmake: 2.5.4 (/opt/ros/jazzy/share/ament_cmake/cmake)
-- Override CMake install command with custom implementation using symlinks instead of copying resources
-- Found ament_lint_auto: 0.17.2 (/opt/ros/jazzy/share/ament_lint_auto/cmake)
-- Added test 'copyright' to check source files copyright and LICENSE
-- Added test 'flake8' to check Python code syntax and style conventions
-- Configured 'flake8' exclude dirs and/or files: 
-- Added test 'lint_cmake' to check CMake code style
-- Added test 'pep257' to check Python code against some of the docstring style conventions in PEP 257
-- Added test 'xmllint' to check XML markup files
-- Configuring done (0.8s)
-- Generating done (0.0s)
-- Build files have been written to: /home/innovation/dev_ws/build/my_bot
-- Install configuration: ""
-- Execute custom install script
-- Up-to-date symlink: /home/innovation/dev_ws/install/my_bot/share/my_bot/config/ekf.yaml
-- Up-to-date symlink: /home/innovation/dev_ws/install/my_bot/share/my_bot/config/empty.yaml
-- Up-to-date symlink: /home/innovation/dev_ws/install/my_bot/share/my_bot/config/madgwick_params.yaml
-- Up-to-date symlink: /home/innovation/dev_ws/install/my_bot/share/my_bot/config/my_slam_params.yaml
-- Up-to-date symlink: /home/innovation/dev_ws/install/my_bot/share/my_bot/config/nav2_params.yaml
-- Up-to-date symlink: /home/innovation/dev_ws/install/my_bot/share/my_bot/config/view_bot.rviz
-- Up-to-date symlink: /home/innovation/dev_ws/install/my_bot/share/my_bot/description/meshes/chassis.stl
-- Up-to-date symlink: /home/innovation/dev_ws/install/my_bot/share/my_bot/description/meshes/left_leg.stl
-- Up-to-date symlink: /home/innovation/dev_ws/install/my_bot/share/my_bot/description/meshes/lidar.stl
-- Up-to-date symlink: /home/innovation/dev_ws/install/my_bot/share/my_bot/description/meshes/right_leg.stl
-- Up-to-date symlink: /home/innovation/dev_ws/install/my_bot/share/my_bot/description/meshes/stereo_camera.stl
-- Up-to-date symlink: /home/innovation/dev_ws/install/my_bot/share/my_bot/description/meshes/thermal_camera.stl
-- Up-to-date symlink: /home/innovation/dev_ws/install/my_bot/share/my_bot/description/xacro/rhex.urdf.xacro
-- Up-to-date symlink: /home/innovation/dev_ws/install/my_bot/share/my_bot/launch/custom_navigation_launch.py
-- Up-to-date symlink: /home/innovation/dev_ws/install/my_bot/share/my_bot/launch/display.launch.py
-- Up-to-date symlink: /home/innovation/dev_ws/install/my_bot/share/my_bot/launch/slam.launch.py
-- Up-to-date symlink: /home/innovation/dev_ws/install/my_bot/share/my_bot/worlds/empty.world
-- Up-to-date symlink: /home/innovation/dev_ws/install/my_bot/share/ament_index/resource_index/package_run_dependencies/my_bot
-- Up-to-date symlink: /home/innovation/dev_ws/install/my_bot/share/ament_index/resource_index/parent_prefix_path/my_bot
-- Up-to-date symlink: /home/innovation/dev_ws/install/my_bot/share/my_bot/environment/ament_prefix_path.sh
-- Up-to-date symlink: /home/innovation/dev_ws/install/my_bot/share/my_bot/environment/ament_prefix_path.dsv
-- Up-to-date symlink: /home/innovation/dev_ws/install/my_bot/share/my_bot/environment/path.sh
-- Up-to-date symlink: /home/innovation/dev_ws/install/my_bot/share/my_bot/environment/path.dsv
-- Up-to-date symlink: /home/innovation/dev_ws/install/my_bot/share/my_bot/local_setup.bash
-- Up-to-date symlink: /home/innovation/dev_ws/install/my_bot/share/my_bot/local_setup.sh
-- Up-to-date symlink: /home/innovation/dev_ws/install/my_bot/share/my_bot/local_setup.zsh
-- Up-to-date symlink: /home/innovation/dev_ws/install/my_bot/share/my_bot/local_setup.dsv
-- Symlinking: /home/innovation/dev_ws/install/my_bot/share/my_bot/package.dsv
-- Up-to-date symlink: /home/innovation/dev_ws/install/my_bot/share/ament_index/resource_index/packages/my_bot
-- Up-to-date symlink: /home/innovation/dev_ws/install/my_bot/share/my_bot/cmake/my_botConfig.cmake
-- Up-to-date symlink: /home/innovation/dev_ws/install/my_bot/share/my_bot/cmake/my_botConfig-version.cmake
-- Up-to-date symlink: /home/innovation/dev_ws/install/my_bot/share/my_bot/package.xml
-- Installing: /home/innovation/dev_ws/install/my_bot/lib/my_bot/marker_goal_sender.py
