-- Install configuration: ""
-- Execute custom install script
-- Up-to-date symlink: /home/innovation/dev_ws/install/rhex_control/lib/rhex_control/rhex_gait.py
-- Up-to-date symlink: /home/innovation/dev_ws/install/rhex_control/lib/rhex_control/cmd_vel_publisher.py
-- Up-to-date symlink: /home/innovation/dev_ws/install/rhex_control/share/rhex_control/config/rhex_controllers.yaml
-- Up-to-date symlink: /home/innovation/dev_ws/install/rhex_control/share/rhex_control/launch/controller.launch.py
-- Up-to-date symlink: /home/innovation/dev_ws/install/rhex_control/share/ament_index/resource_index/package_run_dependencies/rhex_control
-- Up-to-date symlink: /home/innovation/dev_ws/install/rhex_control/share/ament_index/resource_index/parent_prefix_path/rhex_control
-- Up-to-date symlink: /home/innovation/dev_ws/install/rhex_control/share/rhex_control/environment/ament_prefix_path.sh
-- Up-to-date symlink: /home/innovation/dev_ws/install/rhex_control/share/rhex_control/environment/ament_prefix_path.dsv
-- Up-to-date symlink: /home/innovation/dev_ws/install/rhex_control/share/rhex_control/environment/path.sh
-- Up-to-date symlink: /home/innovation/dev_ws/install/rhex_control/share/rhex_control/environment/path.dsv
-- Up-to-date symlink: /home/innovation/dev_ws/install/rhex_control/share/rhex_control/local_setup.bash
-- Up-to-date symlink: /home/innovation/dev_ws/install/rhex_control/share/rhex_control/local_setup.sh
-- Up-to-date symlink: /home/innovation/dev_ws/install/rhex_control/share/rhex_control/local_setup.zsh
-- Up-to-date symlink: /home/innovation/dev_ws/install/rhex_control/share/rhex_control/local_setup.dsv
-- Symlinking: /home/innovation/dev_ws/install/rhex_control/share/rhex_control/package.dsv
-- Up-to-date symlink: /home/innovation/dev_ws/install/rhex_control/share/ament_index/resource_index/packages/rhex_control
-- Up-to-date symlink: /home/innovation/dev_ws/install/rhex_control/share/rhex_control/cmake/rhex_controlConfig.cmake
-- Up-to-date symlink: /home/innovation/dev_ws/install/rhex_control/share/rhex_control/cmake/rhex_controlConfig-version.cmake
-- Up-to-date symlink: /home/innovation/dev_ws/install/rhex_control/share/rhex_control/package.xml
