[0.026s] Invoking command in '/home/innovation/dev_ws/build/rhex_control': CMAKE_PREFIX_PATH=${CMAKE_PREFIX_PATH}:/opt/ros/jazzy DEBUGINFOD_URLS=https://debuginfod.ubuntu.com /usr/bin/cmake --build /home/innovation/dev_ws/build/rhex_control -- -j4 -l4
[0.132s] Invoked command in '/home/innovation/dev_ws/build/rhex_control' returned '0': CMAKE_PREFIX_PATH=${CMAKE_PREFIX_PATH}:/opt/ros/jazzy DEBUGINFOD_URLS=https://debuginfod.ubuntu.com /usr/bin/cmake --build /home/innovation/dev_ws/build/rhex_control -- -j4 -l4
[0.135s] Invoking command in '/home/innovation/dev_ws/build/rhex_control': CMAKE_PREFIX_PATH=${CMAKE_PREFIX_PATH}:/opt/ros/jazzy DEBUGINFOD_URLS=https://debuginfod.ubuntu.com /usr/bin/cmake --install /home/innovation/dev_ws/build/rhex_control
[0.162s] -- Install configuration: ""
[0.167s] -- Execute custom install script
[0.168s] -- Up-to-date symlink: /home/innovation/dev_ws/install/rhex_control/lib/rhex_control/rhex_gait.py
[0.168s] -- Up-to-date symlink: /home/innovation/dev_ws/install/rhex_control/lib/rhex_control/cmd_vel_publisher.py
[0.168s] -- Up-to-date symlink: /home/innovation/dev_ws/install/rhex_control/share/rhex_control/config/rhex_controllers.yaml
[0.168s] -- Up-to-date symlink: /home/innovation/dev_ws/install/rhex_control/share/rhex_control/launch/controller.launch.py
[0.172s] -- Up-to-date symlink: /home/innovation/dev_ws/install/rhex_control/share/ament_index/resource_index/package_run_dependencies/rhex_control
[0.172s] -- Up-to-date symlink: /home/innovation/dev_ws/install/rhex_control/share/ament_index/resource_index/parent_prefix_path/rhex_control
[0.172s] -- Up-to-date symlink: /home/innovation/dev_ws/install/rhex_control/share/rhex_control/environment/ament_prefix_path.sh
[0.172s] -- Up-to-date symlink: /home/innovation/dev_ws/install/rhex_control/share/rhex_control/environment/ament_prefix_path.dsv
[0.176s] -- Up-to-date symlink: /home/innovation/dev_ws/install/rhex_control/share/rhex_control/environment/path.sh
[0.176s] -- Up-to-date symlink: /home/innovation/dev_ws/install/rhex_control/share/rhex_control/environment/path.dsv
[0.176s] -- Up-to-date symlink: /home/innovation/dev_ws/install/rhex_control/share/rhex_control/local_setup.bash
[0.177s] -- Up-to-date symlink: /home/innovation/dev_ws/install/rhex_control/share/rhex_control/local_setup.sh
[0.180s] -- Up-to-date symlink: /home/innovation/dev_ws/install/rhex_control/share/rhex_control/local_setup.zsh
[0.181s] -- Up-to-date symlink: /home/innovation/dev_ws/install/rhex_control/share/rhex_control/local_setup.dsv
[0.183s] -- Symlinking: /home/innovation/dev_ws/install/rhex_control/share/rhex_control/package.dsv
[0.209s] -- Up-to-date symlink: /home/innovation/dev_ws/install/rhex_control/share/ament_index/resource_index/packages/rhex_control
[0.210s] -- Up-to-date symlink: /home/innovation/dev_ws/install/rhex_control/share/rhex_control/cmake/rhex_controlConfig.cmake
[0.210s] -- Up-to-date symlink: /home/innovation/dev_ws/install/rhex_control/share/rhex_control/cmake/rhex_controlConfig-version.cmake
[0.210s] -- Up-to-date symlink: /home/innovation/dev_ws/install/rhex_control/share/rhex_control/package.xml
[0.214s] Invoked command in '/home/innovation/dev_ws/build/rhex_control' returned '0': CMAKE_PREFIX_PATH=${CMAKE_PREFIX_PATH}:/opt/ros/jazzy DEBUGINFOD_URLS=https://debuginfod.ubuntu.com /usr/bin/cmake --install /home/innovation/dev_ws/build/rhex_control
