[0.827s] Invoking command in '/home/innovation/dev_ws/build/ros2_mpu6050': CMAKE_PREFIX_PATH=${CMAKE_PREFIX_PATH}:/opt/ros/jazzy DEBUGINFOD_URLS=https://debuginfod.ubuntu.com /usr/bin/cmake --build /home/innovation/dev_ws/build/ros2_mpu6050 -- -j4 -l4
[1.285s] [ 50%] Built target ros2_mpu6050_calibrate
[1.436s] [100%] Built target ros2_mpu6050
[1.467s] Invoked command in '/home/innovation/dev_ws/build/ros2_mpu6050' returned '0': CMAKE_PREFIX_PATH=${CMAKE_PREFIX_PATH}:/opt/ros/jazzy DEBUGINFOD_URLS=https://debuginfod.ubuntu.com /usr/bin/cmake --build /home/innovation/dev_ws/build/ros2_mpu6050 -- -j4 -l4
[1.471s] Invoking command in '/home/innovation/dev_ws/build/ros2_mpu6050': CMAKE_PREFIX_PATH=${CMAKE_PREFIX_PATH}:/opt/ros/jazzy DEBUGINFOD_URLS=https://debuginfod.ubuntu.com /usr/bin/cmake --install /home/innovation/dev_ws/build/ros2_mpu6050
[1.490s] -- Install configuration: ""
[1.491s] -- Execute custom install script
[1.492s] -- Up-to-date symlink: /home/innovation/dev_ws/install/ros2_mpu6050/include/include/ros2_mpu6050/mpu6050.h
[1.493s] -- Up-to-date symlink: /home/innovation/dev_ws/install/ros2_mpu6050/include/include/ros2_mpu6050/mpu6050_hal.h
[1.493s] -- Up-to-date symlink: /home/innovation/dev_ws/install/ros2_mpu6050/include/include/ros2_mpu6050/mpu6050_node.h
[1.494s] -- Up-to-date symlink: /home/innovation/dev_ws/install/ros2_mpu6050/lib/ros2_mpu6050/ros2_mpu6050
[1.494s] -- Up-to-date symlink: /home/innovation/dev_ws/install/ros2_mpu6050/lib/ros2_mpu6050/ros2_mpu6050_calibrate
[1.495s] -- Up-to-date symlink: /home/innovation/dev_ws/install/ros2_mpu6050/share/ros2_mpu6050/config/params.yaml
[1.495s] -- Up-to-date symlink: /home/innovation/dev_ws/install/ros2_mpu6050/share/ros2_mpu6050/launch/ros2_mpu6050.launch.py
[1.495s] -- Up-to-date symlink: /home/innovation/dev_ws/install/ros2_mpu6050/share/ament_index/resource_index/package_run_dependencies/ros2_mpu6050
[1.496s] -- Up-to-date symlink: /home/innovation/dev_ws/install/ros2_mpu6050/share/ament_index/resource_index/parent_prefix_path/ros2_mpu6050
[1.496s] -- Up-to-date symlink: /home/innovation/dev_ws/install/ros2_mpu6050/share/ros2_mpu6050/environment/ament_prefix_path.sh
[1.496s] -- Up-to-date symlink: /home/innovation/dev_ws/install/ros2_mpu6050/share/ros2_mpu6050/environment/ament_prefix_path.dsv
[1.496s] -- Up-to-date symlink: /home/innovation/dev_ws/install/ros2_mpu6050/share/ros2_mpu6050/environment/path.sh
[1.496s] -- Up-to-date symlink: /home/innovation/dev_ws/install/ros2_mpu6050/share/ros2_mpu6050/environment/path.dsv
[1.497s] -- Up-to-date symlink: /home/innovation/dev_ws/install/ros2_mpu6050/share/ros2_mpu6050/local_setup.bash
[1.497s] -- Up-to-date symlink: /home/innovation/dev_ws/install/ros2_mpu6050/share/ros2_mpu6050/local_setup.sh
[1.497s] -- Up-to-date symlink: /home/innovation/dev_ws/install/ros2_mpu6050/share/ros2_mpu6050/local_setup.zsh
[1.497s] -- Up-to-date symlink: /home/innovation/dev_ws/install/ros2_mpu6050/share/ros2_mpu6050/local_setup.dsv
[1.498s] -- Symlinking: /home/innovation/dev_ws/install/ros2_mpu6050/share/ros2_mpu6050/package.dsv
[1.517s] -- Up-to-date symlink: /home/innovation/dev_ws/install/ros2_mpu6050/share/ament_index/resource_index/packages/ros2_mpu6050
[1.518s] -- Up-to-date symlink: /home/innovation/dev_ws/install/ros2_mpu6050/share/ros2_mpu6050/cmake/ros2_mpu6050Config.cmake
[1.518s] -- Up-to-date symlink: /home/innovation/dev_ws/install/ros2_mpu6050/share/ros2_mpu6050/cmake/ros2_mpu6050Config-version.cmake
[1.518s] -- Up-to-date symlink: /home/innovation/dev_ws/install/ros2_mpu6050/share/ros2_mpu6050/package.xml
[1.521s] Invoked command in '/home/innovation/dev_ws/build/ros2_mpu6050' returned '0': CMAKE_PREFIX_PATH=${CMAKE_PREFIX_PATH}:/opt/ros/jazzy DEBUGINFOD_URLS=https://debuginfod.ubuntu.com /usr/bin/cmake --install /home/innovation/dev_ws/build/ros2_mpu6050
