[0.899s] Invoking command in '/home/innovation/dev_ws/build/ros2_mpu6050': CMAKE_PREFIX_PATH=${CMAKE_PREFIX_PATH}:/home/innovation/dev_ws/install/mlx90640_thermal:/home/innovation/dev_ws/install/leg_odometry:/opt/ros/jazzy DEBUGINFOD_URLS=https://debuginfod.ubuntu.com /usr/bin/cmake --build /home/innovation/dev_ws/build/ros2_mpu6050 -- -j4 -l4
[1.099s] [ 50%] Built target ros2_mpu6050_calibrate
[1.104s] [100%] Built target ros2_mpu6050
[1.150s] Invoked command in '/home/innovation/dev_ws/build/ros2_mpu6050' returned '0': CMAKE_PREFIX_PATH=${CMAKE_PREFIX_PATH}:/home/innovation/dev_ws/install/mlx90640_thermal:/home/innovation/dev_ws/install/leg_odometry:/opt/ros/jazzy DEBUGINFOD_URLS=https://debuginfod.ubuntu.com /usr/bin/cmake --build /home/innovation/dev_ws/build/ros2_mpu6050 -- -j4 -l4
[1.158s] Invoking command in '/home/innovation/dev_ws/build/ros2_mpu6050': CMAKE_PREFIX_PATH=${CMAKE_PREFIX_PATH}:/home/innovation/dev_ws/install/mlx90640_thermal:/home/innovation/dev_ws/install/leg_odometry:/opt/ros/jazzy DEBUGINFOD_URLS=https://debuginfod.ubuntu.com /usr/bin/cmake --install /home/innovation/dev_ws/build/ros2_mpu6050
[1.180s] -- Install configuration: ""
[1.180s] -- Execute custom install script
[1.181s] -- Up-to-date symlink: /home/innovation/dev_ws/install/ros2_mpu6050/include/include/ros2_mpu6050/mpu6050.h
[1.181s] -- Up-to-date symlink: /home/innovation/dev_ws/install/ros2_mpu6050/include/include/ros2_mpu6050/mpu6050_hal.h
[1.181s] -- Up-to-date symlink: /home/innovation/dev_ws/install/ros2_mpu6050/include/include/ros2_mpu6050/mpu6050_node.h
[1.181s] -- Up-to-date symlink: /home/innovation/dev_ws/install/ros2_mpu6050/lib/ros2_mpu6050/ros2_mpu6050
[1.181s] -- Up-to-date symlink: /home/innovation/dev_ws/install/ros2_mpu6050/lib/ros2_mpu6050/ros2_mpu6050_calibrate
[1.184s] -- Up-to-date symlink: /home/innovation/dev_ws/install/ros2_mpu6050/share/ros2_mpu6050/config/params.yaml
[1.184s] -- Up-to-date symlink: /home/innovation/dev_ws/install/ros2_mpu6050/share/ros2_mpu6050/launch/ros2_mpu6050.launch.py
[1.184s] -- Up-to-date symlink: /home/innovation/dev_ws/install/ros2_mpu6050/share/ament_index/resource_index/package_run_dependencies/ros2_mpu6050
[1.184s] -- Up-to-date symlink: /home/innovation/dev_ws/install/ros2_mpu6050/share/ament_index/resource_index/parent_prefix_path/ros2_mpu6050
[1.184s] -- Up-to-date symlink: /home/innovation/dev_ws/install/ros2_mpu6050/share/ros2_mpu6050/environment/ament_prefix_path.sh
[1.184s] -- Up-to-date symlink: /home/innovation/dev_ws/install/ros2_mpu6050/share/ros2_mpu6050/environment/ament_prefix_path.dsv
[1.185s] -- Up-to-date symlink: /home/innovation/dev_ws/install/ros2_mpu6050/share/ros2_mpu6050/environment/path.sh
[1.185s] -- Up-to-date symlink: /home/innovation/dev_ws/install/ros2_mpu6050/share/ros2_mpu6050/environment/path.dsv
[1.185s] -- Up-to-date symlink: /home/innovation/dev_ws/install/ros2_mpu6050/share/ros2_mpu6050/local_setup.bash
[1.185s] -- Up-to-date symlink: /home/innovation/dev_ws/install/ros2_mpu6050/share/ros2_mpu6050/local_setup.sh
[1.185s] -- Up-to-date symlink: /home/innovation/dev_ws/install/ros2_mpu6050/share/ros2_mpu6050/local_setup.zsh
[1.185s] -- Up-to-date symlink: /home/innovation/dev_ws/install/ros2_mpu6050/share/ros2_mpu6050/local_setup.dsv
[1.185s] -- Symlinking: /home/innovation/dev_ws/install/ros2_mpu6050/share/ros2_mpu6050/package.dsv
[1.215s] -- Up-to-date symlink: /home/innovation/dev_ws/install/ros2_mpu6050/share/ament_index/resource_index/packages/ros2_mpu6050
[1.216s] -- Up-to-date symlink: /home/innovation/dev_ws/install/ros2_mpu6050/share/ros2_mpu6050/cmake/ros2_mpu6050Config.cmake
[1.219s] -- Up-to-date symlink: /home/innovation/dev_ws/install/ros2_mpu6050/share/ros2_mpu6050/cmake/ros2_mpu6050Config-version.cmake
[1.220s] -- Up-to-date symlink: /home/innovation/dev_ws/install/ros2_mpu6050/share/ros2_mpu6050/package.xml
[1.223s] Invoked command in '/home/innovation/dev_ws/build/ros2_mpu6050' returned '0': CMAKE_PREFIX_PATH=${CMAKE_PREFIX_PATH}:/home/innovation/dev_ws/install/mlx90640_thermal:/home/innovation/dev_ws/install/leg_odometry:/opt/ros/jazzy DEBUGINFOD_URLS=https://debuginfod.ubuntu.com /usr/bin/cmake --install /home/innovation/dev_ws/build/ros2_mpu6050
