[0.145s] DEBUG:colcon:Command line arguments: ['/usr/bin/colcon', 'build']
[0.145s] DEBUG:colcon:Parsed command line arguments: Namespace(log_base=None, log_level=None, verb_name='build', build_base='build', install_base='install', merge_install=False, symlink_install=False, test_result_base=None, continue_on_error=False, executor='parallel', parallel_workers=16, event_handlers=None, ignore_user_meta=False, metas=['./colcon.meta'], base_paths=['.'], packages_ignore=None, packages_ignore_regex=None, paths=None, packages_up_to=None, packages_up_to_regex=None, packages_above=None, packages_above_and_dependencies=None, packages_above_depth=None, packages_select_by_dep=None, packages_skip_by_dep=None, packages_skip_up_to=None, packages_select_build_failed=False, packages_skip_build_finished=False, packages_select_test_failures=False, packages_skip_test_passed=False, packages_select=None, packages_skip=None, packages_select_regex=None, packages_skip_regex=None, packages_start=None, packages_end=None, allow_overriding=[], cmake_args=None, cmake_target=None, cmake_target_skip_unavailable=False, cmake_clean_cache=False, cmake_clean_first=False, cmake_force_configure=False, ament_cmake_args=None, catkin_cmake_args=None, catkin_skip_building_tests=False, verb_parser=<colcon_defaults.argument_parser.defaults.DefaultArgumentsDecorator object at 0x7047fb455360>, verb_extension=<colcon_core.verb.build.BuildVerb object at 0x7047fb454520>, main=<bound method BuildVerb.main of <colcon_core.verb.build.BuildVerb object at 0x7047fb454520>>)
[0.316s] Level 1:colcon.colcon_core.package_discovery:discover_packages(colcon_meta) check parameters
[0.316s] Level 1:colcon.colcon_core.package_discovery:discover_packages(recursive) check parameters
[0.316s] Level 1:colcon.colcon_core.package_discovery:discover_packages(ignore) check parameters
[0.316s] Level 1:colcon.colcon_core.package_discovery:discover_packages(path) check parameters
[0.316s] Level 1:colcon.colcon_core.package_discovery:discover_packages(colcon_meta) discover
[0.316s] Level 1:colcon.colcon_core.package_discovery:discover_packages(recursive) discover
[0.316s] INFO:colcon.colcon_core.package_discovery:Crawling recursively for packages in '/home/riyaadh/dev_ws/RhexSLAM'
[0.317s] Level 1:colcon.colcon_core.package_identification:_identify(.) by extensions ['ignore', 'ignore_ament_install']
[0.317s] Level 1:colcon.colcon_core.package_identification:_identify(.) by extension 'ignore'
[0.317s] Level 1:colcon.colcon_core.package_identification:_identify(.) by extension 'ignore_ament_install'
[0.317s] Level 1:colcon.colcon_core.package_identification:_identify(.) by extensions ['colcon_pkg']
[0.317s] Level 1:colcon.colcon_core.package_identification:_identify(.) by extension 'colcon_pkg'
[0.317s] Level 1:colcon.colcon_core.package_identification:_identify(.) by extensions ['colcon_meta']
[0.317s] Level 1:colcon.colcon_core.package_identification:_identify(.) by extension 'colcon_meta'
[0.317s] Level 1:colcon.colcon_core.package_identification:_identify(.) by extensions ['ros']
[0.317s] Level 1:colcon.colcon_core.package_identification:_identify(.) by extension 'ros'
[0.328s] Level 1:colcon.colcon_core.package_identification:_identify(.) by extensions ['cmake', 'python']
[0.328s] Level 1:colcon.colcon_core.package_identification:_identify(.) by extension 'cmake'
[0.328s] Level 1:colcon.colcon_core.package_identification:_identify(.) by extension 'python'
[0.328s] Level 1:colcon.colcon_core.package_identification:_identify(.) by extensions ['python_setup_py']
[0.328s] Level 1:colcon.colcon_core.package_identification:_identify(.) by extension 'python_setup_py'
[0.328s] Level 1:colcon.colcon_core.package_identification:_identify(build) by extensions ['ignore', 'ignore_ament_install']
[0.328s] Level 1:colcon.colcon_core.package_identification:_identify(build) by extension 'ignore'
[0.328s] Level 1:colcon.colcon_core.package_identification:_identify(build) ignored
[0.328s] Level 1:colcon.colcon_core.package_identification:_identify(install) by extensions ['ignore', 'ignore_ament_install']
[0.328s] Level 1:colcon.colcon_core.package_identification:_identify(install) by extension 'ignore'
[0.328s] Level 1:colcon.colcon_core.package_identification:_identify(install) ignored
[0.328s] Level 1:colcon.colcon_core.package_identification:_identify(log) by extensions ['ignore', 'ignore_ament_install']
[0.329s] Level 1:colcon.colcon_core.package_identification:_identify(log) by extension 'ignore'
[0.329s] Level 1:colcon.colcon_core.package_identification:_identify(log) ignored
[0.329s] Level 1:colcon.colcon_core.package_identification:_identify(src) by extensions ['ignore', 'ignore_ament_install']
[0.329s] Level 1:colcon.colcon_core.package_identification:_identify(src) by extension 'ignore'
[0.329s] Level 1:colcon.colcon_core.package_identification:_identify(src) by extension 'ignore_ament_install'
[0.329s] Level 1:colcon.colcon_core.package_identification:_identify(src) by extensions ['colcon_pkg']
[0.329s] Level 1:colcon.colcon_core.package_identification:_identify(src) by extension 'colcon_pkg'
[0.329s] Level 1:colcon.colcon_core.package_identification:_identify(src) by extensions ['colcon_meta']
[0.329s] Level 1:colcon.colcon_core.package_identification:_identify(src) by extension 'colcon_meta'
[0.329s] Level 1:colcon.colcon_core.package_identification:_identify(src) by extensions ['ros']
[0.329s] Level 1:colcon.colcon_core.package_identification:_identify(src) by extension 'ros'
[0.329s] Level 1:colcon.colcon_core.package_identification:_identify(src) by extensions ['cmake', 'python']
[0.329s] Level 1:colcon.colcon_core.package_identification:_identify(src) by extension 'cmake'
[0.329s] Level 1:colcon.colcon_core.package_identification:_identify(src) by extension 'python'
[0.329s] Level 1:colcon.colcon_core.package_identification:_identify(src) by extensions ['python_setup_py']
[0.329s] Level 1:colcon.colcon_core.package_identification:_identify(src) by extension 'python_setup_py'
[0.329s] Level 1:colcon.colcon_core.package_identification:_identify(src/leg_odometry) by extensions ['ignore', 'ignore_ament_install']
[0.329s] Level 1:colcon.colcon_core.package_identification:_identify(src/leg_odometry) by extension 'ignore'
[0.330s] Level 1:colcon.colcon_core.package_identification:_identify(src/leg_odometry) by extension 'ignore_ament_install'
[0.330s] Level 1:colcon.colcon_core.package_identification:_identify(src/leg_odometry) by extensions ['colcon_pkg']
[0.330s] Level 1:colcon.colcon_core.package_identification:_identify(src/leg_odometry) by extension 'colcon_pkg'
[0.330s] Level 1:colcon.colcon_core.package_identification:_identify(src/leg_odometry) by extensions ['colcon_meta']
[0.330s] Level 1:colcon.colcon_core.package_identification:_identify(src/leg_odometry) by extension 'colcon_meta'
[0.330s] Level 1:colcon.colcon_core.package_identification:_identify(src/leg_odometry) by extensions ['ros']
[0.330s] Level 1:colcon.colcon_core.package_identification:_identify(src/leg_odometry) by extension 'ros'
[0.332s] DEBUG:colcon.colcon_core.package_identification:Package 'src/leg_odometry' with type 'ros.ament_python' and name 'leg_odometry'
[0.332s] Level 1:colcon.colcon_core.package_identification:_identify(src/mlx90640_thermal) by extensions ['ignore', 'ignore_ament_install']
[0.332s] Level 1:colcon.colcon_core.package_identification:_identify(src/mlx90640_thermal) by extension 'ignore'
[0.332s] Level 1:colcon.colcon_core.package_identification:_identify(src/mlx90640_thermal) by extension 'ignore_ament_install'
[0.332s] Level 1:colcon.colcon_core.package_identification:_identify(src/mlx90640_thermal) by extensions ['colcon_pkg']
[0.332s] Level 1:colcon.colcon_core.package_identification:_identify(src/mlx90640_thermal) by extension 'colcon_pkg'
[0.332s] Level 1:colcon.colcon_core.package_identification:_identify(src/mlx90640_thermal) by extensions ['colcon_meta']
[0.332s] Level 1:colcon.colcon_core.package_identification:_identify(src/mlx90640_thermal) by extension 'colcon_meta'
[0.332s] Level 1:colcon.colcon_core.package_identification:_identify(src/mlx90640_thermal) by extensions ['ros']
[0.333s] Level 1:colcon.colcon_core.package_identification:_identify(src/mlx90640_thermal) by extension 'ros'
[0.333s] DEBUG:colcon.colcon_core.package_identification:Package 'src/mlx90640_thermal' with type 'ros.ament_python' and name 'mlx90640_thermal'
[0.333s] Level 1:colcon.colcon_core.package_identification:_identify(src/my_bot) by extensions ['ignore', 'ignore_ament_install']
[0.333s] Level 1:colcon.colcon_core.package_identification:_identify(src/my_bot) by extension 'ignore'
[0.333s] Level 1:colcon.colcon_core.package_identification:_identify(src/my_bot) by extension 'ignore_ament_install'
[0.334s] Level 1:colcon.colcon_core.package_identification:_identify(src/my_bot) by extensions ['colcon_pkg']
[0.334s] Level 1:colcon.colcon_core.package_identification:_identify(src/my_bot) by extension 'colcon_pkg'
[0.334s] Level 1:colcon.colcon_core.package_identification:_identify(src/my_bot) by extensions ['colcon_meta']
[0.334s] Level 1:colcon.colcon_core.package_identification:_identify(src/my_bot) by extension 'colcon_meta'
[0.334s] Level 1:colcon.colcon_core.package_identification:_identify(src/my_bot) by extensions ['ros']
[0.334s] Level 1:colcon.colcon_core.package_identification:_identify(src/my_bot) by extension 'ros'
[0.334s] DEBUG:colcon.colcon_core.package_identification:Package 'src/my_bot' with type 'ros.ament_cmake' and name 'my_bot'
[0.334s] Level 1:colcon.colcon_core.package_identification:_identify(src/rhex_launch) by extensions ['ignore', 'ignore_ament_install']
[0.334s] Level 1:colcon.colcon_core.package_identification:_identify(src/rhex_launch) by extension 'ignore'
[0.334s] Level 1:colcon.colcon_core.package_identification:_identify(src/rhex_launch) by extension 'ignore_ament_install'
[0.334s] Level 1:colcon.colcon_core.package_identification:_identify(src/rhex_launch) by extensions ['colcon_pkg']
[0.334s] Level 1:colcon.colcon_core.package_identification:_identify(src/rhex_launch) by extension 'colcon_pkg'
[0.334s] Level 1:colcon.colcon_core.package_identification:_identify(src/rhex_launch) by extensions ['colcon_meta']
[0.334s] Level 1:colcon.colcon_core.package_identification:_identify(src/rhex_launch) by extension 'colcon_meta'
[0.335s] Level 1:colcon.colcon_core.package_identification:_identify(src/rhex_launch) by extensions ['ros']
[0.335s] Level 1:colcon.colcon_core.package_identification:_identify(src/rhex_launch) by extension 'ros'
[0.335s] DEBUG:colcon.colcon_core.package_identification:Package 'src/rhex_launch' with type 'ros.ament_python' and name 'rhex_launch'
[0.335s] Level 1:colcon.colcon_core.package_identification:_identify(src/rhex_ws) by extensions ['ignore', 'ignore_ament_install']
[0.335s] Level 1:colcon.colcon_core.package_identification:_identify(src/rhex_ws) by extension 'ignore'
[0.335s] Level 1:colcon.colcon_core.package_identification:_identify(src/rhex_ws) by extension 'ignore_ament_install'
[0.335s] Level 1:colcon.colcon_core.package_identification:_identify(src/rhex_ws) by extensions ['colcon_pkg']
[0.335s] Level 1:colcon.colcon_core.package_identification:_identify(src/rhex_ws) by extension 'colcon_pkg'
[0.335s] Level 1:colcon.colcon_core.package_identification:_identify(src/rhex_ws) by extensions ['colcon_meta']
[0.335s] Level 1:colcon.colcon_core.package_identification:_identify(src/rhex_ws) by extension 'colcon_meta'
[0.335s] Level 1:colcon.colcon_core.package_identification:_identify(src/rhex_ws) by extensions ['ros']
[0.335s] Level 1:colcon.colcon_core.package_identification:_identify(src/rhex_ws) by extension 'ros'
[0.335s] Level 1:colcon.colcon_core.package_identification:_identify(src/rhex_ws) by extensions ['cmake', 'python']
[0.335s] Level 1:colcon.colcon_core.package_identification:_identify(src/rhex_ws) by extension 'cmake'
[0.336s] Level 1:colcon.colcon_core.package_identification:_identify(src/rhex_ws) by extension 'python'
[0.336s] Level 1:colcon.colcon_core.package_identification:_identify(src/rhex_ws) by extensions ['python_setup_py']
[0.336s] Level 1:colcon.colcon_core.package_identification:_identify(src/rhex_ws) by extension 'python_setup_py'
[0.336s] Level 1:colcon.colcon_core.package_identification:_identify(src/rhex_ws/giga_hw_interface) by extensions ['ignore', 'ignore_ament_install']
[0.336s] Level 1:colcon.colcon_core.package_identification:_identify(src/rhex_ws/giga_hw_interface) by extension 'ignore'
[0.336s] Level 1:colcon.colcon_core.package_identification:_identify(src/rhex_ws/giga_hw_interface) by extension 'ignore_ament_install'
[0.336s] Level 1:colcon.colcon_core.package_identification:_identify(src/rhex_ws/giga_hw_interface) by extensions ['colcon_pkg']
[0.336s] Level 1:colcon.colcon_core.package_identification:_identify(src/rhex_ws/giga_hw_interface) by extension 'colcon_pkg'
[0.336s] Level 1:colcon.colcon_core.package_identification:_identify(src/rhex_ws/giga_hw_interface) by extensions ['colcon_meta']
[0.336s] Level 1:colcon.colcon_core.package_identification:_identify(src/rhex_ws/giga_hw_interface) by extension 'colcon_meta'
[0.336s] Level 1:colcon.colcon_core.package_identification:_identify(src/rhex_ws/giga_hw_interface) by extensions ['ros']
[0.336s] Level 1:colcon.colcon_core.package_identification:_identify(src/rhex_ws/giga_hw_interface) by extension 'ros'
[0.337s] DEBUG:colcon.colcon_core.package_identification:Package 'src/rhex_ws/giga_hw_interface' with type 'ros.ament_cmake' and name 'giga_hw_interface'
[0.337s] Level 1:colcon.colcon_core.package_identification:_identify(src/rhex_ws/rhex_control) by extensions ['ignore', 'ignore_ament_install']
[0.337s] Level 1:colcon.colcon_core.package_identification:_identify(src/rhex_ws/rhex_control) by extension 'ignore'
[0.337s] Level 1:colcon.colcon_core.package_identification:_identify(src/rhex_ws/rhex_control) by extension 'ignore_ament_install'
[0.337s] Level 1:colcon.colcon_core.package_identification:_identify(src/rhex_ws/rhex_control) by extensions ['colcon_pkg']
[0.337s] Level 1:colcon.colcon_core.package_identification:_identify(src/rhex_ws/rhex_control) by extension 'colcon_pkg'
[0.337s] Level 1:colcon.colcon_core.package_identification:_identify(src/rhex_ws/rhex_control) by extensions ['colcon_meta']
[0.337s] Level 1:colcon.colcon_core.package_identification:_identify(src/rhex_ws/rhex_control) by extension 'colcon_meta'
[0.337s] Level 1:colcon.colcon_core.package_identification:_identify(src/rhex_ws/rhex_control) by extensions ['ros']
[0.337s] Level 1:colcon.colcon_core.package_identification:_identify(src/rhex_ws/rhex_control) by extension 'ros'
[0.338s] DEBUG:colcon.colcon_core.package_identification:Package 'src/rhex_ws/rhex_control' with type 'ros.ament_cmake' and name 'rhex_control'
[0.338s] Level 1:colcon.colcon_core.package_identification:_identify(src/rhex_ws/rhex_description) by extensions ['ignore', 'ignore_ament_install']
[0.338s] Level 1:colcon.colcon_core.package_identification:_identify(src/rhex_ws/rhex_description) by extension 'ignore'
[0.338s] Level 1:colcon.colcon_core.package_identification:_identify(src/rhex_ws/rhex_description) by extension 'ignore_ament_install'
[0.338s] Level 1:colcon.colcon_core.package_identification:_identify(src/rhex_ws/rhex_description) by extensions ['colcon_pkg']
[0.338s] Level 1:colcon.colcon_core.package_identification:_identify(src/rhex_ws/rhex_description) by extension 'colcon_pkg'
[0.338s] Level 1:colcon.colcon_core.package_identification:_identify(src/rhex_ws/rhex_description) by extensions ['colcon_meta']
[0.338s] Level 1:colcon.colcon_core.package_identification:_identify(src/rhex_ws/rhex_description) by extension 'colcon_meta'
[0.338s] Level 1:colcon.colcon_core.package_identification:_identify(src/rhex_ws/rhex_description) by extensions ['ros']
[0.338s] Level 1:colcon.colcon_core.package_identification:_identify(src/rhex_ws/rhex_description) by extension 'ros'
[0.339s] DEBUG:colcon.colcon_core.package_identification:Package 'src/rhex_ws/rhex_description' with type 'ros.ament_cmake' and name 'rhex_description'
[0.339s] Level 1:colcon.colcon_core.package_identification:_identify(src/ros2_mpu6050) by extensions ['ignore', 'ignore_ament_install']
[0.339s] Level 1:colcon.colcon_core.package_identification:_identify(src/ros2_mpu6050) by extension 'ignore'
[0.339s] Level 1:colcon.colcon_core.package_identification:_identify(src/ros2_mpu6050) by extension 'ignore_ament_install'
[0.339s] Level 1:colcon.colcon_core.package_identification:_identify(src/ros2_mpu6050) by extensions ['colcon_pkg']
[0.339s] Level 1:colcon.colcon_core.package_identification:_identify(src/ros2_mpu6050) by extension 'colcon_pkg'
[0.339s] Level 1:colcon.colcon_core.package_identification:_identify(src/ros2_mpu6050) by extensions ['colcon_meta']
[0.339s] Level 1:colcon.colcon_core.package_identification:_identify(src/ros2_mpu6050) by extension 'colcon_meta'
[0.339s] Level 1:colcon.colcon_core.package_identification:_identify(src/ros2_mpu6050) by extensions ['ros']
[0.339s] Level 1:colcon.colcon_core.package_identification:_identify(src/ros2_mpu6050) by extension 'ros'
[0.340s] DEBUG:colcon.colcon_core.package_identification:Package 'src/ros2_mpu6050' with type 'ros.ament_cmake' and name 'ros2_mpu6050'
[0.340s] Level 1:colcon.colcon_core.package_discovery:discover_packages(recursive) using defaults
[0.340s] Level 1:colcon.colcon_core.package_discovery:discover_packages(ignore) discover
[0.340s] Level 1:colcon.colcon_core.package_discovery:discover_packages(ignore) using defaults
[0.340s] Level 1:colcon.colcon_core.package_discovery:discover_packages(path) discover
[0.340s] Level 1:colcon.colcon_core.package_discovery:discover_packages(path) using defaults
[0.367s] Level 1:colcon.colcon_core.package_discovery:discover_packages(prefix_path) check parameters
[0.367s] Level 1:colcon.colcon_core.package_discovery:discover_packages(prefix_path) discover
[0.370s] DEBUG:colcon.colcon_installed_package_information.package_discovery:Found 7 installed packages in /home/riyaadh/dev_ws/RhexSLAM/install
[0.370s] DEBUG:colcon.colcon_installed_package_information.package_discovery:Found 8 installed packages in /home/riyaadh/dev_ws/install
[0.372s] DEBUG:colcon.colcon_installed_package_information.package_discovery:Found 332 installed packages in /opt/ros/humble
[0.373s] Level 1:colcon.colcon_core.package_discovery:discover_packages(prefix_path) using defaults
[0.404s] Level 5:colcon.colcon_core.verb:set package 'giga_hw_interface' build argument 'cmake_args' from command line to 'None'
[0.404s] Level 5:colcon.colcon_core.verb:set package 'giga_hw_interface' build argument 'cmake_target' from command line to 'None'
[0.404s] Level 5:colcon.colcon_core.verb:set package 'giga_hw_interface' build argument 'cmake_target_skip_unavailable' from command line to 'False'
[0.404s] Level 5:colcon.colcon_core.verb:set package 'giga_hw_interface' build argument 'cmake_clean_cache' from command line to 'False'
[0.404s] Level 5:colcon.colcon_core.verb:set package 'giga_hw_interface' build argument 'cmake_clean_first' from command line to 'False'
[0.404s] Level 5:colcon.colcon_core.verb:set package 'giga_hw_interface' build argument 'cmake_force_configure' from command line to 'False'
[0.404s] Level 5:colcon.colcon_core.verb:set package 'giga_hw_interface' build argument 'ament_cmake_args' from command line to 'None'
[0.404s] Level 5:colcon.colcon_core.verb:set package 'giga_hw_interface' build argument 'catkin_cmake_args' from command line to 'None'
[0.404s] Level 5:colcon.colcon_core.verb:set package 'giga_hw_interface' build argument 'catkin_skip_building_tests' from command line to 'False'
[0.404s] DEBUG:colcon.colcon_core.verb:Building package 'giga_hw_interface' with the following arguments: {'ament_cmake_args': None, 'build_base': '/home/riyaadh/dev_ws/RhexSLAM/build/giga_hw_interface', 'catkin_cmake_args': None, 'catkin_skip_building_tests': False, 'cmake_args': None, 'cmake_clean_cache': False, 'cmake_clean_first': False, 'cmake_force_configure': False, 'cmake_target': None, 'cmake_target_skip_unavailable': False, 'install_base': '/home/riyaadh/dev_ws/RhexSLAM/install/giga_hw_interface', 'merge_install': False, 'path': '/home/riyaadh/dev_ws/RhexSLAM/src/rhex_ws/giga_hw_interface', 'symlink_install': False, 'test_result_base': None}
[0.404s] Level 5:colcon.colcon_core.verb:set package 'leg_odometry' build argument 'cmake_args' from command line to 'None'
[0.404s] Level 5:colcon.colcon_core.verb:set package 'leg_odometry' build argument 'cmake_target' from command line to 'None'
[0.404s] Level 5:colcon.colcon_core.verb:set package 'leg_odometry' build argument 'cmake_target_skip_unavailable' from command line to 'False'
[0.404s] Level 5:colcon.colcon_core.verb:set package 'leg_odometry' build argument 'cmake_clean_cache' from command line to 'False'
[0.404s] Level 5:colcon.colcon_core.verb:set package 'leg_odometry' build argument 'cmake_clean_first' from command line to 'False'
[0.405s] Level 5:colcon.colcon_core.verb:set package 'leg_odometry' build argument 'cmake_force_configure' from command line to 'False'
[0.405s] Level 5:colcon.colcon_core.verb:set package 'leg_odometry' build argument 'ament_cmake_args' from command line to 'None'
[0.405s] Level 5:colcon.colcon_core.verb:set package 'leg_odometry' build argument 'catkin_cmake_args' from command line to 'None'
[0.405s] Level 5:colcon.colcon_core.verb:set package 'leg_odometry' build argument 'catkin_skip_building_tests' from command line to 'False'
[0.405s] DEBUG:colcon.colcon_core.verb:Building package 'leg_odometry' with the following arguments: {'ament_cmake_args': None, 'build_base': '/home/riyaadh/dev_ws/RhexSLAM/build/leg_odometry', 'catkin_cmake_args': None, 'catkin_skip_building_tests': False, 'cmake_args': None, 'cmake_clean_cache': False, 'cmake_clean_first': False, 'cmake_force_configure': False, 'cmake_target': None, 'cmake_target_skip_unavailable': False, 'install_base': '/home/riyaadh/dev_ws/RhexSLAM/install/leg_odometry', 'merge_install': False, 'path': '/home/riyaadh/dev_ws/RhexSLAM/src/leg_odometry', 'symlink_install': False, 'test_result_base': None}
[0.405s] Level 5:colcon.colcon_core.verb:set package 'mlx90640_thermal' build argument 'cmake_args' from command line to 'None'
[0.405s] Level 5:colcon.colcon_core.verb:set package 'mlx90640_thermal' build argument 'cmake_target' from command line to 'None'
[0.405s] Level 5:colcon.colcon_core.verb:set package 'mlx90640_thermal' build argument 'cmake_target_skip_unavailable' from command line to 'False'
[0.405s] Level 5:colcon.colcon_core.verb:set package 'mlx90640_thermal' build argument 'cmake_clean_cache' from command line to 'False'
[0.405s] Level 5:colcon.colcon_core.verb:set package 'mlx90640_thermal' build argument 'cmake_clean_first' from command line to 'False'
[0.405s] Level 5:colcon.colcon_core.verb:set package 'mlx90640_thermal' build argument 'cmake_force_configure' from command line to 'False'
[0.405s] Level 5:colcon.colcon_core.verb:set package 'mlx90640_thermal' build argument 'ament_cmake_args' from command line to 'None'
[0.405s] Level 5:colcon.colcon_core.verb:set package 'mlx90640_thermal' build argument 'catkin_cmake_args' from command line to 'None'
[0.405s] Level 5:colcon.colcon_core.verb:set package 'mlx90640_thermal' build argument 'catkin_skip_building_tests' from command line to 'False'
[0.405s] DEBUG:colcon.colcon_core.verb:Building package 'mlx90640_thermal' with the following arguments: {'ament_cmake_args': None, 'build_base': '/home/riyaadh/dev_ws/RhexSLAM/build/mlx90640_thermal', 'catkin_cmake_args': None, 'catkin_skip_building_tests': False, 'cmake_args': None, 'cmake_clean_cache': False, 'cmake_clean_first': False, 'cmake_force_configure': False, 'cmake_target': None, 'cmake_target_skip_unavailable': False, 'install_base': '/home/riyaadh/dev_ws/RhexSLAM/install/mlx90640_thermal', 'merge_install': False, 'path': '/home/riyaadh/dev_ws/RhexSLAM/src/mlx90640_thermal', 'symlink_install': False, 'test_result_base': None}
[0.405s] Level 5:colcon.colcon_core.verb:set package 'my_bot' build argument 'cmake_args' from command line to 'None'
[0.405s] Level 5:colcon.colcon_core.verb:set package 'my_bot' build argument 'cmake_target' from command line to 'None'
[0.405s] Level 5:colcon.colcon_core.verb:set package 'my_bot' build argument 'cmake_target_skip_unavailable' from command line to 'False'
[0.405s] Level 5:colcon.colcon_core.verb:set package 'my_bot' build argument 'cmake_clean_cache' from command line to 'False'
[0.405s] Level 5:colcon.colcon_core.verb:set package 'my_bot' build argument 'cmake_clean_first' from command line to 'False'
[0.405s] Level 5:colcon.colcon_core.verb:set package 'my_bot' build argument 'cmake_force_configure' from command line to 'False'
[0.405s] Level 5:colcon.colcon_core.verb:set package 'my_bot' build argument 'ament_cmake_args' from command line to 'None'
[0.405s] Level 5:colcon.colcon_core.verb:set package 'my_bot' build argument 'catkin_cmake_args' from command line to 'None'
[0.405s] Level 5:colcon.colcon_core.verb:set package 'my_bot' build argument 'catkin_skip_building_tests' from command line to 'False'
[0.405s] DEBUG:colcon.colcon_core.verb:Building package 'my_bot' with the following arguments: {'ament_cmake_args': None, 'build_base': '/home/riyaadh/dev_ws/RhexSLAM/build/my_bot', 'catkin_cmake_args': None, 'catkin_skip_building_tests': False, 'cmake_args': None, 'cmake_clean_cache': False, 'cmake_clean_first': False, 'cmake_force_configure': False, 'cmake_target': None, 'cmake_target_skip_unavailable': False, 'install_base': '/home/riyaadh/dev_ws/RhexSLAM/install/my_bot', 'merge_install': False, 'path': '/home/riyaadh/dev_ws/RhexSLAM/src/my_bot', 'symlink_install': False, 'test_result_base': None}
[0.406s] Level 5:colcon.colcon_core.verb:set package 'rhex_control' build argument 'cmake_args' from command line to 'None'
[0.406s] Level 5:colcon.colcon_core.verb:set package 'rhex_control' build argument 'cmake_target' from command line to 'None'
[0.406s] Level 5:colcon.colcon_core.verb:set package 'rhex_control' build argument 'cmake_target_skip_unavailable' from command line to 'False'
[0.406s] Level 5:colcon.colcon_core.verb:set package 'rhex_control' build argument 'cmake_clean_cache' from command line to 'False'
[0.406s] Level 5:colcon.colcon_core.verb:set package 'rhex_control' build argument 'cmake_clean_first' from command line to 'False'
[0.406s] Level 5:colcon.colcon_core.verb:set package 'rhex_control' build argument 'cmake_force_configure' from command line to 'False'
[0.406s] Level 5:colcon.colcon_core.verb:set package 'rhex_control' build argument 'ament_cmake_args' from command line to 'None'
[0.406s] Level 5:colcon.colcon_core.verb:set package 'rhex_control' build argument 'catkin_cmake_args' from command line to 'None'
[0.406s] Level 5:colcon.colcon_core.verb:set package 'rhex_control' build argument 'catkin_skip_building_tests' from command line to 'False'
[0.406s] DEBUG:colcon.colcon_core.verb:Building package 'rhex_control' with the following arguments: {'ament_cmake_args': None, 'build_base': '/home/riyaadh/dev_ws/RhexSLAM/build/rhex_control', 'catkin_cmake_args': None, 'catkin_skip_building_tests': False, 'cmake_args': None, 'cmake_clean_cache': False, 'cmake_clean_first': False, 'cmake_force_configure': False, 'cmake_target': None, 'cmake_target_skip_unavailable': False, 'install_base': '/home/riyaadh/dev_ws/RhexSLAM/install/rhex_control', 'merge_install': False, 'path': '/home/riyaadh/dev_ws/RhexSLAM/src/rhex_ws/rhex_control', 'symlink_install': False, 'test_result_base': None}
[0.406s] Level 5:colcon.colcon_core.verb:set package 'rhex_description' build argument 'cmake_args' from command line to 'None'
[0.406s] Level 5:colcon.colcon_core.verb:set package 'rhex_description' build argument 'cmake_target' from command line to 'None'
[0.406s] Level 5:colcon.colcon_core.verb:set package 'rhex_description' build argument 'cmake_target_skip_unavailable' from command line to 'False'
[0.406s] Level 5:colcon.colcon_core.verb:set package 'rhex_description' build argument 'cmake_clean_cache' from command line to 'False'
[0.406s] Level 5:colcon.colcon_core.verb:set package 'rhex_description' build argument 'cmake_clean_first' from command line to 'False'
[0.406s] Level 5:colcon.colcon_core.verb:set package 'rhex_description' build argument 'cmake_force_configure' from command line to 'False'
[0.406s] Level 5:colcon.colcon_core.verb:set package 'rhex_description' build argument 'ament_cmake_args' from command line to 'None'
[0.406s] Level 5:colcon.colcon_core.verb:set package 'rhex_description' build argument 'catkin_cmake_args' from command line to 'None'
[0.406s] Level 5:colcon.colcon_core.verb:set package 'rhex_description' build argument 'catkin_skip_building_tests' from command line to 'False'
[0.406s] DEBUG:colcon.colcon_core.verb:Building package 'rhex_description' with the following arguments: {'ament_cmake_args': None, 'build_base': '/home/riyaadh/dev_ws/RhexSLAM/build/rhex_description', 'catkin_cmake_args': None, 'catkin_skip_building_tests': False, 'cmake_args': None, 'cmake_clean_cache': False, 'cmake_clean_first': False, 'cmake_force_configure': False, 'cmake_target': None, 'cmake_target_skip_unavailable': False, 'install_base': '/home/riyaadh/dev_ws/RhexSLAM/install/rhex_description', 'merge_install': False, 'path': '/home/riyaadh/dev_ws/RhexSLAM/src/rhex_ws/rhex_description', 'symlink_install': False, 'test_result_base': None}
[0.406s] Level 5:colcon.colcon_core.verb:set package 'ros2_mpu6050' build argument 'cmake_args' from command line to 'None'
[0.406s] Level 5:colcon.colcon_core.verb:set package 'ros2_mpu6050' build argument 'cmake_target' from command line to 'None'
[0.406s] Level 5:colcon.colcon_core.verb:set package 'ros2_mpu6050' build argument 'cmake_target_skip_unavailable' from command line to 'False'
[0.407s] Level 5:colcon.colcon_core.verb:set package 'ros2_mpu6050' build argument 'cmake_clean_cache' from command line to 'False'
[0.407s] Level 5:colcon.colcon_core.verb:set package 'ros2_mpu6050' build argument 'cmake_clean_first' from command line to 'False'
[0.407s] Level 5:colcon.colcon_core.verb:set package 'ros2_mpu6050' build argument 'cmake_force_configure' from command line to 'False'
[0.407s] Level 5:colcon.colcon_core.verb:set package 'ros2_mpu6050' build argument 'ament_cmake_args' from command line to 'None'
[0.407s] Level 5:colcon.colcon_core.verb:set package 'ros2_mpu6050' build argument 'catkin_cmake_args' from command line to 'None'
[0.407s] Level 5:colcon.colcon_core.verb:set package 'ros2_mpu6050' build argument 'catkin_skip_building_tests' from command line to 'False'
[0.407s] DEBUG:colcon.colcon_core.verb:Building package 'ros2_mpu6050' with the following arguments: {'ament_cmake_args': None, 'build_base': '/home/riyaadh/dev_ws/RhexSLAM/build/ros2_mpu6050', 'catkin_cmake_args': None, 'catkin_skip_building_tests': False, 'cmake_args': None, 'cmake_clean_cache': False, 'cmake_clean_first': False, 'cmake_force_configure': False, 'cmake_target': None, 'cmake_target_skip_unavailable': False, 'install_base': '/home/riyaadh/dev_ws/RhexSLAM/install/ros2_mpu6050', 'merge_install': False, 'path': '/home/riyaadh/dev_ws/RhexSLAM/src/ros2_mpu6050', 'symlink_install': False, 'test_result_base': None}
[0.407s] Level 5:colcon.colcon_core.verb:set package 'rhex_launch' build argument 'cmake_args' from command line to 'None'
[0.407s] Level 5:colcon.colcon_core.verb:set package 'rhex_launch' build argument 'cmake_target' from command line to 'None'
[0.407s] Level 5:colcon.colcon_core.verb:set package 'rhex_launch' build argument 'cmake_target_skip_unavailable' from command line to 'False'
[0.407s] Level 5:colcon.colcon_core.verb:set package 'rhex_launch' build argument 'cmake_clean_cache' from command line to 'False'
[0.407s] Level 5:colcon.colcon_core.verb:set package 'rhex_launch' build argument 'cmake_clean_first' from command line to 'False'
[0.407s] Level 5:colcon.colcon_core.verb:set package 'rhex_launch' build argument 'cmake_force_configure' from command line to 'False'
[0.407s] Level 5:colcon.colcon_core.verb:set package 'rhex_launch' build argument 'ament_cmake_args' from command line to 'None'
[0.407s] Level 5:colcon.colcon_core.verb:set package 'rhex_launch' build argument 'catkin_cmake_args' from command line to 'None'
[0.407s] Level 5:colcon.colcon_core.verb:set package 'rhex_launch' build argument 'catkin_skip_building_tests' from command line to 'False'
[0.407s] DEBUG:colcon.colcon_core.verb:Building package 'rhex_launch' with the following arguments: {'ament_cmake_args': None, 'build_base': '/home/riyaadh/dev_ws/RhexSLAM/build/rhex_launch', 'catkin_cmake_args': None, 'catkin_skip_building_tests': False, 'cmake_args': None, 'cmake_clean_cache': False, 'cmake_clean_first': False, 'cmake_force_configure': False, 'cmake_target': None, 'cmake_target_skip_unavailable': False, 'install_base': '/home/riyaadh/dev_ws/RhexSLAM/install/rhex_launch', 'merge_install': False, 'path': '/home/riyaadh/dev_ws/RhexSLAM/src/rhex_launch', 'symlink_install': False, 'test_result_base': None}
[0.407s] INFO:colcon.colcon_core.executor:Executing jobs using 'parallel' executor
[0.408s] DEBUG:colcon.colcon_parallel_executor.executor.parallel:run_until_complete
[0.408s] INFO:colcon.colcon_ros.task.ament_cmake.build:Building ROS package in '/home/riyaadh/dev_ws/RhexSLAM/src/rhex_ws/giga_hw_interface' with build type 'ament_cmake'
[0.408s] INFO:colcon.colcon_cmake.task.cmake.build:Building CMake package in '/home/riyaadh/dev_ws/RhexSLAM/src/rhex_ws/giga_hw_interface'
[0.414s] INFO:colcon.colcon_core.plugin_system:Skipping extension 'colcon_core.shell.bat': Not used on non-Windows systems
[0.414s] INFO:colcon.colcon_core.shell:Skip shell extension 'powershell' for command environment: Not usable outside of PowerShell
[0.414s] DEBUG:colcon.colcon_core.shell:Skip shell extension 'dsv' for command environment
[0.418s] INFO:colcon.colcon_ros.task.ament_cmake.build:Building ROS package in '/home/riyaadh/dev_ws/RhexSLAM/src/my_bot' with build type 'ament_cmake'
[0.418s] INFO:colcon.colcon_cmake.task.cmake.build:Building CMake package in '/home/riyaadh/dev_ws/RhexSLAM/src/my_bot'
[0.418s] INFO:colcon.colcon_core.shell:Skip shell extension 'powershell' for command environment: Not usable outside of PowerShell
[0.418s] DEBUG:colcon.colcon_core.shell:Skip shell extension 'dsv' for command environment
[0.421s] INFO:colcon.colcon_ros.task.ament_cmake.build:Building ROS package in '/home/riyaadh/dev_ws/RhexSLAM/src/rhex_ws/rhex_control' with build type 'ament_cmake'
[0.421s] INFO:colcon.colcon_cmake.task.cmake.build:Building CMake package in '/home/riyaadh/dev_ws/RhexSLAM/src/rhex_ws/rhex_control'
[0.421s] INFO:colcon.colcon_core.shell:Skip shell extension 'powershell' for command environment: Not usable outside of PowerShell
[0.421s] DEBUG:colcon.colcon_core.shell:Skip shell extension 'dsv' for command environment
[0.424s] INFO:colcon.colcon_ros.task.ament_python.build:Building ROS package in '/home/riyaadh/dev_ws/RhexSLAM/src/leg_odometry' with build type 'ament_python'
[0.425s] Level 1:colcon.colcon_core.shell:create_environment_hook('leg_odometry', 'ament_prefix_path')
[0.425s] INFO:colcon.colcon_core.shell:Creating environment hook '/home/riyaadh/dev_ws/RhexSLAM/install/leg_odometry/share/leg_odometry/hook/ament_prefix_path.ps1'
[0.425s] INFO:colcon.colcon_core.shell:Creating environment descriptor '/home/riyaadh/dev_ws/RhexSLAM/install/leg_odometry/share/leg_odometry/hook/ament_prefix_path.dsv'
[0.426s] INFO:colcon.colcon_core.shell:Creating environment hook '/home/riyaadh/dev_ws/RhexSLAM/install/leg_odometry/share/leg_odometry/hook/ament_prefix_path.sh'
[0.426s] INFO:colcon.colcon_core.shell:Skip shell extension 'powershell' for command environment: Not usable outside of PowerShell
[0.427s] DEBUG:colcon.colcon_core.shell:Skip shell extension 'dsv' for command environment
[0.429s] INFO:colcon.colcon_ros.task.ament_python.build:Building ROS package in '/home/riyaadh/dev_ws/RhexSLAM/src/mlx90640_thermal' with build type 'ament_python'
[0.429s] Level 1:colcon.colcon_core.shell:create_environment_hook('mlx90640_thermal', 'ament_prefix_path')
[0.430s] INFO:colcon.colcon_core.shell:Creating environment hook '/home/riyaadh/dev_ws/RhexSLAM/install/mlx90640_thermal/share/mlx90640_thermal/hook/ament_prefix_path.ps1'
[0.430s] INFO:colcon.colcon_core.shell:Creating environment descriptor '/home/riyaadh/dev_ws/RhexSLAM/install/mlx90640_thermal/share/mlx90640_thermal/hook/ament_prefix_path.dsv'
[0.430s] INFO:colcon.colcon_core.shell:Creating environment hook '/home/riyaadh/dev_ws/RhexSLAM/install/mlx90640_thermal/share/mlx90640_thermal/hook/ament_prefix_path.sh'
[0.431s] INFO:colcon.colcon_core.shell:Skip shell extension 'powershell' for command environment: Not usable outside of PowerShell
[0.431s] DEBUG:colcon.colcon_core.shell:Skip shell extension 'dsv' for command environment
[0.434s] INFO:colcon.colcon_ros.task.ament_cmake.build:Building ROS package in '/home/riyaadh/dev_ws/RhexSLAM/src/rhex_ws/rhex_description' with build type 'ament_cmake'
[0.434s] INFO:colcon.colcon_cmake.task.cmake.build:Building CMake package in '/home/riyaadh/dev_ws/RhexSLAM/src/rhex_ws/rhex_description'
[0.434s] INFO:colcon.colcon_core.shell:Skip shell extension 'powershell' for command environment: Not usable outside of PowerShell
[0.434s] DEBUG:colcon.colcon_core.shell:Skip shell extension 'dsv' for command environment
[0.437s] INFO:colcon.colcon_ros.task.ament_cmake.build:Building ROS package in '/home/riyaadh/dev_ws/RhexSLAM/src/ros2_mpu6050' with build type 'ament_cmake'
[0.437s] INFO:colcon.colcon_cmake.task.cmake.build:Building CMake package in '/home/riyaadh/dev_ws/RhexSLAM/src/ros2_mpu6050'
[0.437s] INFO:colcon.colcon_core.shell:Skip shell extension 'powershell' for command environment: Not usable outside of PowerShell
[0.437s] DEBUG:colcon.colcon_core.shell:Skip shell extension 'dsv' for command environment
[0.443s] DEBUG:colcon.colcon_core.event_handler.log_command:Invoking command in '/home/riyaadh/dev_ws/RhexSLAM/build/giga_hw_interface': CMAKE_PREFIX_PATH=${CMAKE_PREFIX_PATH}:/home/riyaadh/dev_ws/RhexSLAM/install/mlx90640_thermal:/home/riyaadh/dev_ws/RhexSLAM/install/leg_odometry:/home/riyaadh/dev_ws/install/rhex_launch:/home/riyaadh/dev_ws/install/mlx90640_thermal:/home/riyaadh/dev_ws/install/leg_odometry:/opt/ros/humble /usr/bin/cmake /home/riyaadh/dev_ws/RhexSLAM/src/rhex_ws/giga_hw_interface -DCMAKE_INSTALL_PREFIX=/home/riyaadh/dev_ws/RhexSLAM/install/giga_hw_interface
[0.446s] DEBUG:colcon.colcon_core.event_handler.log_command:Invoking command in '/home/riyaadh/dev_ws/RhexSLAM/build/my_bot': CMAKE_PREFIX_PATH=${CMAKE_PREFIX_PATH}:/home/riyaadh/dev_ws/RhexSLAM/install/mlx90640_thermal:/home/riyaadh/dev_ws/RhexSLAM/install/leg_odometry:/home/riyaadh/dev_ws/install/rhex_launch:/home/riyaadh/dev_ws/install/mlx90640_thermal:/home/riyaadh/dev_ws/install/leg_odometry:/opt/ros/humble /usr/bin/cmake /home/riyaadh/dev_ws/RhexSLAM/src/my_bot -DCMAKE_INSTALL_PREFIX=/home/riyaadh/dev_ws/RhexSLAM/install/my_bot
[0.448s] DEBUG:colcon.colcon_core.event_handler.log_command:Invoking command in '/home/riyaadh/dev_ws/RhexSLAM/build/rhex_control': CMAKE_PREFIX_PATH=${CMAKE_PREFIX_PATH}:/home/riyaadh/dev_ws/RhexSLAM/install/mlx90640_thermal:/home/riyaadh/dev_ws/RhexSLAM/install/leg_odometry:/home/riyaadh/dev_ws/install/rhex_launch:/home/riyaadh/dev_ws/install/mlx90640_thermal:/home/riyaadh/dev_ws/install/leg_odometry:/opt/ros/humble /usr/bin/cmake /home/riyaadh/dev_ws/RhexSLAM/src/rhex_ws/rhex_control -DCMAKE_INSTALL_PREFIX=/home/riyaadh/dev_ws/RhexSLAM/install/rhex_control
[0.635s] INFO:colcon.colcon_core.task.python.build:Building Python package in '/home/riyaadh/dev_ws/RhexSLAM/src/leg_odometry'
[0.636s] INFO:colcon.colcon_core.shell:Skip shell extension 'powershell' for command environment: Not usable outside of PowerShell
[0.636s] DEBUG:colcon.colcon_core.shell:Skip shell extension 'dsv' for command environment
[0.823s] INFO:colcon.colcon_core.task.python.build:Building Python package in '/home/riyaadh/dev_ws/RhexSLAM/src/mlx90640_thermal'
[0.824s] INFO:colcon.colcon_core.shell:Skip shell extension 'powershell' for command environment: Not usable outside of PowerShell
[0.824s] DEBUG:colcon.colcon_core.shell:Skip shell extension 'dsv' for command environment
[0.831s] DEBUG:colcon.colcon_core.event_handler.log_command:Invoking command in '/home/riyaadh/dev_ws/RhexSLAM/build/rhex_description': CMAKE_PREFIX_PATH=${CMAKE_PREFIX_PATH}:/home/riyaadh/dev_ws/RhexSLAM/install/mlx90640_thermal:/home/riyaadh/dev_ws/RhexSLAM/install/leg_odometry:/home/riyaadh/dev_ws/install/rhex_launch:/home/riyaadh/dev_ws/install/mlx90640_thermal:/home/riyaadh/dev_ws/install/leg_odometry:/opt/ros/humble /usr/bin/cmake --build /home/riyaadh/dev_ws/RhexSLAM/build/rhex_description -- -j16 -l16
[0.836s] DEBUG:colcon.colcon_core.event_handler.log_command:Invoking command in '/home/riyaadh/dev_ws/RhexSLAM/build/ros2_mpu6050': CMAKE_PREFIX_PATH=${CMAKE_PREFIX_PATH}:/home/riyaadh/dev_ws/RhexSLAM/install/mlx90640_thermal:/home/riyaadh/dev_ws/RhexSLAM/install/leg_odometry:/home/riyaadh/dev_ws/install/rhex_launch:/home/riyaadh/dev_ws/install/mlx90640_thermal:/home/riyaadh/dev_ws/install/leg_odometry:/opt/ros/humble /usr/bin/cmake --build /home/riyaadh/dev_ws/RhexSLAM/build/ros2_mpu6050 -- -j16 -l16
[0.837s] Level 1:colcon.colcon_core.environment:create_environment_scripts_only(giga_hw_interface)
[0.837s] DEBUG:colcon.colcon_core.event_handler.log_command:Invoked command in '/home/riyaadh/dev_ws/RhexSLAM/build/giga_hw_interface' returned '1': CMAKE_PREFIX_PATH=${CMAKE_PREFIX_PATH}:/home/riyaadh/dev_ws/RhexSLAM/install/mlx90640_thermal:/home/riyaadh/dev_ws/RhexSLAM/install/leg_odometry:/home/riyaadh/dev_ws/install/rhex_launch:/home/riyaadh/dev_ws/install/mlx90640_thermal:/home/riyaadh/dev_ws/install/leg_odometry:/opt/ros/humble /usr/bin/cmake /home/riyaadh/dev_ws/RhexSLAM/src/rhex_ws/giga_hw_interface -DCMAKE_INSTALL_PREFIX=/home/riyaadh/dev_ws/RhexSLAM/install/giga_hw_interface
[0.841s] Level 1:colcon.colcon_core.environment:checking '/home/riyaadh/dev_ws/RhexSLAM/install/giga_hw_interface' for CMake module files
[0.843s] Level 1:colcon.colcon_core.environment:checking '/home/riyaadh/dev_ws/RhexSLAM/install/giga_hw_interface' for CMake config files
[0.844s] Level 1:colcon.colcon_core.shell:create_environment_hook('giga_hw_interface', 'cmake_prefix_path')
[0.844s] INFO:colcon.colcon_core.shell:Creating environment hook '/home/riyaadh/dev_ws/RhexSLAM/install/giga_hw_interface/share/giga_hw_interface/hook/cmake_prefix_path.ps1'
[0.844s] INFO:colcon.colcon_core.shell:Creating environment descriptor '/home/riyaadh/dev_ws/RhexSLAM/install/giga_hw_interface/share/giga_hw_interface/hook/cmake_prefix_path.dsv'
[0.845s] INFO:colcon.colcon_core.shell:Creating environment hook '/home/riyaadh/dev_ws/RhexSLAM/install/giga_hw_interface/share/giga_hw_interface/hook/cmake_prefix_path.sh'
[0.845s] Level 1:colcon.colcon_core.environment:checking '/home/riyaadh/dev_ws/RhexSLAM/install/giga_hw_interface/lib'
[0.845s] Level 1:colcon.colcon_core.shell:create_environment_hook('giga_hw_interface', 'ld_library_path_lib')
[0.846s] INFO:colcon.colcon_core.shell:Creating environment hook '/home/riyaadh/dev_ws/RhexSLAM/install/giga_hw_interface/share/giga_hw_interface/hook/ld_library_path_lib.ps1'
[0.846s] INFO:colcon.colcon_core.shell:Creating environment descriptor '/home/riyaadh/dev_ws/RhexSLAM/install/giga_hw_interface/share/giga_hw_interface/hook/ld_library_path_lib.dsv'
[0.846s] INFO:colcon.colcon_core.shell:Creating environment hook '/home/riyaadh/dev_ws/RhexSLAM/install/giga_hw_interface/share/giga_hw_interface/hook/ld_library_path_lib.sh'
[0.846s] Level 1:colcon.colcon_core.environment:checking '/home/riyaadh/dev_ws/RhexSLAM/install/giga_hw_interface/bin'
[0.847s] Level 1:colcon.colcon_core.environment:checking '/home/riyaadh/dev_ws/RhexSLAM/install/giga_hw_interface/lib/pkgconfig/giga_hw_interface.pc'
[0.847s] Level 1:colcon.colcon_core.environment:checking '/home/riyaadh/dev_ws/RhexSLAM/install/giga_hw_interface/lib/python3.10/site-packages'
[0.847s] Level 1:colcon.colcon_core.environment:checking '/home/riyaadh/dev_ws/RhexSLAM/install/giga_hw_interface/bin'
[0.847s] INFO:colcon.colcon_core.shell:Creating package script '/home/riyaadh/dev_ws/RhexSLAM/install/giga_hw_interface/share/giga_hw_interface/package.ps1'
[0.848s] INFO:colcon.colcon_core.shell:Creating package descriptor '/home/riyaadh/dev_ws/RhexSLAM/install/giga_hw_interface/share/giga_hw_interface/package.dsv'
[0.849s] INFO:colcon.colcon_core.shell:Creating package script '/home/riyaadh/dev_ws/RhexSLAM/install/giga_hw_interface/share/giga_hw_interface/package.sh'
[0.850s] INFO:colcon.colcon_core.shell:Creating package script '/home/riyaadh/dev_ws/RhexSLAM/install/giga_hw_interface/share/giga_hw_interface/package.bash'
[0.851s] INFO:colcon.colcon_core.shell:Creating package script '/home/riyaadh/dev_ws/RhexSLAM/install/giga_hw_interface/share/giga_hw_interface/package.zsh'
[0.851s] Level 1:colcon.colcon_core.environment:create_file_with_runtime_dependencies(/home/riyaadh/dev_ws/RhexSLAM/install/giga_hw_interface/share/colcon-core/packages/giga_hw_interface)
[0.852s] DEBUG:colcon.colcon_core.event_handler.log_command:Invoked command in '/home/riyaadh/dev_ws/RhexSLAM/build/rhex_control' returned '1': CMAKE_PREFIX_PATH=${CMAKE_PREFIX_PATH}:/home/riyaadh/dev_ws/RhexSLAM/install/mlx90640_thermal:/home/riyaadh/dev_ws/RhexSLAM/install/leg_odometry:/home/riyaadh/dev_ws/install/rhex_launch:/home/riyaadh/dev_ws/install/mlx90640_thermal:/home/riyaadh/dev_ws/install/leg_odometry:/opt/ros/humble /usr/bin/cmake /home/riyaadh/dev_ws/RhexSLAM/src/rhex_ws/rhex_control -DCMAKE_INSTALL_PREFIX=/home/riyaadh/dev_ws/RhexSLAM/install/rhex_control
[0.853s] Level 1:colcon.colcon_core.environment:create_environment_scripts_only(rhex_control)
[0.853s] Level 1:colcon.colcon_core.environment:checking '/home/riyaadh/dev_ws/RhexSLAM/install/rhex_control' for CMake module files
[0.854s] Level 1:colcon.colcon_core.environment:checking '/home/riyaadh/dev_ws/RhexSLAM/install/rhex_control' for CMake config files
[0.854s] Level 1:colcon.colcon_core.shell:create_environment_hook('rhex_control', 'cmake_prefix_path')
[0.854s] INFO:colcon.colcon_core.shell:Creating environment hook '/home/riyaadh/dev_ws/RhexSLAM/install/rhex_control/share/rhex_control/hook/cmake_prefix_path.ps1'
[0.855s] INFO:colcon.colcon_core.shell:Creating environment descriptor '/home/riyaadh/dev_ws/RhexSLAM/install/rhex_control/share/rhex_control/hook/cmake_prefix_path.dsv'
[0.855s] INFO:colcon.colcon_core.shell:Creating environment hook '/home/riyaadh/dev_ws/RhexSLAM/install/rhex_control/share/rhex_control/hook/cmake_prefix_path.sh'
[0.855s] Level 1:colcon.colcon_core.environment:checking '/home/riyaadh/dev_ws/RhexSLAM/install/rhex_control/lib'
[0.855s] Level 1:colcon.colcon_core.environment:checking '/home/riyaadh/dev_ws/RhexSLAM/install/rhex_control/bin'
[0.856s] Level 1:colcon.colcon_core.environment:checking '/home/riyaadh/dev_ws/RhexSLAM/install/rhex_control/lib/pkgconfig/rhex_control.pc'
[0.856s] Level 1:colcon.colcon_core.environment:checking '/home/riyaadh/dev_ws/RhexSLAM/install/rhex_control/lib/python3.10/site-packages'
[0.856s] Level 1:colcon.colcon_core.environment:checking '/home/riyaadh/dev_ws/RhexSLAM/install/rhex_control/bin'
[0.856s] INFO:colcon.colcon_core.shell:Creating package script '/home/riyaadh/dev_ws/RhexSLAM/install/rhex_control/share/rhex_control/package.ps1'
[0.856s] INFO:colcon.colcon_core.shell:Creating package descriptor '/home/riyaadh/dev_ws/RhexSLAM/install/rhex_control/share/rhex_control/package.dsv'
[0.857s] INFO:colcon.colcon_core.shell:Creating package script '/home/riyaadh/dev_ws/RhexSLAM/install/rhex_control/share/rhex_control/package.sh'
[0.857s] INFO:colcon.colcon_core.shell:Creating package script '/home/riyaadh/dev_ws/RhexSLAM/install/rhex_control/share/rhex_control/package.bash'
[0.857s] INFO:colcon.colcon_core.shell:Creating package script '/home/riyaadh/dev_ws/RhexSLAM/install/rhex_control/share/rhex_control/package.zsh'
[0.858s] Level 1:colcon.colcon_core.environment:create_file_with_runtime_dependencies(/home/riyaadh/dev_ws/RhexSLAM/install/rhex_control/share/colcon-core/packages/rhex_control)
[0.859s] DEBUG:colcon.colcon_core.event_handler.log_command:Invoked command in '/home/riyaadh/dev_ws/RhexSLAM/build/my_bot' returned '1': CMAKE_PREFIX_PATH=${CMAKE_PREFIX_PATH}:/home/riyaadh/dev_ws/RhexSLAM/install/mlx90640_thermal:/home/riyaadh/dev_ws/RhexSLAM/install/leg_odometry:/home/riyaadh/dev_ws/install/rhex_launch:/home/riyaadh/dev_ws/install/mlx90640_thermal:/home/riyaadh/dev_ws/install/leg_odometry:/opt/ros/humble /usr/bin/cmake /home/riyaadh/dev_ws/RhexSLAM/src/my_bot -DCMAKE_INSTALL_PREFIX=/home/riyaadh/dev_ws/RhexSLAM/install/my_bot
[0.859s] Level 1:colcon.colcon_core.environment:create_environment_scripts_only(my_bot)
[0.859s] Level 1:colcon.colcon_core.environment:checking '/home/riyaadh/dev_ws/RhexSLAM/install/my_bot' for CMake module files
[0.860s] Level 1:colcon.colcon_core.environment:checking '/home/riyaadh/dev_ws/RhexSLAM/install/my_bot' for CMake config files
[0.861s] Level 1:colcon.colcon_core.shell:create_environment_hook('my_bot', 'cmake_prefix_path')
[0.861s] INFO:colcon.colcon_core.shell:Creating environment hook '/home/riyaadh/dev_ws/RhexSLAM/install/my_bot/share/my_bot/hook/cmake_prefix_path.ps1'
[0.861s] INFO:colcon.colcon_core.shell:Creating environment descriptor '/home/riyaadh/dev_ws/RhexSLAM/install/my_bot/share/my_bot/hook/cmake_prefix_path.dsv'
[0.861s] INFO:colcon.colcon_core.shell:Creating environment hook '/home/riyaadh/dev_ws/RhexSLAM/install/my_bot/share/my_bot/hook/cmake_prefix_path.sh'
[0.862s] Level 1:colcon.colcon_core.environment:checking '/home/riyaadh/dev_ws/RhexSLAM/install/my_bot/lib'
[0.862s] Level 1:colcon.colcon_core.environment:checking '/home/riyaadh/dev_ws/RhexSLAM/install/my_bot/bin'
[0.862s] Level 1:colcon.colcon_core.environment:checking '/home/riyaadh/dev_ws/RhexSLAM/install/my_bot/lib/pkgconfig/my_bot.pc'
[0.862s] Level 1:colcon.colcon_core.environment:checking '/home/riyaadh/dev_ws/RhexSLAM/install/my_bot/lib/python3.10/site-packages'
[0.862s] Level 1:colcon.colcon_core.environment:checking '/home/riyaadh/dev_ws/RhexSLAM/install/my_bot/bin'
[0.862s] INFO:colcon.colcon_core.shell:Creating package script '/home/riyaadh/dev_ws/RhexSLAM/install/my_bot/share/my_bot/package.ps1'
[0.863s] INFO:colcon.colcon_core.shell:Creating package descriptor '/home/riyaadh/dev_ws/RhexSLAM/install/my_bot/share/my_bot/package.dsv'
[0.863s] INFO:colcon.colcon_core.shell:Creating package script '/home/riyaadh/dev_ws/RhexSLAM/install/my_bot/share/my_bot/package.sh'
[0.863s] INFO:colcon.colcon_core.shell:Creating package script '/home/riyaadh/dev_ws/RhexSLAM/install/my_bot/share/my_bot/package.bash'
[0.863s] INFO:colcon.colcon_core.shell:Creating package script '/home/riyaadh/dev_ws/RhexSLAM/install/my_bot/share/my_bot/package.zsh'
[0.864s] Level 1:colcon.colcon_core.environment:create_file_with_runtime_dependencies(/home/riyaadh/dev_ws/RhexSLAM/install/my_bot/share/colcon-core/packages/my_bot)
[0.875s] DEBUG:colcon.colcon_parallel_executor.executor.parallel:closing loop
[0.876s] DEBUG:colcon.colcon_parallel_executor.executor.parallel:loop closed
[0.876s] DEBUG:colcon.colcon_parallel_executor.executor.parallel:run_until_complete finished with '1'
[0.876s] DEBUG:colcon.colcon_core.event_reactor:joining thread
[0.883s] INFO:colcon.colcon_core.plugin_system:Skipping extension 'colcon_notification.desktop_notification.terminal_notifier': Not used on non-Darwin systems
[0.883s] INFO:colcon.colcon_core.plugin_system:Skipping extension 'colcon_notification.desktop_notification.win32': Not used on non-Windows systems
[0.883s] INFO:colcon.colcon_notification.desktop_notification:Sending desktop notification using 'notify2'
[0.927s] DEBUG:colcon.colcon_core.event_reactor:joined thread
[0.928s] INFO:colcon.colcon_core.shell:Creating prefix script '/home/riyaadh/dev_ws/RhexSLAM/install/local_setup.ps1'
[0.929s] INFO:colcon.colcon_core.shell:Creating prefix util module '/home/riyaadh/dev_ws/RhexSLAM/install/_local_setup_util_ps1.py'
[0.930s] INFO:colcon.colcon_core.shell:Creating prefix chain script '/home/riyaadh/dev_ws/RhexSLAM/install/setup.ps1'
[0.931s] INFO:colcon.colcon_core.shell:Creating prefix script '/home/riyaadh/dev_ws/RhexSLAM/install/local_setup.sh'
[0.931s] INFO:colcon.colcon_core.shell:Creating prefix util module '/home/riyaadh/dev_ws/RhexSLAM/install/_local_setup_util_sh.py'
[0.932s] INFO:colcon.colcon_core.shell:Creating prefix chain script '/home/riyaadh/dev_ws/RhexSLAM/install/setup.sh'
[0.933s] INFO:colcon.colcon_core.shell:Creating prefix script '/home/riyaadh/dev_ws/RhexSLAM/install/local_setup.bash'
[0.933s] INFO:colcon.colcon_core.shell:Creating prefix chain script '/home/riyaadh/dev_ws/RhexSLAM/install/setup.bash'
[0.934s] INFO:colcon.colcon_core.shell:Creating prefix script '/home/riyaadh/dev_ws/RhexSLAM/install/local_setup.zsh'
[0.935s] INFO:colcon.colcon_core.shell:Creating prefix chain script '/home/riyaadh/dev_ws/RhexSLAM/install/setup.zsh'
