[0.046s] Invoking command in '/home/innovation/dev_ws/build/giga_hw_interface': CMAKE_PREFIX_PATH=${CMAKE_PREFIX_PATH}:/opt/ros/jazzy DEBUGINFOD_URLS=https://debuginfod.ubuntu.com /usr/bin/cmake --build /home/innovation/dev_ws/build/giga_hw_interface -- -j4 -l4
[0.975s] -- Found ament_cmake: 2.5.4 (/opt/ros/jazzy/share/ament_cmake/cmake)
[0.975s] -- Override CMake install command with custom implementation using symlinks instead of copying resources
[0.975s] -- Found hardware_interface: 4.29.0 (/opt/ros/jazzy/share/hardware_interface/cmake)
[0.975s] -- Found rosidl_generator_c: 4.6.5 (/opt/ros/jazzy/share/rosidl_generator_c/cmake)
[0.975s] -- Found rosidl_generator_cpp: 4.6.5 (/opt/ros/jazzy/share/rosidl_generator_cpp/cmake)
[0.976s] -- Using all available rosidl_typesupport_c: rosidl_typesupport_fastrtps_c;rosidl_typesupport_introspection_c
[0.976s] -- Using all available rosidl_typesupport_cpp: rosidl_typesupport_fastrtps_cpp;rosidl_typesupport_introspection_cpp
[1.038s] -- Found TinyXML2 via Config file: /usr/lib/aarch64-linux-gnu/cmake/tinyxml2
[1.109s] -- Found rmw_implementation_cmake: 7.3.2 (/opt/ros/jazzy/share/rmw_implementation_cmake/cmake)
[1.114s] -- Found rmw_fastrtps_cpp: 8.4.2 (/opt/ros/jazzy/share/rmw_fastrtps_cpp/cmake)
[1.171s] -- Found TinyXML2 via Config file: /usr/lib/aarch64-linux-gnu/cmake/tinyxml2
[1.197s] -- Found TinyXML2 via Config file: /usr/lib/aarch64-linux-gnu/cmake/tinyxml2
[1.241s] -- Found TinyXML2 via Config file: /usr/lib/aarch64-linux-gnu/cmake/tinyxml2
[1.265s] -- Found TinyXML2 via Config file: /usr/lib/aarch64-linux-gnu/cmake/tinyxml2
[1.302s] -- Using RMW implementation 'rmw_fastrtps_cpp' as default
[1.782s] -- Configuring done (1.7s)
[1.830s] -- Generating done (0.0s)
[1.869s] -- Build files have been written to: /home/innovation/dev_ws/build/giga_hw_interface
[1.992s] [100%] Built target giga_hw_interface
[2.042s] Invoked command in '/home/innovation/dev_ws/build/giga_hw_interface' returned '0': CMAKE_PREFIX_PATH=${CMAKE_PREFIX_PATH}:/opt/ros/jazzy DEBUGINFOD_URLS=https://debuginfod.ubuntu.com /usr/bin/cmake --build /home/innovation/dev_ws/build/giga_hw_interface -- -j4 -l4
[2.046s] Invoking command in '/home/innovation/dev_ws/build/giga_hw_interface': CMAKE_PREFIX_PATH=${CMAKE_PREFIX_PATH}:/opt/ros/jazzy DEBUGINFOD_URLS=https://debuginfod.ubuntu.com /usr/bin/cmake --install /home/innovation/dev_ws/build/giga_hw_interface
[2.064s] -- Install configuration: ""
[2.066s] -- Execute custom install script
[2.069s] -- Up-to-date symlink: /home/innovation/dev_ws/install/giga_hw_interface/share/giga_hw_interface//giga_hardware_plugins.xml
[2.072s] -- Up-to-date symlink: /home/innovation/dev_ws/install/giga_hw_interface/share/giga_hw_interface/giga_hardware_plugins.xml
[2.072s] -- Symlinking: /home/innovation/dev_ws/install/giga_hw_interface/share/giga_hw_interface//giga.launch.py
[2.098s] -- Symlinking: /home/innovation/dev_ws/install/giga_hw_interface/share/ament_index/resource_index/package_run_dependencies/giga_hw_interface
[2.124s] -- Symlinking: /home/innovation/dev_ws/install/giga_hw_interface/share/ament_index/resource_index/parent_prefix_path/giga_hw_interface
[2.158s] -- Symlinking: /home/innovation/dev_ws/install/giga_hw_interface/share/giga_hw_interface/environment/ament_prefix_path.sh
[2.180s] -- Symlinking: /home/innovation/dev_ws/install/giga_hw_interface/share/giga_hw_interface/environment/ament_prefix_path.dsv
[2.212s] -- Symlinking: /home/innovation/dev_ws/install/giga_hw_interface/share/giga_hw_interface/environment/path.sh
[2.250s] -- Symlinking: /home/innovation/dev_ws/install/giga_hw_interface/share/giga_hw_interface/environment/path.dsv
[2.282s] -- Symlinking: /home/innovation/dev_ws/install/giga_hw_interface/share/giga_hw_interface/local_setup.bash
[2.311s] -- Symlinking: /home/innovation/dev_ws/install/giga_hw_interface/share/giga_hw_interface/local_setup.sh
[2.347s] -- Symlinking: /home/innovation/dev_ws/install/giga_hw_interface/share/giga_hw_interface/local_setup.zsh
[2.378s] -- Symlinking: /home/innovation/dev_ws/install/giga_hw_interface/share/giga_hw_interface/local_setup.dsv
[2.401s] -- Symlinking: /home/innovation/dev_ws/install/giga_hw_interface/share/giga_hw_interface/package.dsv
[2.436s] -- Symlinking: /home/innovation/dev_ws/install/giga_hw_interface/share/ament_index/resource_index/packages/giga_hw_interface
[2.459s] -- Symlinking: /home/innovation/dev_ws/install/giga_hw_interface/share/ament_index/resource_index/hardware_interface__pluginlib__plugin/giga_hw_interface
[2.482s] -- Symlinking: /home/innovation/dev_ws/install/giga_hw_interface/share/giga_hw_interface/cmake/giga_hw_interfaceConfig.cmake
[2.504s] -- Symlinking: /home/innovation/dev_ws/install/giga_hw_interface/share/giga_hw_interface/cmake/giga_hw_interfaceConfig-version.cmake
[2.545s] -- Symlinking: /home/innovation/dev_ws/install/giga_hw_interface/share/giga_hw_interface/package.xml
[2.568s] -- Installing: /home/innovation/dev_ws/install/giga_hw_interface/lib/libgiga_hw_interface.so
[2.572s] -- Set non-toolchain portion of runtime path of "/home/innovation/dev_ws/install/giga_hw_interface/lib/libgiga_hw_interface.so" to ""
[2.576s] Invoked command in '/home/innovation/dev_ws/build/giga_hw_interface' returned '0': CMAKE_PREFIX_PATH=${CMAKE_PREFIX_PATH}:/opt/ros/jazzy DEBUGINFOD_URLS=https://debuginfod.ubuntu.com /usr/bin/cmake --install /home/innovation/dev_ws/build/giga_hw_interface
