-- The C compiler identification is GNU 13.3.0
-- The CXX compiler identification is GNU 13.3.0
-- Detecting C compiler ABI info
-- Detecting C compiler ABI info - done
-- Check for working C compiler: /usr/bin/cc - skipped
-- Detecting C compile features
-- Detecting C compile features - done
-- Detecting CXX compiler ABI info
-- Detecting CXX compiler ABI info - done
-- Check for working CXX compiler: /usr/bin/c++ - skipped
-- Detecting CXX compile features
-- Detecting CXX compile features - done
-- Found ament_cmake: 2.5.4 (/opt/ros/jazzy/share/ament_cmake/cmake)
-- Found Python3: /usr/bin/python3 (found version "3.12.3") found components: Interpreter 
-- Override CMake install command with custom implementation using symlinks instead of copying resources
-- Found ament_lint_auto: 0.17.2 (/opt/ros/jazzy/share/ament_lint_auto/cmake)
-- Added test 'copyright' to check source files copyright and LICENSE
-- Added test 'flake8' to check Python code syntax and style conventions
-- Configured 'flake8' exclude dirs and/or files: 
-- Added test 'lint_cmake' to check CMake code style
-- Added test 'pep257' to check Python code against some of the docstring style conventions in PEP 257
-- Added test 'xmllint' to check XML markup files
-- Configuring done (2.0s)
-- Generating done (0.0s)
-- Build files have been written to: /home/innovation/dev_ws/build/my_bot
-- Install configuration: ""
-- Execute custom install script
-- Symlinking: /home/innovation/dev_ws/install/my_bot/share/my_bot/config/ekf.yaml
-- Symlinking: /home/innovation/dev_ws/install/my_bot/share/my_bot/config/empty.yaml
-- Symlinking: /home/innovation/dev_ws/install/my_bot/share/my_bot/config/madgwick_params.yaml
-- Symlinking: /home/innovation/dev_ws/install/my_bot/share/my_bot/config/my_slam_params.yaml
-- Symlinking: /home/innovation/dev_ws/install/my_bot/share/my_bot/config/nav2_params.yaml
-- Symlinking: /home/innovation/dev_ws/install/my_bot/share/my_bot/config/view_bot.rviz
-- Symlinking: /home/innovation/dev_ws/install/my_bot/share/my_bot/description/meshes/chassis.stl
-- Symlinking: /home/innovation/dev_ws/install/my_bot/share/my_bot/description/meshes/left_leg.stl
-- Symlinking: /home/innovation/dev_ws/install/my_bot/share/my_bot/description/meshes/lidar.stl
-- Symlinking: /home/innovation/dev_ws/install/my_bot/share/my_bot/description/meshes/right_leg.stl
-- Symlinking: /home/innovation/dev_ws/install/my_bot/share/my_bot/description/meshes/stereo_camera.stl
-- Symlinking: /home/innovation/dev_ws/install/my_bot/share/my_bot/description/meshes/thermal_camera.stl
-- Symlinking: /home/innovation/dev_ws/install/my_bot/share/my_bot/description/xacro/rhex.urdf.xacro
-- Symlinking: /home/innovation/dev_ws/install/my_bot/share/my_bot/launch/custom_navigation_launch.py
-- Symlinking: /home/innovation/dev_ws/install/my_bot/share/my_bot/launch/display.launch.py
-- Symlinking: /home/innovation/dev_ws/install/my_bot/share/my_bot/launch/slam.launch.py
-- Symlinking: /home/innovation/dev_ws/install/my_bot/share/my_bot/worlds/empty.world
-- Symlinking: /home/innovation/dev_ws/install/my_bot/share/ament_index/resource_index/package_run_dependencies/my_bot
-- Symlinking: /home/innovation/dev_ws/install/my_bot/share/ament_index/resource_index/parent_prefix_path/my_bot
-- Symlinking: /home/innovation/dev_ws/install/my_bot/share/my_bot/environment/ament_prefix_path.sh
-- Symlinking: /home/innovation/dev_ws/install/my_bot/share/my_bot/environment/ament_prefix_path.dsv
-- Symlinking: /home/innovation/dev_ws/install/my_bot/share/my_bot/environment/path.sh
-- Symlinking: /home/innovation/dev_ws/install/my_bot/share/my_bot/environment/path.dsv
-- Symlinking: /home/innovation/dev_ws/install/my_bot/share/my_bot/local_setup.bash
-- Symlinking: /home/innovation/dev_ws/install/my_bot/share/my_bot/local_setup.sh
-- Symlinking: /home/innovation/dev_ws/install/my_bot/share/my_bot/local_setup.zsh
-- Symlinking: /home/innovation/dev_ws/install/my_bot/share/my_bot/local_setup.dsv
-- Symlinking: /home/innovation/dev_ws/install/my_bot/share/my_bot/package.dsv
-- Symlinking: /home/innovation/dev_ws/install/my_bot/share/ament_index/resource_index/packages/my_bot
-- Symlinking: /home/innovation/dev_ws/install/my_bot/share/my_bot/cmake/my_botConfig.cmake
-- Symlinking: /home/innovation/dev_ws/install/my_bot/share/my_bot/cmake/my_botConfig-version.cmake
-- Symlinking: /home/innovation/dev_ws/install/my_bot/share/my_bot/package.xml
