running develop
running egg_info
creating leg_odometry.egg-info
writing leg_odometry.egg-info/PKG-INFO
writing dependency_links to leg_odometry.egg-info/dependency_links.txt
writing entry points to leg_odometry.egg-info/entry_points.txt
writing requirements to leg_odometry.egg-info/requires.txt
writing top-level names to leg_odometry.egg-info/top_level.txt
writing manifest file 'leg_odometry.egg-info/SOURCES.txt'
reading manifest file 'leg_odometry.egg-info/SOURCES.txt'
writing manifest file 'leg_odometry.egg-info/SOURCES.txt'
running build_ext
Creating /home/innovation/dev_ws/install/leg_odometry/lib/python3.12/site-packages/leg-odometry.egg-link (link to .)
Installing leg_odometry_node script to /home/innovation/dev_ws/install/leg_odometry/lib/leg_odometry

Installed /home/innovation/dev_ws/build/leg_odometry
running symlink_data
creating /home/innovation/dev_ws/install/leg_odometry/share/ament_index
creating /home/innovation/dev_ws/install/leg_odometry/share/ament_index/resource_index
creating /home/innovation/dev_ws/install/leg_odometry/share/ament_index/resource_index/packages
symbolically linking /home/innovation/dev_ws/build/leg_odometry/resource/leg_odometry -> /home/innovation/dev_ws/install/leg_odometry/share/ament_index/resource_index/packages
symbolically linking /home/innovation/dev_ws/build/leg_odometry/package.xml -> /home/innovation/dev_ws/install/leg_odometry/share/leg_odometry
