[2.277s] Invoking command in '/home/innovation/dev_ws/build/leg_odometry': DEBUGINFOD_URLS=https://debuginfod.ubuntu.com PYTHONPATH=/home/innovation/dev_ws/build/leg_odometry/prefix_override:/usr/lib/python3/dist-packages/colcon_core/task/python/colcon_distutils_commands:/home/innovation/dev_ws/install/leg_odometry/lib/python3.12/site-packages:${PYTHONPATH} /usr/bin/python3 -W ignore:setup.py install is deprecated -W ignore:easy_install command is deprecated setup.py develop --editable --build-directory /home/innovation/dev_ws/build/leg_odometry/build --no-deps symlink_data
[2.961s] running develop
[3.328s] running egg_info
[3.329s] creating leg_odometry.egg-info
[3.366s] writing leg_odometry.egg-info/PKG-INFO
[3.367s] writing dependency_links to leg_odometry.egg-info/dependency_links.txt
[3.371s] writing entry points to leg_odometry.egg-info/entry_points.txt
[3.371s] writing requirements to leg_odometry.egg-info/requires.txt
[3.371s] writing top-level names to leg_odometry.egg-info/top_level.txt
[3.371s] writing manifest file 'leg_odometry.egg-info/SOURCES.txt'
[3.456s] reading manifest file 'leg_odometry.egg-info/SOURCES.txt'
[3.458s] writing manifest file 'leg_odometry.egg-info/SOURCES.txt'
[3.511s] running build_ext
[3.511s] Creating /home/innovation/dev_ws/install/leg_odometry/lib/python3.12/site-packages/leg-odometry.egg-link (link to .)
[3.512s] Installing leg_odometry_node script to /home/innovation/dev_ws/install/leg_odometry/lib/leg_odometry
[3.514s] 
[3.514s] Installed /home/innovation/dev_ws/build/leg_odometry
[3.514s] running symlink_data
[3.514s] creating /home/innovation/dev_ws/install/leg_odometry/share/ament_index
[3.515s] creating /home/innovation/dev_ws/install/leg_odometry/share/ament_index/resource_index
[3.515s] creating /home/innovation/dev_ws/install/leg_odometry/share/ament_index/resource_index/packages
[3.516s] symbolically linking /home/innovation/dev_ws/build/leg_odometry/resource/leg_odometry -> /home/innovation/dev_ws/install/leg_odometry/share/ament_index/resource_index/packages
[3.516s] symbolically linking /home/innovation/dev_ws/build/leg_odometry/package.xml -> /home/innovation/dev_ws/install/leg_odometry/share/leg_odometry
[3.661s] Invoked command in '/home/innovation/dev_ws/build/leg_odometry' returned '0': DEBUGINFOD_URLS=https://debuginfod.ubuntu.com PYTHONPATH=/home/innovation/dev_ws/build/leg_odometry/prefix_override:/usr/lib/python3/dist-packages/colcon_core/task/python/colcon_distutils_commands:/home/innovation/dev_ws/install/leg_odometry/lib/python3.12/site-packages:${PYTHONPATH} /usr/bin/python3 -W ignore:setup.py install is deprecated -W ignore:easy_install command is deprecated setup.py develop --editable --build-directory /home/innovation/dev_ws/build/leg_odometry/build --no-deps symlink_data
