-- Install configuration: ""
-- Execute custom install script
-- Up-to-date symlink: /home/innovation/dev_ws/install/rhex_description/share/ament_index/resource_index/package_run_dependencies/rhex_description
-- Up-to-date symlink: /home/innovation/dev_ws/install/rhex_description/share/ament_index/resource_index/parent_prefix_path/rhex_description
-- Up-to-date symlink: /home/innovation/dev_ws/install/rhex_description/share/rhex_description/environment/ament_prefix_path.sh
-- Up-to-date symlink: /home/innovation/dev_ws/install/rhex_description/share/rhex_description/environment/ament_prefix_path.dsv
-- Up-to-date symlink: /home/innovation/dev_ws/install/rhex_description/share/rhex_description/environment/path.sh
-- Up-to-date symlink: /home/innovation/dev_ws/install/rhex_description/share/rhex_description/environment/path.dsv
-- Up-to-date symlink: /home/innovation/dev_ws/install/rhex_description/share/rhex_description/local_setup.bash
-- Up-to-date symlink: /home/innovation/dev_ws/install/rhex_description/share/rhex_description/local_setup.sh
-- Up-to-date symlink: /home/innovation/dev_ws/install/rhex_description/share/rhex_description/local_setup.zsh
-- Up-to-date symlink: /home/innovation/dev_ws/install/rhex_description/share/rhex_description/local_setup.dsv
-- Symlinking: /home/innovation/dev_ws/install/rhex_description/share/rhex_description/package.dsv
-- Up-to-date symlink: /home/innovation/dev_ws/install/rhex_description/share/ament_index/resource_index/packages/rhex_description
-- Up-to-date symlink: /home/innovation/dev_ws/install/rhex_description/share/rhex_description/cmake/rhex_descriptionConfig.cmake
-- Up-to-date symlink: /home/innovation/dev_ws/install/rhex_description/share/rhex_description/cmake/rhex_descriptionConfig-version.cmake
-- Up-to-date symlink: /home/innovation/dev_ws/install/rhex_description/share/rhex_description/package.xml
-- Up-to-date: /home/innovation/dev_ws/install/rhex_description/share/rhex_description/urdf
-- Up-to-date: /home/innovation/dev_ws/install/rhex_description/share/rhex_description/urdf/rhex.control.xacro
-- Up-to-date: /home/innovation/dev_ws/install/rhex_description/share/rhex_description/urdf/rhex.trans
-- Up-to-date: /home/innovation/dev_ws/install/rhex_description/share/rhex_description/urdf/rhex.gazebo
-- Up-to-date: /home/innovation/dev_ws/install/rhex_description/share/rhex_description/urdf/materials.xacro
-- Up-to-date: /home/innovation/dev_ws/install/rhex_description/share/rhex_description/urdf/rhex.xacro
-- Up-to-date: /home/innovation/dev_ws/install/rhex_description/share/rhex_description/urdf/macros.xacro
-- Up-to-date: /home/innovation/dev_ws/install/rhex_description/share/rhex_description/urdf/joints_interfaces.xacro
-- Up-to-date: /home/innovation/dev_ws/install/rhex_description/share/rhex_description/meshes
-- Up-to-date: /home/innovation/dev_ws/install/rhex_description/share/rhex_description/meshes/Chassis.stl
-- Up-to-date: /home/innovation/dev_ws/install/rhex_description/share/rhex_description/meshes/thermal_camera.stl
-- Up-to-date: /home/innovation/dev_ws/install/rhex_description/share/rhex_description/meshes/left_leg.stl
-- Up-to-date: /home/innovation/dev_ws/install/rhex_description/share/rhex_description/meshes/lidar.stl
-- Up-to-date: /home/innovation/dev_ws/install/rhex_description/share/rhex_description/meshes/stereo_camera.stl
-- Up-to-date: /home/innovation/dev_ws/install/rhex_description/share/rhex_description/meshes/right_leg.stl
