[0.143s] DEBUG:colcon:Command line arguments: ['/usr/bin/colcon', 'build', '--symlink-install']
[0.143s] DEBUG:colcon:Parsed command line arguments: Namespace(log_base=None, log_level=None, verb_name='build', build_base='build', install_base='install', merge_install=False, symlink_install=True, test_result_base=None, continue_on_error=False, executor='parallel', parallel_workers=4, event_handlers=None, ignore_user_meta=False, metas=['./colcon.meta'], base_paths=['.'], packages_ignore=None, packages_ignore_regex=None, paths=None, packages_up_to=None, packages_up_to_regex=None, packages_above=None, packages_above_and_dependencies=None, packages_above_depth=None, packages_select_by_dep=None, packages_skip_by_dep=None, packages_skip_up_to=None, packages_select_build_failed=False, packages_skip_build_finished=False, packages_select_test_failures=False, packages_skip_test_passed=False, packages_select=None, packages_skip=None, packages_select_regex=None, packages_skip_regex=None, packages_start=None, packages_end=None, cmake_args=None, cmake_target=None, cmake_target_skip_unavailable=False, cmake_clean_cache=False, cmake_clean_first=False, cmake_force_configure=False, ament_cmake_args=None, catkin_cmake_args=None, catkin_skip_building_tests=False, verb_parser=<colcon_defaults.argument_parser.defaults.DefaultArgumentsDecorator object at 0xffff88b64380>, verb_extension=<colcon_core.verb.build.BuildVerb object at 0xffff88f053d0>, main=<bound method BuildVerb.main of <colcon_core.verb.build.BuildVerb object at 0xffff88f053d0>>)
[0.201s] Level 1:colcon.colcon_core.package_discovery:discover_packages(colcon_meta) check parameters
[0.201s] Level 1:colcon.colcon_core.package_discovery:discover_packages(recursive) check parameters
[0.201s] Level 1:colcon.colcon_core.package_discovery:discover_packages(ignore) check parameters
[0.201s] Level 1:colcon.colcon_core.package_discovery:discover_packages(path) check parameters
[0.201s] Level 1:colcon.colcon_core.package_discovery:discover_packages(colcon_meta) discover
[0.201s] Level 1:colcon.colcon_core.package_discovery:discover_packages(recursive) discover
[0.201s] INFO:colcon.colcon_core.package_discovery:Crawling recursively for packages in '/home/innovation/dev_ws'
[0.201s] Level 1:colcon.colcon_core.package_identification:_identify(.) by extensions ['ignore', 'ignore_ament_install']
[0.201s] Level 1:colcon.colcon_core.package_identification:_identify(.) by extension 'ignore'
[0.201s] Level 1:colcon.colcon_core.package_identification:_identify(.) by extension 'ignore_ament_install'
[0.202s] Level 1:colcon.colcon_core.package_identification:_identify(.) by extensions ['colcon_pkg']
[0.202s] Level 1:colcon.colcon_core.package_identification:_identify(.) by extension 'colcon_pkg'
[0.202s] Level 1:colcon.colcon_core.package_identification:_identify(.) by extensions ['colcon_meta']
[0.202s] Level 1:colcon.colcon_core.package_identification:_identify(.) by extension 'colcon_meta'
[0.202s] Level 1:colcon.colcon_core.package_identification:_identify(.) by extensions ['ros']
[0.202s] Level 1:colcon.colcon_core.package_identification:_identify(.) by extension 'ros'
[0.240s] Level 1:colcon.colcon_core.package_identification:_identify(.) by extensions ['cmake', 'python']
[0.240s] Level 1:colcon.colcon_core.package_identification:_identify(.) by extension 'cmake'
[0.240s] Level 1:colcon.colcon_core.package_identification:_identify(.) by extension 'python'
[0.240s] Level 1:colcon.colcon_core.package_identification:_identify(.) by extensions ['python_setup_py']
[0.240s] Level 1:colcon.colcon_core.package_identification:_identify(.) by extension 'python_setup_py'
[0.240s] Level 1:colcon.colcon_core.package_identification:_identify(build) by extensions ['ignore', 'ignore_ament_install']
[0.241s] Level 1:colcon.colcon_core.package_identification:_identify(build) by extension 'ignore'
[0.241s] Level 1:colcon.colcon_core.package_identification:_identify(build) ignored
[0.241s] Level 1:colcon.colcon_core.package_identification:_identify(install) by extensions ['ignore', 'ignore_ament_install']
[0.241s] Level 1:colcon.colcon_core.package_identification:_identify(install) by extension 'ignore'
[0.241s] Level 1:colcon.colcon_core.package_identification:_identify(install) ignored
[0.241s] Level 1:colcon.colcon_core.package_identification:_identify(log) by extensions ['ignore', 'ignore_ament_install']
[0.241s] Level 1:colcon.colcon_core.package_identification:_identify(log) by extension 'ignore'
[0.241s] Level 1:colcon.colcon_core.package_identification:_identify(log) ignored
[0.241s] Level 1:colcon.colcon_core.package_identification:_identify(src) by extensions ['ignore', 'ignore_ament_install']
[0.241s] Level 1:colcon.colcon_core.package_identification:_identify(src) by extension 'ignore'
[0.242s] Level 1:colcon.colcon_core.package_identification:_identify(src) by extension 'ignore_ament_install'
[0.242s] Level 1:colcon.colcon_core.package_identification:_identify(src) by extensions ['colcon_pkg']
[0.242s] Level 1:colcon.colcon_core.package_identification:_identify(src) by extension 'colcon_pkg'
[0.242s] Level 1:colcon.colcon_core.package_identification:_identify(src) by extensions ['colcon_meta']
[0.242s] Level 1:colcon.colcon_core.package_identification:_identify(src) by extension 'colcon_meta'
[0.242s] Level 1:colcon.colcon_core.package_identification:_identify(src) by extensions ['ros']
[0.242s] Level 1:colcon.colcon_core.package_identification:_identify(src) by extension 'ros'
[0.242s] Level 1:colcon.colcon_core.package_identification:_identify(src) by extensions ['cmake', 'python']
[0.242s] Level 1:colcon.colcon_core.package_identification:_identify(src) by extension 'cmake'
[0.242s] Level 1:colcon.colcon_core.package_identification:_identify(src) by extension 'python'
[0.242s] Level 1:colcon.colcon_core.package_identification:_identify(src) by extensions ['python_setup_py']
[0.242s] Level 1:colcon.colcon_core.package_identification:_identify(src) by extension 'python_setup_py'
[0.242s] Level 1:colcon.colcon_core.package_identification:_identify(src/leg_odometry) by extensions ['ignore', 'ignore_ament_install']
[0.242s] Level 1:colcon.colcon_core.package_identification:_identify(src/leg_odometry) by extension 'ignore'
[0.242s] Level 1:colcon.colcon_core.package_identification:_identify(src/leg_odometry) by extension 'ignore_ament_install'
[0.242s] Level 1:colcon.colcon_core.package_identification:_identify(src/leg_odometry) by extensions ['colcon_pkg']
[0.242s] Level 1:colcon.colcon_core.package_identification:_identify(src/leg_odometry) by extension 'colcon_pkg'
[0.242s] Level 1:colcon.colcon_core.package_identification:_identify(src/leg_odometry) by extensions ['colcon_meta']
[0.242s] Level 1:colcon.colcon_core.package_identification:_identify(src/leg_odometry) by extension 'colcon_meta'
[0.243s] Level 1:colcon.colcon_core.package_identification:_identify(src/leg_odometry) by extensions ['ros']
[0.243s] Level 1:colcon.colcon_core.package_identification:_identify(src/leg_odometry) by extension 'ros'
[0.246s] DEBUG:colcon.colcon_core.package_identification:Package 'src/leg_odometry' with type 'ros.ament_python' and name 'leg_odometry'
[0.246s] Level 1:colcon.colcon_core.package_identification:_identify(src/mlx90640_thermal) by extensions ['ignore', 'ignore_ament_install']
[0.246s] Level 1:colcon.colcon_core.package_identification:_identify(src/mlx90640_thermal) by extension 'ignore'
[0.247s] Level 1:colcon.colcon_core.package_identification:_identify(src/mlx90640_thermal) by extension 'ignore_ament_install'
[0.247s] Level 1:colcon.colcon_core.package_identification:_identify(src/mlx90640_thermal) by extensions ['colcon_pkg']
[0.247s] Level 1:colcon.colcon_core.package_identification:_identify(src/mlx90640_thermal) by extension 'colcon_pkg'
[0.247s] Level 1:colcon.colcon_core.package_identification:_identify(src/mlx90640_thermal) by extensions ['colcon_meta']
[0.247s] Level 1:colcon.colcon_core.package_identification:_identify(src/mlx90640_thermal) by extension 'colcon_meta'
[0.247s] Level 1:colcon.colcon_core.package_identification:_identify(src/mlx90640_thermal) by extensions ['ros']
[0.247s] Level 1:colcon.colcon_core.package_identification:_identify(src/mlx90640_thermal) by extension 'ros'
[0.248s] DEBUG:colcon.colcon_core.package_identification:Package 'src/mlx90640_thermal' with type 'ros.ament_python' and name 'mlx90640_thermal'
[0.248s] Level 1:colcon.colcon_core.package_identification:_identify(src/my_bot) by extensions ['ignore', 'ignore_ament_install']
[0.248s] Level 1:colcon.colcon_core.package_identification:_identify(src/my_bot) by extension 'ignore'
[0.248s] Level 1:colcon.colcon_core.package_identification:_identify(src/my_bot) by extension 'ignore_ament_install'
[0.248s] Level 1:colcon.colcon_core.package_identification:_identify(src/my_bot) by extensions ['colcon_pkg']
[0.248s] Level 1:colcon.colcon_core.package_identification:_identify(src/my_bot) by extension 'colcon_pkg'
[0.248s] Level 1:colcon.colcon_core.package_identification:_identify(src/my_bot) by extensions ['colcon_meta']
[0.248s] Level 1:colcon.colcon_core.package_identification:_identify(src/my_bot) by extension 'colcon_meta'
[0.248s] Level 1:colcon.colcon_core.package_identification:_identify(src/my_bot) by extensions ['ros']
[0.248s] Level 1:colcon.colcon_core.package_identification:_identify(src/my_bot) by extension 'ros'
[0.249s] DEBUG:colcon.colcon_core.package_identification:Package 'src/my_bot' with type 'ros.ament_cmake' and name 'my_bot'
[0.249s] Level 1:colcon.colcon_core.package_identification:_identify(src/ros2_mpu6050) by extensions ['ignore', 'ignore_ament_install']
[0.249s] Level 1:colcon.colcon_core.package_identification:_identify(src/ros2_mpu6050) by extension 'ignore'
[0.249s] Level 1:colcon.colcon_core.package_identification:_identify(src/ros2_mpu6050) by extension 'ignore_ament_install'
[0.249s] Level 1:colcon.colcon_core.package_identification:_identify(src/ros2_mpu6050) by extensions ['colcon_pkg']
[0.249s] Level 1:colcon.colcon_core.package_identification:_identify(src/ros2_mpu6050) by extension 'colcon_pkg'
[0.249s] Level 1:colcon.colcon_core.package_identification:_identify(src/ros2_mpu6050) by extensions ['colcon_meta']
[0.249s] Level 1:colcon.colcon_core.package_identification:_identify(src/ros2_mpu6050) by extension 'colcon_meta'
[0.249s] Level 1:colcon.colcon_core.package_identification:_identify(src/ros2_mpu6050) by extensions ['ros']
[0.249s] Level 1:colcon.colcon_core.package_identification:_identify(src/ros2_mpu6050) by extension 'ros'
[0.250s] DEBUG:colcon.colcon_core.package_identification:Package 'src/ros2_mpu6050' with type 'ros.ament_cmake' and name 'ros2_mpu6050'
[0.250s] Level 1:colcon.colcon_core.package_discovery:discover_packages(recursive) using defaults
[0.252s] Level 1:colcon.colcon_core.package_discovery:discover_packages(ignore) discover
[0.252s] Level 1:colcon.colcon_core.package_discovery:discover_packages(ignore) using defaults
[0.252s] Level 1:colcon.colcon_core.package_discovery:discover_packages(path) discover
[0.252s] Level 1:colcon.colcon_core.package_discovery:discover_packages(path) using defaults
[0.277s] Level 5:colcon.colcon_core.verb:set package 'leg_odometry' build argument 'cmake_args' from command line to 'None'
[0.277s] Level 5:colcon.colcon_core.verb:set package 'leg_odometry' build argument 'cmake_target' from command line to 'None'
[0.277s] Level 5:colcon.colcon_core.verb:set package 'leg_odometry' build argument 'cmake_target_skip_unavailable' from command line to 'False'
[0.277s] Level 5:colcon.colcon_core.verb:set package 'leg_odometry' build argument 'cmake_clean_cache' from command line to 'False'
[0.277s] Level 5:colcon.colcon_core.verb:set package 'leg_odometry' build argument 'cmake_clean_first' from command line to 'False'
[0.277s] Level 5:colcon.colcon_core.verb:set package 'leg_odometry' build argument 'cmake_force_configure' from command line to 'False'
[0.277s] Level 5:colcon.colcon_core.verb:set package 'leg_odometry' build argument 'ament_cmake_args' from command line to 'None'
[0.277s] Level 5:colcon.colcon_core.verb:set package 'leg_odometry' build argument 'catkin_cmake_args' from command line to 'None'
[0.277s] Level 5:colcon.colcon_core.verb:set package 'leg_odometry' build argument 'catkin_skip_building_tests' from command line to 'False'
[0.277s] DEBUG:colcon.colcon_core.verb:Building package 'leg_odometry' with the following arguments: {'ament_cmake_args': None, 'build_base': '/home/innovation/dev_ws/build/leg_odometry', 'catkin_cmake_args': None, 'catkin_skip_building_tests': False, 'cmake_args': None, 'cmake_clean_cache': False, 'cmake_clean_first': False, 'cmake_force_configure': False, 'cmake_target': None, 'cmake_target_skip_unavailable': False, 'install_base': '/home/innovation/dev_ws/install/leg_odometry', 'merge_install': False, 'path': '/home/innovation/dev_ws/src/leg_odometry', 'symlink_install': True, 'test_result_base': None}
[0.278s] Level 5:colcon.colcon_core.verb:set package 'mlx90640_thermal' build argument 'cmake_args' from command line to 'None'
[0.278s] Level 5:colcon.colcon_core.verb:set package 'mlx90640_thermal' build argument 'cmake_target' from command line to 'None'
[0.278s] Level 5:colcon.colcon_core.verb:set package 'mlx90640_thermal' build argument 'cmake_target_skip_unavailable' from command line to 'False'
[0.278s] Level 5:colcon.colcon_core.verb:set package 'mlx90640_thermal' build argument 'cmake_clean_cache' from command line to 'False'
[0.278s] Level 5:colcon.colcon_core.verb:set package 'mlx90640_thermal' build argument 'cmake_clean_first' from command line to 'False'
[0.278s] Level 5:colcon.colcon_core.verb:set package 'mlx90640_thermal' build argument 'cmake_force_configure' from command line to 'False'
[0.278s] Level 5:colcon.colcon_core.verb:set package 'mlx90640_thermal' build argument 'ament_cmake_args' from command line to 'None'
[0.278s] Level 5:colcon.colcon_core.verb:set package 'mlx90640_thermal' build argument 'catkin_cmake_args' from command line to 'None'
[0.278s] Level 5:colcon.colcon_core.verb:set package 'mlx90640_thermal' build argument 'catkin_skip_building_tests' from command line to 'False'
[0.278s] DEBUG:colcon.colcon_core.verb:Building package 'mlx90640_thermal' with the following arguments: {'ament_cmake_args': None, 'build_base': '/home/innovation/dev_ws/build/mlx90640_thermal', 'catkin_cmake_args': None, 'catkin_skip_building_tests': False, 'cmake_args': None, 'cmake_clean_cache': False, 'cmake_clean_first': False, 'cmake_force_configure': False, 'cmake_target': None, 'cmake_target_skip_unavailable': False, 'install_base': '/home/innovation/dev_ws/install/mlx90640_thermal', 'merge_install': False, 'path': '/home/innovation/dev_ws/src/mlx90640_thermal', 'symlink_install': True, 'test_result_base': None}
[0.278s] Level 5:colcon.colcon_core.verb:set package 'my_bot' build argument 'cmake_args' from command line to 'None'
[0.278s] Level 5:colcon.colcon_core.verb:set package 'my_bot' build argument 'cmake_target' from command line to 'None'
[0.278s] Level 5:colcon.colcon_core.verb:set package 'my_bot' build argument 'cmake_target_skip_unavailable' from command line to 'False'
[0.278s] Level 5:colcon.colcon_core.verb:set package 'my_bot' build argument 'cmake_clean_cache' from command line to 'False'
[0.278s] Level 5:colcon.colcon_core.verb:set package 'my_bot' build argument 'cmake_clean_first' from command line to 'False'
[0.278s] Level 5:colcon.colcon_core.verb:set package 'my_bot' build argument 'cmake_force_configure' from command line to 'False'
[0.278s] Level 5:colcon.colcon_core.verb:set package 'my_bot' build argument 'ament_cmake_args' from command line to 'None'
[0.278s] Level 5:colcon.colcon_core.verb:set package 'my_bot' build argument 'catkin_cmake_args' from command line to 'None'
[0.278s] Level 5:colcon.colcon_core.verb:set package 'my_bot' build argument 'catkin_skip_building_tests' from command line to 'False'
[0.278s] DEBUG:colcon.colcon_core.verb:Building package 'my_bot' with the following arguments: {'ament_cmake_args': None, 'build_base': '/home/innovation/dev_ws/build/my_bot', 'catkin_cmake_args': None, 'catkin_skip_building_tests': False, 'cmake_args': None, 'cmake_clean_cache': False, 'cmake_clean_first': False, 'cmake_force_configure': False, 'cmake_target': None, 'cmake_target_skip_unavailable': False, 'install_base': '/home/innovation/dev_ws/install/my_bot', 'merge_install': False, 'path': '/home/innovation/dev_ws/src/my_bot', 'symlink_install': True, 'test_result_base': None}
[0.279s] Level 5:colcon.colcon_core.verb:set package 'ros2_mpu6050' build argument 'cmake_args' from command line to 'None'
[0.279s] Level 5:colcon.colcon_core.verb:set package 'ros2_mpu6050' build argument 'cmake_target' from command line to 'None'
[0.279s] Level 5:colcon.colcon_core.verb:set package 'ros2_mpu6050' build argument 'cmake_target_skip_unavailable' from command line to 'False'
[0.279s] Level 5:colcon.colcon_core.verb:set package 'ros2_mpu6050' build argument 'cmake_clean_cache' from command line to 'False'
[0.279s] Level 5:colcon.colcon_core.verb:set package 'ros2_mpu6050' build argument 'cmake_clean_first' from command line to 'False'
[0.279s] Level 5:colcon.colcon_core.verb:set package 'ros2_mpu6050' build argument 'cmake_force_configure' from command line to 'False'
[0.279s] Level 5:colcon.colcon_core.verb:set package 'ros2_mpu6050' build argument 'ament_cmake_args' from command line to 'None'
[0.279s] Level 5:colcon.colcon_core.verb:set package 'ros2_mpu6050' build argument 'catkin_cmake_args' from command line to 'None'
[0.279s] Level 5:colcon.colcon_core.verb:set package 'ros2_mpu6050' build argument 'catkin_skip_building_tests' from command line to 'False'
[0.279s] DEBUG:colcon.colcon_core.verb:Building package 'ros2_mpu6050' with the following arguments: {'ament_cmake_args': None, 'build_base': '/home/innovation/dev_ws/build/ros2_mpu6050', 'catkin_cmake_args': None, 'catkin_skip_building_tests': False, 'cmake_args': None, 'cmake_clean_cache': False, 'cmake_clean_first': False, 'cmake_force_configure': False, 'cmake_target': None, 'cmake_target_skip_unavailable': False, 'install_base': '/home/innovation/dev_ws/install/ros2_mpu6050', 'merge_install': False, 'path': '/home/innovation/dev_ws/src/ros2_mpu6050', 'symlink_install': True, 'test_result_base': None}
[0.279s] INFO:colcon.colcon_core.executor:Executing jobs using 'parallel' executor
[0.281s] DEBUG:colcon.colcon_parallel_executor.executor.parallel:run_until_complete
[0.282s] INFO:colcon.colcon_ros.task.ament_python.build:Building ROS package in '/home/innovation/dev_ws/src/leg_odometry' with build type 'ament_python'
[0.282s] Level 1:colcon.colcon_core.shell:create_environment_hook('leg_odometry', 'ament_prefix_path')
[0.290s] INFO:colcon.colcon_core.plugin_system:Skipping extension 'colcon_core.shell.bat': Not used on non-Windows systems
[0.290s] INFO:colcon.colcon_core.shell:Creating environment descriptor '/home/innovation/dev_ws/install/leg_odometry/share/leg_odometry/hook/ament_prefix_path.dsv'
[0.293s] INFO:colcon.colcon_core.shell:Creating environment hook '/home/innovation/dev_ws/install/leg_odometry/share/leg_odometry/hook/ament_prefix_path.sh'
[0.313s] DEBUG:colcon.colcon_core.shell:Skip shell extension 'dsv' for command environment
[0.351s] INFO:colcon.colcon_ros.task.ament_python.build:Building ROS package in '/home/innovation/dev_ws/src/mlx90640_thermal' with build type 'ament_python'
[0.351s] Level 1:colcon.colcon_core.shell:create_environment_hook('mlx90640_thermal', 'ament_prefix_path')
[0.352s] INFO:colcon.colcon_core.shell:Creating environment descriptor '/home/innovation/dev_ws/install/mlx90640_thermal/share/mlx90640_thermal/hook/ament_prefix_path.dsv'
[0.368s] INFO:colcon.colcon_core.shell:Creating environment hook '/home/innovation/dev_ws/install/mlx90640_thermal/share/mlx90640_thermal/hook/ament_prefix_path.sh'
[0.386s] DEBUG:colcon.colcon_core.shell:Skip shell extension 'dsv' for command environment
[0.404s] INFO:colcon.colcon_ros.task.ament_cmake.build:Building ROS package in '/home/innovation/dev_ws/src/my_bot' with build type 'ament_cmake'
[0.405s] INFO:colcon.colcon_cmake.task.cmake.build:Building CMake package in '/home/innovation/dev_ws/src/my_bot'
[0.405s] DEBUG:colcon.colcon_core.shell:Skip shell extension 'dsv' for command environment
[0.423s] INFO:colcon.colcon_ros.task.ament_cmake.build:Building ROS package in '/home/innovation/dev_ws/src/ros2_mpu6050' with build type 'ament_cmake'
[0.423s] INFO:colcon.colcon_cmake.task.cmake.build:Building CMake package in '/home/innovation/dev_ws/src/ros2_mpu6050'
[0.424s] DEBUG:colcon.colcon_core.shell:Skip shell extension 'dsv' for command environment
[0.822s] INFO:colcon.colcon_core.task.python.build:Building Python package in '/home/innovation/dev_ws/src/leg_odometry'
[0.823s] DEBUG:colcon.colcon_core.shell:Skip shell extension 'dsv' for command environment
[1.274s] INFO:colcon.colcon_core.task.python.build:Building Python package in '/home/innovation/dev_ws/src/mlx90640_thermal'
[1.274s] DEBUG:colcon.colcon_core.shell:Skip shell extension 'dsv' for command environment
[1.287s] DEBUG:colcon.colcon_core.event_handler.log_command:Invoking command in '/home/innovation/dev_ws/build/my_bot': CMAKE_PREFIX_PATH=${CMAKE_PREFIX_PATH}:/opt/ros/jazzy DEBUGINFOD_URLS=https://debuginfod.ubuntu.com /usr/bin/cmake --build /home/innovation/dev_ws/build/my_bot -- -j4 -l4
[1.302s] DEBUG:colcon.colcon_core.event_handler.log_command:Invoking command in '/home/innovation/dev_ws/build/ros2_mpu6050': CMAKE_PREFIX_PATH=${CMAKE_PREFIX_PATH}:/opt/ros/jazzy DEBUGINFOD_URLS=https://debuginfod.ubuntu.com /usr/bin/cmake --build /home/innovation/dev_ws/build/ros2_mpu6050 -- -j4 -l4
[1.406s] DEBUG:colcon.colcon_core.event_handler.log_command:Invoked command in '/home/innovation/dev_ws/build/my_bot' returned '0': CMAKE_PREFIX_PATH=${CMAKE_PREFIX_PATH}:/opt/ros/jazzy DEBUGINFOD_URLS=https://debuginfod.ubuntu.com /usr/bin/cmake --build /home/innovation/dev_ws/build/my_bot -- -j4 -l4
[1.435s] DEBUG:colcon.colcon_core.event_handler.log_command:Invoking command in '/home/innovation/dev_ws/build/my_bot': CMAKE_PREFIX_PATH=${CMAKE_PREFIX_PATH}:/opt/ros/jazzy DEBUGINFOD_URLS=https://debuginfod.ubuntu.com /usr/bin/cmake --install /home/innovation/dev_ws/build/my_bot
[1.539s] Level 1:colcon.colcon_core.environment:create_environment_scripts_only(my_bot)
[1.541s] DEBUG:colcon.colcon_core.event_handler.log_command:Invoked command in '/home/innovation/dev_ws/build/my_bot' returned '0': CMAKE_PREFIX_PATH=${CMAKE_PREFIX_PATH}:/opt/ros/jazzy DEBUGINFOD_URLS=https://debuginfod.ubuntu.com /usr/bin/cmake --install /home/innovation/dev_ws/build/my_bot
[1.546s] Level 1:colcon.colcon_core.environment:checking '/home/innovation/dev_ws/install/my_bot' for CMake module files
[1.547s] Level 1:colcon.colcon_core.environment:checking '/home/innovation/dev_ws/install/my_bot' for CMake config files
[1.548s] Level 1:colcon.colcon_core.shell:create_environment_hook('my_bot', 'cmake_prefix_path')
[1.548s] INFO:colcon.colcon_core.shell:Creating environment descriptor '/home/innovation/dev_ws/install/my_bot/share/my_bot/hook/cmake_prefix_path.dsv'
[1.549s] INFO:colcon.colcon_core.shell:Creating environment hook '/home/innovation/dev_ws/install/my_bot/share/my_bot/hook/cmake_prefix_path.sh'
[1.550s] Level 1:colcon.colcon_core.environment:checking '/home/innovation/dev_ws/install/my_bot/bin'
[1.551s] Level 1:colcon.colcon_core.environment:checking '/home/innovation/dev_ws/install/my_bot/lib/pkgconfig/my_bot.pc'
[1.551s] Level 1:colcon.colcon_core.environment:checking '/home/innovation/dev_ws/install/my_bot/lib/python3.12/site-packages'
[1.552s] Level 1:colcon.colcon_core.environment:checking '/home/innovation/dev_ws/install/my_bot/bin'
[1.552s] INFO:colcon.colcon_core.shell:Creating package descriptor '/home/innovation/dev_ws/install/my_bot/share/my_bot/package.dsv'
[1.553s] INFO:colcon.colcon_core.shell:Creating package script '/home/innovation/dev_ws/install/my_bot/share/my_bot/package.sh'
[1.555s] INFO:colcon.colcon_core.shell:Creating package script '/home/innovation/dev_ws/install/my_bot/share/my_bot/package.bash'
[1.556s] INFO:colcon.colcon_core.shell:Creating package script '/home/innovation/dev_ws/install/my_bot/share/my_bot/package.zsh'
[1.557s] Level 1:colcon.colcon_core.environment:create_file_with_runtime_dependencies(/home/innovation/dev_ws/install/my_bot/share/colcon-core/packages/my_bot)
[1.559s] Level 1:colcon.colcon_core.environment:create_environment_scripts_only(my_bot)
[1.560s] Level 1:colcon.colcon_core.environment:checking '/home/innovation/dev_ws/install/my_bot' for CMake module files
[1.561s] Level 1:colcon.colcon_core.environment:checking '/home/innovation/dev_ws/install/my_bot' for CMake config files
[1.562s] Level 1:colcon.colcon_core.shell:create_environment_hook('my_bot', 'cmake_prefix_path')
[1.563s] INFO:colcon.colcon_core.shell:Creating environment descriptor '/home/innovation/dev_ws/install/my_bot/share/my_bot/hook/cmake_prefix_path.dsv'
[1.564s] INFO:colcon.colcon_core.shell:Creating environment hook '/home/innovation/dev_ws/install/my_bot/share/my_bot/hook/cmake_prefix_path.sh'
[1.565s] Level 1:colcon.colcon_core.environment:checking '/home/innovation/dev_ws/install/my_bot/bin'
[1.566s] Level 1:colcon.colcon_core.environment:checking '/home/innovation/dev_ws/install/my_bot/lib/pkgconfig/my_bot.pc'
[1.567s] Level 1:colcon.colcon_core.environment:checking '/home/innovation/dev_ws/install/my_bot/lib/python3.12/site-packages'
[1.567s] Level 1:colcon.colcon_core.environment:checking '/home/innovation/dev_ws/install/my_bot/bin'
[1.568s] INFO:colcon.colcon_core.shell:Creating package descriptor '/home/innovation/dev_ws/install/my_bot/share/my_bot/package.dsv'
[1.569s] INFO:colcon.colcon_core.shell:Creating package script '/home/innovation/dev_ws/install/my_bot/share/my_bot/package.sh'
[1.570s] INFO:colcon.colcon_core.shell:Creating package script '/home/innovation/dev_ws/install/my_bot/share/my_bot/package.bash'
[1.571s] INFO:colcon.colcon_core.shell:Creating package script '/home/innovation/dev_ws/install/my_bot/share/my_bot/package.zsh'
[1.572s] Level 1:colcon.colcon_core.environment:create_file_with_runtime_dependencies(/home/innovation/dev_ws/install/my_bot/share/colcon-core/packages/my_bot)
[1.582s] DEBUG:colcon.colcon_core.event_handler.log_command:Invoked command in '/home/innovation/dev_ws/build/ros2_mpu6050' returned '0': CMAKE_PREFIX_PATH=${CMAKE_PREFIX_PATH}:/opt/ros/jazzy DEBUGINFOD_URLS=https://debuginfod.ubuntu.com /usr/bin/cmake --build /home/innovation/dev_ws/build/ros2_mpu6050 -- -j4 -l4
[1.583s] DEBUG:colcon.colcon_core.event_handler.log_command:Invoking command in '/home/innovation/dev_ws/build/ros2_mpu6050': CMAKE_PREFIX_PATH=${CMAKE_PREFIX_PATH}:/opt/ros/jazzy DEBUGINFOD_URLS=https://debuginfod.ubuntu.com /usr/bin/cmake --install /home/innovation/dev_ws/build/ros2_mpu6050
[1.643s] Level 1:colcon.colcon_core.environment:create_environment_scripts_only(ros2_mpu6050)
[1.643s] Level 1:colcon.colcon_core.environment:checking '/home/innovation/dev_ws/install/ros2_mpu6050' for CMake module files
[1.644s] Level 1:colcon.colcon_core.environment:checking '/home/innovation/dev_ws/install/ros2_mpu6050' for CMake config files
[1.645s] Level 1:colcon.colcon_core.shell:create_environment_hook('ros2_mpu6050', 'cmake_prefix_path')
[1.645s] INFO:colcon.colcon_core.shell:Creating environment descriptor '/home/innovation/dev_ws/install/ros2_mpu6050/share/ros2_mpu6050/hook/cmake_prefix_path.dsv'
[1.646s] DEBUG:colcon.colcon_core.event_handler.log_command:Invoked command in '/home/innovation/dev_ws/build/ros2_mpu6050' returned '0': CMAKE_PREFIX_PATH=${CMAKE_PREFIX_PATH}:/opt/ros/jazzy DEBUGINFOD_URLS=https://debuginfod.ubuntu.com /usr/bin/cmake --install /home/innovation/dev_ws/build/ros2_mpu6050
[1.646s] INFO:colcon.colcon_core.shell:Creating environment hook '/home/innovation/dev_ws/install/ros2_mpu6050/share/ros2_mpu6050/hook/cmake_prefix_path.sh'
[1.647s] Level 1:colcon.colcon_core.environment:checking '/home/innovation/dev_ws/install/ros2_mpu6050/lib'
[1.648s] Level 1:colcon.colcon_core.environment:checking '/home/innovation/dev_ws/install/ros2_mpu6050/bin'
[1.648s] Level 1:colcon.colcon_core.environment:checking '/home/innovation/dev_ws/install/ros2_mpu6050/lib/pkgconfig/ros2_mpu6050.pc'
[1.648s] Level 1:colcon.colcon_core.environment:checking '/home/innovation/dev_ws/install/ros2_mpu6050/lib/python3.12/site-packages'
[1.648s] Level 1:colcon.colcon_core.environment:checking '/home/innovation/dev_ws/install/ros2_mpu6050/bin'
[1.649s] INFO:colcon.colcon_core.shell:Creating package descriptor '/home/innovation/dev_ws/install/ros2_mpu6050/share/ros2_mpu6050/package.dsv'
[1.649s] INFO:colcon.colcon_core.shell:Creating package script '/home/innovation/dev_ws/install/ros2_mpu6050/share/ros2_mpu6050/package.sh'
[1.650s] INFO:colcon.colcon_core.shell:Creating package script '/home/innovation/dev_ws/install/ros2_mpu6050/share/ros2_mpu6050/package.bash'
[1.651s] INFO:colcon.colcon_core.shell:Creating package script '/home/innovation/dev_ws/install/ros2_mpu6050/share/ros2_mpu6050/package.zsh'
[1.652s] Level 1:colcon.colcon_core.environment:create_file_with_runtime_dependencies(/home/innovation/dev_ws/install/ros2_mpu6050/share/colcon-core/packages/ros2_mpu6050)
[1.653s] Level 1:colcon.colcon_core.environment:create_environment_scripts_only(ros2_mpu6050)
[1.653s] Level 1:colcon.colcon_core.environment:checking '/home/innovation/dev_ws/install/ros2_mpu6050' for CMake module files
[1.654s] Level 1:colcon.colcon_core.environment:checking '/home/innovation/dev_ws/install/ros2_mpu6050' for CMake config files
[1.654s] Level 1:colcon.colcon_core.shell:create_environment_hook('ros2_mpu6050', 'cmake_prefix_path')
[1.654s] INFO:colcon.colcon_core.shell:Creating environment descriptor '/home/innovation/dev_ws/install/ros2_mpu6050/share/ros2_mpu6050/hook/cmake_prefix_path.dsv'
[1.657s] INFO:colcon.colcon_core.shell:Creating environment hook '/home/innovation/dev_ws/install/ros2_mpu6050/share/ros2_mpu6050/hook/cmake_prefix_path.sh'
[1.692s] Level 1:colcon.colcon_core.environment:checking '/home/innovation/dev_ws/install/ros2_mpu6050/lib'
[1.692s] Level 1:colcon.colcon_core.environment:checking '/home/innovation/dev_ws/install/ros2_mpu6050/bin'
[1.693s] Level 1:colcon.colcon_core.environment:checking '/home/innovation/dev_ws/install/ros2_mpu6050/lib/pkgconfig/ros2_mpu6050.pc'
[1.693s] Level 1:colcon.colcon_core.environment:checking '/home/innovation/dev_ws/install/ros2_mpu6050/lib/python3.12/site-packages'
[1.696s] Level 1:colcon.colcon_core.environment:checking '/home/innovation/dev_ws/install/ros2_mpu6050/bin'
[1.697s] INFO:colcon.colcon_core.shell:Creating package descriptor '/home/innovation/dev_ws/install/ros2_mpu6050/share/ros2_mpu6050/package.dsv'
[1.698s] INFO:colcon.colcon_core.shell:Creating package script '/home/innovation/dev_ws/install/ros2_mpu6050/share/ros2_mpu6050/package.sh'
[1.699s] INFO:colcon.colcon_core.shell:Creating package script '/home/innovation/dev_ws/install/ros2_mpu6050/share/ros2_mpu6050/package.bash'
[1.700s] INFO:colcon.colcon_core.shell:Creating package script '/home/innovation/dev_ws/install/ros2_mpu6050/share/ros2_mpu6050/package.zsh'
[1.702s] Level 1:colcon.colcon_core.environment:create_file_with_runtime_dependencies(/home/innovation/dev_ws/install/ros2_mpu6050/share/colcon-core/packages/ros2_mpu6050)
[2.403s] DEBUG:colcon.colcon_core.event_handler.log_command:Invoking command in '/home/innovation/dev_ws/build/leg_odometry': DEBUGINFOD_URLS=https://debuginfod.ubuntu.com PYTHONPATH=/home/innovation/dev_ws/build/leg_odometry/prefix_override:/usr/lib/python3/dist-packages/colcon_core/task/python/colcon_distutils_commands:/home/innovation/dev_ws/install/leg_odometry/lib/python3.12/site-packages:${PYTHONPATH} /usr/bin/python3 -W ignore:setup.py install is deprecated -W ignore:easy_install command is deprecated setup.py develop --editable --build-directory /home/innovation/dev_ws/build/leg_odometry/build --no-deps symlink_data
[2.406s] DEBUG:colcon.colcon_core.event_handler.log_command:Invoking command in '/home/innovation/dev_ws/build/mlx90640_thermal': DEBUGINFOD_URLS=https://debuginfod.ubuntu.com PYTHONPATH=/home/innovation/dev_ws/build/mlx90640_thermal/prefix_override:/usr/lib/python3/dist-packages/colcon_core/task/python/colcon_distutils_commands:/home/innovation/dev_ws/install/mlx90640_thermal/lib/python3.12/site-packages:${PYTHONPATH} /usr/bin/python3 -W ignore:setup.py install is deprecated -W ignore:easy_install command is deprecated setup.py develop --editable --build-directory /home/innovation/dev_ws/build/mlx90640_thermal/build --no-deps symlink_data
[3.420s] Level 1:colcon.colcon_core.shell:create_environment_hook('mlx90640_thermal', 'pythonpath_develop')
[3.421s] INFO:colcon.colcon_core.shell:Creating environment descriptor '/home/innovation/dev_ws/build/mlx90640_thermal/share/mlx90640_thermal/hook/pythonpath_develop.dsv'
[3.421s] DEBUG:colcon.colcon_core.event_handler.log_command:Invoked command in '/home/innovation/dev_ws/build/mlx90640_thermal' returned '0': DEBUGINFOD_URLS=https://debuginfod.ubuntu.com PYTHONPATH=/home/innovation/dev_ws/build/mlx90640_thermal/prefix_override:/usr/lib/python3/dist-packages/colcon_core/task/python/colcon_distutils_commands:/home/innovation/dev_ws/install/mlx90640_thermal/lib/python3.12/site-packages:${PYTHONPATH} /usr/bin/python3 -W ignore:setup.py install is deprecated -W ignore:easy_install command is deprecated setup.py develop --editable --build-directory /home/innovation/dev_ws/build/mlx90640_thermal/build --no-deps symlink_data
[3.422s] INFO:colcon.colcon_core.shell:Creating environment hook '/home/innovation/dev_ws/build/mlx90640_thermal/share/mlx90640_thermal/hook/pythonpath_develop.sh'
[3.423s] Level 1:colcon.colcon_core.environment:checking '/home/innovation/dev_ws/install/mlx90640_thermal' for CMake module files
[3.424s] Level 1:colcon.colcon_core.environment:checking '/home/innovation/dev_ws/install/mlx90640_thermal' for CMake config files
[3.425s] Level 1:colcon.colcon_core.environment:checking '/home/innovation/dev_ws/install/mlx90640_thermal/lib'
[3.425s] Level 1:colcon.colcon_core.environment:checking '/home/innovation/dev_ws/install/mlx90640_thermal/bin'
[3.425s] Level 1:colcon.colcon_core.environment:checking '/home/innovation/dev_ws/install/mlx90640_thermal/lib/pkgconfig/mlx90640_thermal.pc'
[3.426s] Level 1:colcon.colcon_core.environment:checking '/home/innovation/dev_ws/install/mlx90640_thermal/lib/python3.12/site-packages'
[3.426s] Level 1:colcon.colcon_core.shell:create_environment_hook('mlx90640_thermal', 'pythonpath')
[3.426s] INFO:colcon.colcon_core.shell:Creating environment descriptor '/home/innovation/dev_ws/install/mlx90640_thermal/share/mlx90640_thermal/hook/pythonpath.dsv'
[3.427s] INFO:colcon.colcon_core.shell:Creating environment hook '/home/innovation/dev_ws/install/mlx90640_thermal/share/mlx90640_thermal/hook/pythonpath.sh'
[3.428s] Level 1:colcon.colcon_core.environment:checking '/home/innovation/dev_ws/install/mlx90640_thermal/bin'
[3.428s] Level 1:colcon.colcon_core.environment:create_environment_scripts_only(mlx90640_thermal)
[3.429s] INFO:colcon.colcon_core.shell:Creating package descriptor '/home/innovation/dev_ws/install/mlx90640_thermal/share/mlx90640_thermal/package.dsv'
[3.430s] INFO:colcon.colcon_core.shell:Creating package script '/home/innovation/dev_ws/install/mlx90640_thermal/share/mlx90640_thermal/package.sh'
[3.431s] INFO:colcon.colcon_core.shell:Creating package script '/home/innovation/dev_ws/install/mlx90640_thermal/share/mlx90640_thermal/package.bash'
[3.432s] INFO:colcon.colcon_core.shell:Creating package script '/home/innovation/dev_ws/install/mlx90640_thermal/share/mlx90640_thermal/package.zsh'
[3.433s] Level 1:colcon.colcon_core.environment:create_file_with_runtime_dependencies(/home/innovation/dev_ws/install/mlx90640_thermal/share/colcon-core/packages/mlx90640_thermal)
[3.470s] Level 1:colcon.colcon_core.shell:create_environment_hook('leg_odometry', 'pythonpath_develop')
[3.470s] INFO:colcon.colcon_core.shell:Creating environment descriptor '/home/innovation/dev_ws/build/leg_odometry/share/leg_odometry/hook/pythonpath_develop.dsv'
[3.471s] DEBUG:colcon.colcon_core.event_handler.log_command:Invoked command in '/home/innovation/dev_ws/build/leg_odometry' returned '0': DEBUGINFOD_URLS=https://debuginfod.ubuntu.com PYTHONPATH=/home/innovation/dev_ws/build/leg_odometry/prefix_override:/usr/lib/python3/dist-packages/colcon_core/task/python/colcon_distutils_commands:/home/innovation/dev_ws/install/leg_odometry/lib/python3.12/site-packages:${PYTHONPATH} /usr/bin/python3 -W ignore:setup.py install is deprecated -W ignore:easy_install command is deprecated setup.py develop --editable --build-directory /home/innovation/dev_ws/build/leg_odometry/build --no-deps symlink_data
[3.471s] INFO:colcon.colcon_core.shell:Creating environment hook '/home/innovation/dev_ws/build/leg_odometry/share/leg_odometry/hook/pythonpath_develop.sh'
[3.472s] Level 1:colcon.colcon_core.environment:checking '/home/innovation/dev_ws/install/leg_odometry' for CMake module files
[3.473s] Level 1:colcon.colcon_core.environment:checking '/home/innovation/dev_ws/install/leg_odometry' for CMake config files
[3.474s] Level 1:colcon.colcon_core.environment:checking '/home/innovation/dev_ws/install/leg_odometry/lib'
[3.474s] Level 1:colcon.colcon_core.environment:checking '/home/innovation/dev_ws/install/leg_odometry/bin'
[3.474s] Level 1:colcon.colcon_core.environment:checking '/home/innovation/dev_ws/install/leg_odometry/lib/pkgconfig/leg_odometry.pc'
[3.475s] Level 1:colcon.colcon_core.environment:checking '/home/innovation/dev_ws/install/leg_odometry/lib/python3.12/site-packages'
[3.475s] Level 1:colcon.colcon_core.shell:create_environment_hook('leg_odometry', 'pythonpath')
[3.475s] INFO:colcon.colcon_core.shell:Creating environment descriptor '/home/innovation/dev_ws/install/leg_odometry/share/leg_odometry/hook/pythonpath.dsv'
[3.476s] INFO:colcon.colcon_core.shell:Creating environment hook '/home/innovation/dev_ws/install/leg_odometry/share/leg_odometry/hook/pythonpath.sh'
[3.509s] Level 1:colcon.colcon_core.environment:checking '/home/innovation/dev_ws/install/leg_odometry/bin'
[3.510s] Level 1:colcon.colcon_core.environment:create_environment_scripts_only(leg_odometry)
[3.510s] INFO:colcon.colcon_core.shell:Creating package descriptor '/home/innovation/dev_ws/install/leg_odometry/share/leg_odometry/package.dsv'
[3.512s] INFO:colcon.colcon_core.shell:Creating package script '/home/innovation/dev_ws/install/leg_odometry/share/leg_odometry/package.sh'
[3.513s] INFO:colcon.colcon_core.shell:Creating package script '/home/innovation/dev_ws/install/leg_odometry/share/leg_odometry/package.bash'
[3.514s] INFO:colcon.colcon_core.shell:Creating package script '/home/innovation/dev_ws/install/leg_odometry/share/leg_odometry/package.zsh'
[3.514s] Level 1:colcon.colcon_core.environment:create_file_with_runtime_dependencies(/home/innovation/dev_ws/install/leg_odometry/share/colcon-core/packages/leg_odometry)
[3.516s] DEBUG:colcon.colcon_parallel_executor.executor.parallel:closing loop
[3.516s] DEBUG:colcon.colcon_parallel_executor.executor.parallel:loop closed
[3.517s] DEBUG:colcon.colcon_parallel_executor.executor.parallel:run_until_complete finished with '0'
[3.517s] DEBUG:colcon.colcon_core.event_reactor:joining thread
[3.528s] INFO:colcon.colcon_core.plugin_system:Skipping extension 'colcon_notification.desktop_notification.terminal_notifier': Not used on non-Darwin systems
[3.528s] INFO:colcon.colcon_core.plugin_system:Skipping extension 'colcon_notification.desktop_notification.win32': Not used on non-Windows systems
[3.528s] INFO:colcon.colcon_notification.desktop_notification:Sending desktop notification using 'notify2'
[3.571s] DEBUG:colcon.colcon_core.event_reactor:joined thread
[3.572s] INFO:colcon.colcon_core.shell:Creating prefix script '/home/innovation/dev_ws/install/local_setup.sh'
[3.573s] INFO:colcon.colcon_core.shell:Creating prefix util module '/home/innovation/dev_ws/install/_local_setup_util_sh.py'
[3.576s] INFO:colcon.colcon_core.shell:Creating prefix chain script '/home/innovation/dev_ws/install/setup.sh'
[3.578s] INFO:colcon.colcon_core.shell:Creating prefix script '/home/innovation/dev_ws/install/local_setup.bash'
[3.579s] INFO:colcon.colcon_core.shell:Creating prefix chain script '/home/innovation/dev_ws/install/setup.bash'
[3.581s] INFO:colcon.colcon_core.shell:Creating prefix script '/home/innovation/dev_ws/install/local_setup.zsh'
[3.582s] INFO:colcon.colcon_core.shell:Creating prefix chain script '/home/innovation/dev_ws/install/setup.zsh'
