[0.141s] DEBUG:colcon:Command line arguments: ['/usr/bin/colcon', 'build', '--symlink-install']
[0.141s] DEBUG:colcon:Parsed command line arguments: Namespace(log_base=None, log_level=None, verb_name='build', build_base='build', install_base='install', merge_install=False, symlink_install=True, test_result_base=None, continue_on_error=False, executor='parallel', parallel_workers=4, event_handlers=None, ignore_user_meta=False, metas=['./colcon.meta'], base_paths=['.'], packages_ignore=None, packages_ignore_regex=None, paths=None, packages_up_to=None, packages_up_to_regex=None, packages_above=None, packages_above_and_dependencies=None, packages_above_depth=None, packages_select_by_dep=None, packages_skip_by_dep=None, packages_skip_up_to=None, packages_select_build_failed=False, packages_skip_build_finished=False, packages_select_test_failures=False, packages_skip_test_passed=False, packages_select=None, packages_skip=None, packages_select_regex=None, packages_skip_regex=None, packages_start=None, packages_end=None, cmake_args=None, cmake_target=None, cmake_target_skip_unavailable=False, cmake_clean_cache=False, cmake_clean_first=False, cmake_force_configure=False, ament_cmake_args=None, catkin_cmake_args=None, catkin_skip_building_tests=False, verb_parser=<colcon_defaults.argument_parser.defaults.DefaultArgumentsDecorator object at 0xffff9f9bcdd0>, verb_extension=<colcon_core.verb.build.BuildVerb object at 0xffff9fba4ef0>, main=<bound method BuildVerb.main of <colcon_core.verb.build.BuildVerb object at 0xffff9fba4ef0>>)
[0.198s] Level 1:colcon.colcon_core.package_discovery:discover_packages(colcon_meta) check parameters
[0.198s] Level 1:colcon.colcon_core.package_discovery:discover_packages(recursive) check parameters
[0.198s] Level 1:colcon.colcon_core.package_discovery:discover_packages(ignore) check parameters
[0.198s] Level 1:colcon.colcon_core.package_discovery:discover_packages(path) check parameters
[0.198s] Level 1:colcon.colcon_core.package_discovery:discover_packages(colcon_meta) discover
[0.198s] Level 1:colcon.colcon_core.package_discovery:discover_packages(recursive) discover
[0.198s] INFO:colcon.colcon_core.package_discovery:Crawling recursively for packages in '/home/innovation/dev_ws'
[0.198s] Level 1:colcon.colcon_core.package_identification:_identify(.) by extensions ['ignore', 'ignore_ament_install']
[0.199s] Level 1:colcon.colcon_core.package_identification:_identify(.) by extension 'ignore'
[0.199s] Level 1:colcon.colcon_core.package_identification:_identify(.) by extension 'ignore_ament_install'
[0.199s] Level 1:colcon.colcon_core.package_identification:_identify(.) by extensions ['colcon_pkg']
[0.199s] Level 1:colcon.colcon_core.package_identification:_identify(.) by extension 'colcon_pkg'
[0.199s] Level 1:colcon.colcon_core.package_identification:_identify(.) by extensions ['colcon_meta']
[0.199s] Level 1:colcon.colcon_core.package_identification:_identify(.) by extension 'colcon_meta'
[0.199s] Level 1:colcon.colcon_core.package_identification:_identify(.) by extensions ['ros']
[0.199s] Level 1:colcon.colcon_core.package_identification:_identify(.) by extension 'ros'
[0.236s] Level 1:colcon.colcon_core.package_identification:_identify(.) by extensions ['cmake', 'python']
[0.236s] Level 1:colcon.colcon_core.package_identification:_identify(.) by extension 'cmake'
[0.236s] Level 1:colcon.colcon_core.package_identification:_identify(.) by extension 'python'
[0.236s] Level 1:colcon.colcon_core.package_identification:_identify(.) by extensions ['python_setup_py']
[0.236s] Level 1:colcon.colcon_core.package_identification:_identify(.) by extension 'python_setup_py'
[0.236s] Level 1:colcon.colcon_core.package_identification:_identify(build) by extensions ['ignore', 'ignore_ament_install']
[0.237s] Level 1:colcon.colcon_core.package_identification:_identify(build) by extension 'ignore'
[0.237s] Level 1:colcon.colcon_core.package_identification:_identify(build) ignored
[0.237s] Level 1:colcon.colcon_core.package_identification:_identify(install) by extensions ['ignore', 'ignore_ament_install']
[0.237s] Level 1:colcon.colcon_core.package_identification:_identify(install) by extension 'ignore'
[0.237s] Level 1:colcon.colcon_core.package_identification:_identify(install) ignored
[0.237s] Level 1:colcon.colcon_core.package_identification:_identify(log) by extensions ['ignore', 'ignore_ament_install']
[0.237s] Level 1:colcon.colcon_core.package_identification:_identify(log) by extension 'ignore'
[0.237s] Level 1:colcon.colcon_core.package_identification:_identify(log) ignored
[0.237s] Level 1:colcon.colcon_core.package_identification:_identify(src) by extensions ['ignore', 'ignore_ament_install']
[0.237s] Level 1:colcon.colcon_core.package_identification:_identify(src) by extension 'ignore'
[0.238s] Level 1:colcon.colcon_core.package_identification:_identify(src) by extension 'ignore_ament_install'
[0.238s] Level 1:colcon.colcon_core.package_identification:_identify(src) by extensions ['colcon_pkg']
[0.238s] Level 1:colcon.colcon_core.package_identification:_identify(src) by extension 'colcon_pkg'
[0.238s] Level 1:colcon.colcon_core.package_identification:_identify(src) by extensions ['colcon_meta']
[0.238s] Level 1:colcon.colcon_core.package_identification:_identify(src) by extension 'colcon_meta'
[0.238s] Level 1:colcon.colcon_core.package_identification:_identify(src) by extensions ['ros']
[0.238s] Level 1:colcon.colcon_core.package_identification:_identify(src) by extension 'ros'
[0.238s] Level 1:colcon.colcon_core.package_identification:_identify(src) by extensions ['cmake', 'python']
[0.238s] Level 1:colcon.colcon_core.package_identification:_identify(src) by extension 'cmake'
[0.238s] Level 1:colcon.colcon_core.package_identification:_identify(src) by extension 'python'
[0.238s] Level 1:colcon.colcon_core.package_identification:_identify(src) by extensions ['python_setup_py']
[0.238s] Level 1:colcon.colcon_core.package_identification:_identify(src) by extension 'python_setup_py'
[0.238s] Level 1:colcon.colcon_core.package_identification:_identify(src/leg_odometry) by extensions ['ignore', 'ignore_ament_install']
[0.238s] Level 1:colcon.colcon_core.package_identification:_identify(src/leg_odometry) by extension 'ignore'
[0.238s] Level 1:colcon.colcon_core.package_identification:_identify(src/leg_odometry) by extension 'ignore_ament_install'
[0.238s] Level 1:colcon.colcon_core.package_identification:_identify(src/leg_odometry) by extensions ['colcon_pkg']
[0.238s] Level 1:colcon.colcon_core.package_identification:_identify(src/leg_odometry) by extension 'colcon_pkg'
[0.238s] Level 1:colcon.colcon_core.package_identification:_identify(src/leg_odometry) by extensions ['colcon_meta']
[0.238s] Level 1:colcon.colcon_core.package_identification:_identify(src/leg_odometry) by extension 'colcon_meta'
[0.238s] Level 1:colcon.colcon_core.package_identification:_identify(src/leg_odometry) by extensions ['ros']
[0.238s] Level 1:colcon.colcon_core.package_identification:_identify(src/leg_odometry) by extension 'ros'
[0.242s] DEBUG:colcon.colcon_core.package_identification:Package 'src/leg_odometry' with type 'ros.ament_python' and name 'leg_odometry'
[0.242s] Level 1:colcon.colcon_core.package_identification:_identify(src/mlx90640_thermal) by extensions ['ignore', 'ignore_ament_install']
[0.242s] Level 1:colcon.colcon_core.package_identification:_identify(src/mlx90640_thermal) by extension 'ignore'
[0.242s] Level 1:colcon.colcon_core.package_identification:_identify(src/mlx90640_thermal) by extension 'ignore_ament_install'
[0.242s] Level 1:colcon.colcon_core.package_identification:_identify(src/mlx90640_thermal) by extensions ['colcon_pkg']
[0.243s] Level 1:colcon.colcon_core.package_identification:_identify(src/mlx90640_thermal) by extension 'colcon_pkg'
[0.243s] Level 1:colcon.colcon_core.package_identification:_identify(src/mlx90640_thermal) by extensions ['colcon_meta']
[0.243s] Level 1:colcon.colcon_core.package_identification:_identify(src/mlx90640_thermal) by extension 'colcon_meta'
[0.243s] Level 1:colcon.colcon_core.package_identification:_identify(src/mlx90640_thermal) by extensions ['ros']
[0.243s] Level 1:colcon.colcon_core.package_identification:_identify(src/mlx90640_thermal) by extension 'ros'
[0.244s] DEBUG:colcon.colcon_core.package_identification:Package 'src/mlx90640_thermal' with type 'ros.ament_python' and name 'mlx90640_thermal'
[0.244s] Level 1:colcon.colcon_core.package_identification:_identify(src/my_bot) by extensions ['ignore', 'ignore_ament_install']
[0.244s] Level 1:colcon.colcon_core.package_identification:_identify(src/my_bot) by extension 'ignore'
[0.244s] Level 1:colcon.colcon_core.package_identification:_identify(src/my_bot) by extension 'ignore_ament_install'
[0.244s] Level 1:colcon.colcon_core.package_identification:_identify(src/my_bot) by extensions ['colcon_pkg']
[0.244s] Level 1:colcon.colcon_core.package_identification:_identify(src/my_bot) by extension 'colcon_pkg'
[0.244s] Level 1:colcon.colcon_core.package_identification:_identify(src/my_bot) by extensions ['colcon_meta']
[0.244s] Level 1:colcon.colcon_core.package_identification:_identify(src/my_bot) by extension 'colcon_meta'
[0.244s] Level 1:colcon.colcon_core.package_identification:_identify(src/my_bot) by extensions ['ros']
[0.244s] Level 1:colcon.colcon_core.package_identification:_identify(src/my_bot) by extension 'ros'
[0.245s] DEBUG:colcon.colcon_core.package_identification:Package 'src/my_bot' with type 'ros.ament_cmake' and name 'my_bot'
[0.245s] Level 1:colcon.colcon_core.package_identification:_identify(src/ros2_mpu6050) by extensions ['ignore', 'ignore_ament_install']
[0.245s] Level 1:colcon.colcon_core.package_identification:_identify(src/ros2_mpu6050) by extension 'ignore'
[0.245s] Level 1:colcon.colcon_core.package_identification:_identify(src/ros2_mpu6050) by extension 'ignore_ament_install'
[0.245s] Level 1:colcon.colcon_core.package_identification:_identify(src/ros2_mpu6050) by extensions ['colcon_pkg']
[0.245s] Level 1:colcon.colcon_core.package_identification:_identify(src/ros2_mpu6050) by extension 'colcon_pkg'
[0.245s] Level 1:colcon.colcon_core.package_identification:_identify(src/ros2_mpu6050) by extensions ['colcon_meta']
[0.245s] Level 1:colcon.colcon_core.package_identification:_identify(src/ros2_mpu6050) by extension 'colcon_meta'
[0.245s] Level 1:colcon.colcon_core.package_identification:_identify(src/ros2_mpu6050) by extensions ['ros']
[0.245s] Level 1:colcon.colcon_core.package_identification:_identify(src/ros2_mpu6050) by extension 'ros'
[0.246s] DEBUG:colcon.colcon_core.package_identification:Package 'src/ros2_mpu6050' with type 'ros.ament_cmake' and name 'ros2_mpu6050'
[0.246s] Level 1:colcon.colcon_core.package_discovery:discover_packages(recursive) using defaults
[0.248s] Level 1:colcon.colcon_core.package_discovery:discover_packages(ignore) discover
[0.248s] Level 1:colcon.colcon_core.package_discovery:discover_packages(ignore) using defaults
[0.248s] Level 1:colcon.colcon_core.package_discovery:discover_packages(path) discover
[0.248s] Level 1:colcon.colcon_core.package_discovery:discover_packages(path) using defaults
[0.272s] Level 5:colcon.colcon_core.verb:set package 'leg_odometry' build argument 'cmake_args' from command line to 'None'
[0.272s] Level 5:colcon.colcon_core.verb:set package 'leg_odometry' build argument 'cmake_target' from command line to 'None'
[0.272s] Level 5:colcon.colcon_core.verb:set package 'leg_odometry' build argument 'cmake_target_skip_unavailable' from command line to 'False'
[0.272s] Level 5:colcon.colcon_core.verb:set package 'leg_odometry' build argument 'cmake_clean_cache' from command line to 'False'
[0.272s] Level 5:colcon.colcon_core.verb:set package 'leg_odometry' build argument 'cmake_clean_first' from command line to 'False'
[0.272s] Level 5:colcon.colcon_core.verb:set package 'leg_odometry' build argument 'cmake_force_configure' from command line to 'False'
[0.272s] Level 5:colcon.colcon_core.verb:set package 'leg_odometry' build argument 'ament_cmake_args' from command line to 'None'
[0.272s] Level 5:colcon.colcon_core.verb:set package 'leg_odometry' build argument 'catkin_cmake_args' from command line to 'None'
[0.272s] Level 5:colcon.colcon_core.verb:set package 'leg_odometry' build argument 'catkin_skip_building_tests' from command line to 'False'
[0.272s] DEBUG:colcon.colcon_core.verb:Building package 'leg_odometry' with the following arguments: {'ament_cmake_args': None, 'build_base': '/home/innovation/dev_ws/build/leg_odometry', 'catkin_cmake_args': None, 'catkin_skip_building_tests': False, 'cmake_args': None, 'cmake_clean_cache': False, 'cmake_clean_first': False, 'cmake_force_configure': False, 'cmake_target': None, 'cmake_target_skip_unavailable': False, 'install_base': '/home/innovation/dev_ws/install/leg_odometry', 'merge_install': False, 'path': '/home/innovation/dev_ws/src/leg_odometry', 'symlink_install': True, 'test_result_base': None}
[0.272s] Level 5:colcon.colcon_core.verb:set package 'mlx90640_thermal' build argument 'cmake_args' from command line to 'None'
[0.273s] Level 5:colcon.colcon_core.verb:set package 'mlx90640_thermal' build argument 'cmake_target' from command line to 'None'
[0.273s] Level 5:colcon.colcon_core.verb:set package 'mlx90640_thermal' build argument 'cmake_target_skip_unavailable' from command line to 'False'
[0.273s] Level 5:colcon.colcon_core.verb:set package 'mlx90640_thermal' build argument 'cmake_clean_cache' from command line to 'False'
[0.273s] Level 5:colcon.colcon_core.verb:set package 'mlx90640_thermal' build argument 'cmake_clean_first' from command line to 'False'
[0.273s] Level 5:colcon.colcon_core.verb:set package 'mlx90640_thermal' build argument 'cmake_force_configure' from command line to 'False'
[0.273s] Level 5:colcon.colcon_core.verb:set package 'mlx90640_thermal' build argument 'ament_cmake_args' from command line to 'None'
[0.273s] Level 5:colcon.colcon_core.verb:set package 'mlx90640_thermal' build argument 'catkin_cmake_args' from command line to 'None'
[0.273s] Level 5:colcon.colcon_core.verb:set package 'mlx90640_thermal' build argument 'catkin_skip_building_tests' from command line to 'False'
[0.273s] DEBUG:colcon.colcon_core.verb:Building package 'mlx90640_thermal' with the following arguments: {'ament_cmake_args': None, 'build_base': '/home/innovation/dev_ws/build/mlx90640_thermal', 'catkin_cmake_args': None, 'catkin_skip_building_tests': False, 'cmake_args': None, 'cmake_clean_cache': False, 'cmake_clean_first': False, 'cmake_force_configure': False, 'cmake_target': None, 'cmake_target_skip_unavailable': False, 'install_base': '/home/innovation/dev_ws/install/mlx90640_thermal', 'merge_install': False, 'path': '/home/innovation/dev_ws/src/mlx90640_thermal', 'symlink_install': True, 'test_result_base': None}
[0.273s] Level 5:colcon.colcon_core.verb:set package 'my_bot' build argument 'cmake_args' from command line to 'None'
[0.273s] Level 5:colcon.colcon_core.verb:set package 'my_bot' build argument 'cmake_target' from command line to 'None'
[0.273s] Level 5:colcon.colcon_core.verb:set package 'my_bot' build argument 'cmake_target_skip_unavailable' from command line to 'False'
[0.273s] Level 5:colcon.colcon_core.verb:set package 'my_bot' build argument 'cmake_clean_cache' from command line to 'False'
[0.273s] Level 5:colcon.colcon_core.verb:set package 'my_bot' build argument 'cmake_clean_first' from command line to 'False'
[0.273s] Level 5:colcon.colcon_core.verb:set package 'my_bot' build argument 'cmake_force_configure' from command line to 'False'
[0.273s] Level 5:colcon.colcon_core.verb:set package 'my_bot' build argument 'ament_cmake_args' from command line to 'None'
[0.273s] Level 5:colcon.colcon_core.verb:set package 'my_bot' build argument 'catkin_cmake_args' from command line to 'None'
[0.273s] Level 5:colcon.colcon_core.verb:set package 'my_bot' build argument 'catkin_skip_building_tests' from command line to 'False'
[0.273s] DEBUG:colcon.colcon_core.verb:Building package 'my_bot' with the following arguments: {'ament_cmake_args': None, 'build_base': '/home/innovation/dev_ws/build/my_bot', 'catkin_cmake_args': None, 'catkin_skip_building_tests': False, 'cmake_args': None, 'cmake_clean_cache': False, 'cmake_clean_first': False, 'cmake_force_configure': False, 'cmake_target': None, 'cmake_target_skip_unavailable': False, 'install_base': '/home/innovation/dev_ws/install/my_bot', 'merge_install': False, 'path': '/home/innovation/dev_ws/src/my_bot', 'symlink_install': True, 'test_result_base': None}
[0.274s] Level 5:colcon.colcon_core.verb:set package 'ros2_mpu6050' build argument 'cmake_args' from command line to 'None'
[0.274s] Level 5:colcon.colcon_core.verb:set package 'ros2_mpu6050' build argument 'cmake_target' from command line to 'None'
[0.274s] Level 5:colcon.colcon_core.verb:set package 'ros2_mpu6050' build argument 'cmake_target_skip_unavailable' from command line to 'False'
[0.274s] Level 5:colcon.colcon_core.verb:set package 'ros2_mpu6050' build argument 'cmake_clean_cache' from command line to 'False'
[0.274s] Level 5:colcon.colcon_core.verb:set package 'ros2_mpu6050' build argument 'cmake_clean_first' from command line to 'False'
[0.274s] Level 5:colcon.colcon_core.verb:set package 'ros2_mpu6050' build argument 'cmake_force_configure' from command line to 'False'
[0.274s] Level 5:colcon.colcon_core.verb:set package 'ros2_mpu6050' build argument 'ament_cmake_args' from command line to 'None'
[0.274s] Level 5:colcon.colcon_core.verb:set package 'ros2_mpu6050' build argument 'catkin_cmake_args' from command line to 'None'
[0.274s] Level 5:colcon.colcon_core.verb:set package 'ros2_mpu6050' build argument 'catkin_skip_building_tests' from command line to 'False'
[0.274s] DEBUG:colcon.colcon_core.verb:Building package 'ros2_mpu6050' with the following arguments: {'ament_cmake_args': None, 'build_base': '/home/innovation/dev_ws/build/ros2_mpu6050', 'catkin_cmake_args': None, 'catkin_skip_building_tests': False, 'cmake_args': None, 'cmake_clean_cache': False, 'cmake_clean_first': False, 'cmake_force_configure': False, 'cmake_target': None, 'cmake_target_skip_unavailable': False, 'install_base': '/home/innovation/dev_ws/install/ros2_mpu6050', 'merge_install': False, 'path': '/home/innovation/dev_ws/src/ros2_mpu6050', 'symlink_install': True, 'test_result_base': None}
[0.274s] INFO:colcon.colcon_core.executor:Executing jobs using 'parallel' executor
[0.275s] DEBUG:colcon.colcon_parallel_executor.executor.parallel:run_until_complete
[0.276s] INFO:colcon.colcon_ros.task.ament_python.build:Building ROS package in '/home/innovation/dev_ws/src/leg_odometry' with build type 'ament_python'
[0.277s] Level 1:colcon.colcon_core.shell:create_environment_hook('leg_odometry', 'ament_prefix_path')
[0.282s] INFO:colcon.colcon_core.plugin_system:Skipping extension 'colcon_core.shell.bat': Not used on non-Windows systems
[0.283s] INFO:colcon.colcon_core.shell:Creating environment descriptor '/home/innovation/dev_ws/install/leg_odometry/share/leg_odometry/hook/ament_prefix_path.dsv'
[0.284s] INFO:colcon.colcon_core.shell:Creating environment hook '/home/innovation/dev_ws/install/leg_odometry/share/leg_odometry/hook/ament_prefix_path.sh'
[0.287s] DEBUG:colcon.colcon_core.shell:Skip shell extension 'dsv' for command environment
[0.295s] INFO:colcon.colcon_ros.task.ament_python.build:Building ROS package in '/home/innovation/dev_ws/src/mlx90640_thermal' with build type 'ament_python'
[0.295s] Level 1:colcon.colcon_core.shell:create_environment_hook('mlx90640_thermal', 'ament_prefix_path')
[0.295s] INFO:colcon.colcon_core.shell:Creating environment descriptor '/home/innovation/dev_ws/install/mlx90640_thermal/share/mlx90640_thermal/hook/ament_prefix_path.dsv'
[0.296s] INFO:colcon.colcon_core.shell:Creating environment hook '/home/innovation/dev_ws/install/mlx90640_thermal/share/mlx90640_thermal/hook/ament_prefix_path.sh'
[0.297s] DEBUG:colcon.colcon_core.shell:Skip shell extension 'dsv' for command environment
[0.304s] INFO:colcon.colcon_ros.task.ament_cmake.build:Building ROS package in '/home/innovation/dev_ws/src/my_bot' with build type 'ament_cmake'
[0.304s] INFO:colcon.colcon_cmake.task.cmake.build:Building CMake package in '/home/innovation/dev_ws/src/my_bot'
[0.305s] DEBUG:colcon.colcon_core.shell:Skip shell extension 'dsv' for command environment
[0.316s] INFO:colcon.colcon_ros.task.ament_cmake.build:Building ROS package in '/home/innovation/dev_ws/src/ros2_mpu6050' with build type 'ament_cmake'
[0.316s] INFO:colcon.colcon_cmake.task.cmake.build:Building CMake package in '/home/innovation/dev_ws/src/ros2_mpu6050'
[0.317s] DEBUG:colcon.colcon_core.shell:Skip shell extension 'dsv' for command environment
[0.672s] INFO:colcon.colcon_core.task.python.build:Building Python package in '/home/innovation/dev_ws/src/leg_odometry'
[0.673s] DEBUG:colcon.colcon_core.shell:Skip shell extension 'dsv' for command environment
[1.103s] INFO:colcon.colcon_core.task.python.build:Building Python package in '/home/innovation/dev_ws/src/mlx90640_thermal'
[1.103s] DEBUG:colcon.colcon_core.shell:Skip shell extension 'dsv' for command environment
[1.118s] DEBUG:colcon.colcon_core.event_handler.log_command:Invoking command in '/home/innovation/dev_ws/build/my_bot': CMAKE_PREFIX_PATH=${CMAKE_PREFIX_PATH}:/home/innovation/dev_ws/install/mlx90640_thermal:/home/innovation/dev_ws/install/leg_odometry:/opt/ros/jazzy DEBUGINFOD_URLS=https://debuginfod.ubuntu.com /usr/bin/cmake --build /home/innovation/dev_ws/build/my_bot -- -j4 -l4
[1.126s] DEBUG:colcon.colcon_core.event_handler.log_command:Invoking command in '/home/innovation/dev_ws/build/ros2_mpu6050': CMAKE_PREFIX_PATH=${CMAKE_PREFIX_PATH}:/home/innovation/dev_ws/install/mlx90640_thermal:/home/innovation/dev_ws/install/leg_odometry:/opt/ros/jazzy DEBUGINFOD_URLS=https://debuginfod.ubuntu.com /usr/bin/cmake --build /home/innovation/dev_ws/build/ros2_mpu6050 -- -j4 -l4
[1.230s] DEBUG:colcon.colcon_core.event_handler.log_command:Invoked command in '/home/innovation/dev_ws/build/my_bot' returned '0': CMAKE_PREFIX_PATH=${CMAKE_PREFIX_PATH}:/home/innovation/dev_ws/install/mlx90640_thermal:/home/innovation/dev_ws/install/leg_odometry:/opt/ros/jazzy DEBUGINFOD_URLS=https://debuginfod.ubuntu.com /usr/bin/cmake --build /home/innovation/dev_ws/build/my_bot -- -j4 -l4
[1.283s] DEBUG:colcon.colcon_core.event_handler.log_command:Invoking command in '/home/innovation/dev_ws/build/my_bot': CMAKE_PREFIX_PATH=${CMAKE_PREFIX_PATH}:/home/innovation/dev_ws/install/mlx90640_thermal:/home/innovation/dev_ws/install/leg_odometry:/opt/ros/jazzy DEBUGINFOD_URLS=https://debuginfod.ubuntu.com /usr/bin/cmake --install /home/innovation/dev_ws/build/my_bot
[1.355s] Level 1:colcon.colcon_core.environment:create_environment_scripts_only(my_bot)
[1.357s] DEBUG:colcon.colcon_core.event_handler.log_command:Invoked command in '/home/innovation/dev_ws/build/my_bot' returned '0': CMAKE_PREFIX_PATH=${CMAKE_PREFIX_PATH}:/home/innovation/dev_ws/install/mlx90640_thermal:/home/innovation/dev_ws/install/leg_odometry:/opt/ros/jazzy DEBUGINFOD_URLS=https://debuginfod.ubuntu.com /usr/bin/cmake --install /home/innovation/dev_ws/build/my_bot
[1.362s] Level 1:colcon.colcon_core.environment:checking '/home/innovation/dev_ws/install/my_bot' for CMake module files
[1.363s] Level 1:colcon.colcon_core.environment:checking '/home/innovation/dev_ws/install/my_bot' for CMake config files
[1.363s] Level 1:colcon.colcon_core.shell:create_environment_hook('my_bot', 'cmake_prefix_path')
[1.364s] INFO:colcon.colcon_core.shell:Creating environment descriptor '/home/innovation/dev_ws/install/my_bot/share/my_bot/hook/cmake_prefix_path.dsv'
[1.365s] INFO:colcon.colcon_core.shell:Creating environment hook '/home/innovation/dev_ws/install/my_bot/share/my_bot/hook/cmake_prefix_path.sh'
[1.366s] Level 1:colcon.colcon_core.environment:checking '/home/innovation/dev_ws/install/my_bot/lib'
[1.366s] Level 1:colcon.colcon_core.environment:checking '/home/innovation/dev_ws/install/my_bot/bin'
[1.367s] Level 1:colcon.colcon_core.environment:checking '/home/innovation/dev_ws/install/my_bot/lib/pkgconfig/my_bot.pc'
[1.367s] Level 1:colcon.colcon_core.environment:checking '/home/innovation/dev_ws/install/my_bot/lib/python3.12/site-packages'
[1.367s] Level 1:colcon.colcon_core.environment:checking '/home/innovation/dev_ws/install/my_bot/bin'
[1.368s] INFO:colcon.colcon_core.shell:Creating package descriptor '/home/innovation/dev_ws/install/my_bot/share/my_bot/package.dsv'
[1.369s] INFO:colcon.colcon_core.shell:Creating package script '/home/innovation/dev_ws/install/my_bot/share/my_bot/package.sh'
[1.370s] INFO:colcon.colcon_core.shell:Creating package script '/home/innovation/dev_ws/install/my_bot/share/my_bot/package.bash'
[1.372s] INFO:colcon.colcon_core.shell:Creating package script '/home/innovation/dev_ws/install/my_bot/share/my_bot/package.zsh'
[1.373s] Level 1:colcon.colcon_core.environment:create_file_with_runtime_dependencies(/home/innovation/dev_ws/install/my_bot/share/colcon-core/packages/my_bot)
[1.374s] Level 1:colcon.colcon_core.environment:create_environment_scripts_only(my_bot)
[1.374s] Level 1:colcon.colcon_core.environment:checking '/home/innovation/dev_ws/install/my_bot' for CMake module files
[1.376s] Level 1:colcon.colcon_core.environment:checking '/home/innovation/dev_ws/install/my_bot' for CMake config files
[1.377s] Level 1:colcon.colcon_core.shell:create_environment_hook('my_bot', 'cmake_prefix_path')
[1.377s] INFO:colcon.colcon_core.shell:Creating environment descriptor '/home/innovation/dev_ws/install/my_bot/share/my_bot/hook/cmake_prefix_path.dsv'
[1.378s] INFO:colcon.colcon_core.shell:Creating environment hook '/home/innovation/dev_ws/install/my_bot/share/my_bot/hook/cmake_prefix_path.sh'
[1.380s] Level 1:colcon.colcon_core.environment:checking '/home/innovation/dev_ws/install/my_bot/lib'
[1.380s] Level 1:colcon.colcon_core.environment:checking '/home/innovation/dev_ws/install/my_bot/bin'
[1.380s] Level 1:colcon.colcon_core.environment:checking '/home/innovation/dev_ws/install/my_bot/lib/pkgconfig/my_bot.pc'
[1.380s] Level 1:colcon.colcon_core.environment:checking '/home/innovation/dev_ws/install/my_bot/lib/python3.12/site-packages'
[1.381s] Level 1:colcon.colcon_core.environment:checking '/home/innovation/dev_ws/install/my_bot/bin'
[1.381s] INFO:colcon.colcon_core.shell:Creating package descriptor '/home/innovation/dev_ws/install/my_bot/share/my_bot/package.dsv'
[1.382s] INFO:colcon.colcon_core.shell:Creating package script '/home/innovation/dev_ws/install/my_bot/share/my_bot/package.sh'
[1.386s] INFO:colcon.colcon_core.shell:Creating package script '/home/innovation/dev_ws/install/my_bot/share/my_bot/package.bash'
[1.392s] INFO:colcon.colcon_core.shell:Creating package script '/home/innovation/dev_ws/install/my_bot/share/my_bot/package.zsh'
[1.393s] Level 1:colcon.colcon_core.environment:create_file_with_runtime_dependencies(/home/innovation/dev_ws/install/my_bot/share/colcon-core/packages/my_bot)
[1.396s] DEBUG:colcon.colcon_core.event_handler.log_command:Invoked command in '/home/innovation/dev_ws/build/ros2_mpu6050' returned '0': CMAKE_PREFIX_PATH=${CMAKE_PREFIX_PATH}:/home/innovation/dev_ws/install/mlx90640_thermal:/home/innovation/dev_ws/install/leg_odometry:/opt/ros/jazzy DEBUGINFOD_URLS=https://debuginfod.ubuntu.com /usr/bin/cmake --build /home/innovation/dev_ws/build/ros2_mpu6050 -- -j4 -l4
[1.398s] DEBUG:colcon.colcon_core.event_handler.log_command:Invoking command in '/home/innovation/dev_ws/build/ros2_mpu6050': CMAKE_PREFIX_PATH=${CMAKE_PREFIX_PATH}:/home/innovation/dev_ws/install/mlx90640_thermal:/home/innovation/dev_ws/install/leg_odometry:/opt/ros/jazzy DEBUGINFOD_URLS=https://debuginfod.ubuntu.com /usr/bin/cmake --install /home/innovation/dev_ws/build/ros2_mpu6050
[1.449s] Level 1:colcon.colcon_core.environment:create_environment_scripts_only(ros2_mpu6050)
[1.450s] Level 1:colcon.colcon_core.environment:checking '/home/innovation/dev_ws/install/ros2_mpu6050' for CMake module files
[1.451s] DEBUG:colcon.colcon_core.event_handler.log_command:Invoked command in '/home/innovation/dev_ws/build/ros2_mpu6050' returned '0': CMAKE_PREFIX_PATH=${CMAKE_PREFIX_PATH}:/home/innovation/dev_ws/install/mlx90640_thermal:/home/innovation/dev_ws/install/leg_odometry:/opt/ros/jazzy DEBUGINFOD_URLS=https://debuginfod.ubuntu.com /usr/bin/cmake --install /home/innovation/dev_ws/build/ros2_mpu6050
[1.451s] Level 1:colcon.colcon_core.environment:checking '/home/innovation/dev_ws/install/ros2_mpu6050' for CMake config files
[1.452s] Level 1:colcon.colcon_core.shell:create_environment_hook('ros2_mpu6050', 'cmake_prefix_path')
[1.452s] INFO:colcon.colcon_core.shell:Creating environment descriptor '/home/innovation/dev_ws/install/ros2_mpu6050/share/ros2_mpu6050/hook/cmake_prefix_path.dsv'
[1.453s] INFO:colcon.colcon_core.shell:Creating environment hook '/home/innovation/dev_ws/install/ros2_mpu6050/share/ros2_mpu6050/hook/cmake_prefix_path.sh'
[1.454s] Level 1:colcon.colcon_core.environment:checking '/home/innovation/dev_ws/install/ros2_mpu6050/lib'
[1.454s] Level 1:colcon.colcon_core.environment:checking '/home/innovation/dev_ws/install/ros2_mpu6050/bin'
[1.454s] Level 1:colcon.colcon_core.environment:checking '/home/innovation/dev_ws/install/ros2_mpu6050/lib/pkgconfig/ros2_mpu6050.pc'
[1.454s] Level 1:colcon.colcon_core.environment:checking '/home/innovation/dev_ws/install/ros2_mpu6050/lib/python3.12/site-packages'
[1.455s] Level 1:colcon.colcon_core.environment:checking '/home/innovation/dev_ws/install/ros2_mpu6050/bin'
[1.455s] INFO:colcon.colcon_core.shell:Creating package descriptor '/home/innovation/dev_ws/install/ros2_mpu6050/share/ros2_mpu6050/package.dsv'
[1.456s] INFO:colcon.colcon_core.shell:Creating package script '/home/innovation/dev_ws/install/ros2_mpu6050/share/ros2_mpu6050/package.sh'
[1.457s] INFO:colcon.colcon_core.shell:Creating package script '/home/innovation/dev_ws/install/ros2_mpu6050/share/ros2_mpu6050/package.bash'
[1.458s] INFO:colcon.colcon_core.shell:Creating package script '/home/innovation/dev_ws/install/ros2_mpu6050/share/ros2_mpu6050/package.zsh'
[1.465s] Level 1:colcon.colcon_core.environment:create_file_with_runtime_dependencies(/home/innovation/dev_ws/install/ros2_mpu6050/share/colcon-core/packages/ros2_mpu6050)
[1.466s] Level 1:colcon.colcon_core.environment:create_environment_scripts_only(ros2_mpu6050)
[1.466s] Level 1:colcon.colcon_core.environment:checking '/home/innovation/dev_ws/install/ros2_mpu6050' for CMake module files
[1.467s] Level 1:colcon.colcon_core.environment:checking '/home/innovation/dev_ws/install/ros2_mpu6050' for CMake config files
[1.467s] Level 1:colcon.colcon_core.shell:create_environment_hook('ros2_mpu6050', 'cmake_prefix_path')
[1.468s] INFO:colcon.colcon_core.shell:Creating environment descriptor '/home/innovation/dev_ws/install/ros2_mpu6050/share/ros2_mpu6050/hook/cmake_prefix_path.dsv'
[1.468s] INFO:colcon.colcon_core.shell:Creating environment hook '/home/innovation/dev_ws/install/ros2_mpu6050/share/ros2_mpu6050/hook/cmake_prefix_path.sh'
[1.469s] Level 1:colcon.colcon_core.environment:checking '/home/innovation/dev_ws/install/ros2_mpu6050/lib'
[1.470s] Level 1:colcon.colcon_core.environment:checking '/home/innovation/dev_ws/install/ros2_mpu6050/bin'
[1.470s] Level 1:colcon.colcon_core.environment:checking '/home/innovation/dev_ws/install/ros2_mpu6050/lib/pkgconfig/ros2_mpu6050.pc'
[1.470s] Level 1:colcon.colcon_core.environment:checking '/home/innovation/dev_ws/install/ros2_mpu6050/lib/python3.12/site-packages'
[1.470s] Level 1:colcon.colcon_core.environment:checking '/home/innovation/dev_ws/install/ros2_mpu6050/bin'
[1.471s] INFO:colcon.colcon_core.shell:Creating package descriptor '/home/innovation/dev_ws/install/ros2_mpu6050/share/ros2_mpu6050/package.dsv'
[1.472s] INFO:colcon.colcon_core.shell:Creating package script '/home/innovation/dev_ws/install/ros2_mpu6050/share/ros2_mpu6050/package.sh'
[1.473s] INFO:colcon.colcon_core.shell:Creating package script '/home/innovation/dev_ws/install/ros2_mpu6050/share/ros2_mpu6050/package.bash'
[1.474s] INFO:colcon.colcon_core.shell:Creating package script '/home/innovation/dev_ws/install/ros2_mpu6050/share/ros2_mpu6050/package.zsh'
[1.475s] Level 1:colcon.colcon_core.environment:create_file_with_runtime_dependencies(/home/innovation/dev_ws/install/ros2_mpu6050/share/colcon-core/packages/ros2_mpu6050)
[2.368s] DEBUG:colcon.colcon_core.event_handler.log_command:Invoking command in '/home/innovation/dev_ws/build/leg_odometry': DEBUGINFOD_URLS=https://debuginfod.ubuntu.com PYTHONPATH=/home/innovation/dev_ws/build/leg_odometry/prefix_override:/usr/lib/python3/dist-packages/colcon_core/task/python/colcon_distutils_commands:/home/innovation/dev_ws/install/leg_odometry/lib/python3.12/site-packages:${PYTHONPATH} /usr/bin/python3 -W ignore:setup.py install is deprecated -W ignore:easy_install command is deprecated setup.py develop --editable --build-directory /home/innovation/dev_ws/build/leg_odometry/build --no-deps symlink_data
[2.389s] DEBUG:colcon.colcon_core.event_handler.log_command:Invoking command in '/home/innovation/dev_ws/build/mlx90640_thermal': DEBUGINFOD_URLS=https://debuginfod.ubuntu.com PYTHONPATH=/home/innovation/dev_ws/build/mlx90640_thermal/prefix_override:/usr/lib/python3/dist-packages/colcon_core/task/python/colcon_distutils_commands:/home/innovation/dev_ws/install/mlx90640_thermal/lib/python3.12/site-packages:${PYTHONPATH} /usr/bin/python3 -W ignore:setup.py install is deprecated -W ignore:easy_install command is deprecated setup.py develop --editable --build-directory /home/innovation/dev_ws/build/mlx90640_thermal/build --no-deps symlink_data
[3.911s] Level 1:colcon.colcon_core.shell:create_environment_hook('mlx90640_thermal', 'pythonpath_develop')
[3.912s] INFO:colcon.colcon_core.shell:Creating environment descriptor '/home/innovation/dev_ws/build/mlx90640_thermal/share/mlx90640_thermal/hook/pythonpath_develop.dsv'
[3.914s] DEBUG:colcon.colcon_core.event_handler.log_command:Invoked command in '/home/innovation/dev_ws/build/mlx90640_thermal' returned '0': DEBUGINFOD_URLS=https://debuginfod.ubuntu.com PYTHONPATH=/home/innovation/dev_ws/build/mlx90640_thermal/prefix_override:/usr/lib/python3/dist-packages/colcon_core/task/python/colcon_distutils_commands:/home/innovation/dev_ws/install/mlx90640_thermal/lib/python3.12/site-packages:${PYTHONPATH} /usr/bin/python3 -W ignore:setup.py install is deprecated -W ignore:easy_install command is deprecated setup.py develop --editable --build-directory /home/innovation/dev_ws/build/mlx90640_thermal/build --no-deps symlink_data
[3.917s] INFO:colcon.colcon_core.shell:Creating environment hook '/home/innovation/dev_ws/build/mlx90640_thermal/share/mlx90640_thermal/hook/pythonpath_develop.sh'
[3.919s] Level 1:colcon.colcon_core.environment:checking '/home/innovation/dev_ws/install/mlx90640_thermal' for CMake module files
[3.920s] Level 1:colcon.colcon_core.environment:checking '/home/innovation/dev_ws/install/mlx90640_thermal' for CMake config files
[3.921s] Level 1:colcon.colcon_core.environment:checking '/home/innovation/dev_ws/install/mlx90640_thermal/lib'
[3.921s] Level 1:colcon.colcon_core.environment:checking '/home/innovation/dev_ws/install/mlx90640_thermal/bin'
[3.921s] Level 1:colcon.colcon_core.environment:checking '/home/innovation/dev_ws/install/mlx90640_thermal/lib/pkgconfig/mlx90640_thermal.pc'
[3.922s] Level 1:colcon.colcon_core.environment:checking '/home/innovation/dev_ws/install/mlx90640_thermal/lib/python3.12/site-packages'
[3.922s] Level 1:colcon.colcon_core.shell:create_environment_hook('mlx90640_thermal', 'pythonpath')
[3.922s] INFO:colcon.colcon_core.shell:Creating environment descriptor '/home/innovation/dev_ws/install/mlx90640_thermal/share/mlx90640_thermal/hook/pythonpath.dsv'
[3.923s] INFO:colcon.colcon_core.shell:Creating environment hook '/home/innovation/dev_ws/install/mlx90640_thermal/share/mlx90640_thermal/hook/pythonpath.sh'
[3.924s] Level 1:colcon.colcon_core.environment:checking '/home/innovation/dev_ws/install/mlx90640_thermal/bin'
[3.925s] Level 1:colcon.colcon_core.environment:create_environment_scripts_only(mlx90640_thermal)
[3.926s] INFO:colcon.colcon_core.shell:Creating package descriptor '/home/innovation/dev_ws/install/mlx90640_thermal/share/mlx90640_thermal/package.dsv'
[3.928s] INFO:colcon.colcon_core.shell:Creating package script '/home/innovation/dev_ws/install/mlx90640_thermal/share/mlx90640_thermal/package.sh'
[3.931s] INFO:colcon.colcon_core.shell:Creating package script '/home/innovation/dev_ws/install/mlx90640_thermal/share/mlx90640_thermal/package.bash'
[3.933s] INFO:colcon.colcon_core.shell:Creating package script '/home/innovation/dev_ws/install/mlx90640_thermal/share/mlx90640_thermal/package.zsh'
[3.934s] Level 1:colcon.colcon_core.environment:create_file_with_runtime_dependencies(/home/innovation/dev_ws/install/mlx90640_thermal/share/colcon-core/packages/mlx90640_thermal)
[3.937s] Level 1:colcon.colcon_core.shell:create_environment_hook('leg_odometry', 'pythonpath_develop')
[3.938s] DEBUG:colcon.colcon_core.event_handler.log_command:Invoked command in '/home/innovation/dev_ws/build/leg_odometry' returned '0': DEBUGINFOD_URLS=https://debuginfod.ubuntu.com PYTHONPATH=/home/innovation/dev_ws/build/leg_odometry/prefix_override:/usr/lib/python3/dist-packages/colcon_core/task/python/colcon_distutils_commands:/home/innovation/dev_ws/install/leg_odometry/lib/python3.12/site-packages:${PYTHONPATH} /usr/bin/python3 -W ignore:setup.py install is deprecated -W ignore:easy_install command is deprecated setup.py develop --editable --build-directory /home/innovation/dev_ws/build/leg_odometry/build --no-deps symlink_data
[3.938s] INFO:colcon.colcon_core.shell:Creating environment descriptor '/home/innovation/dev_ws/build/leg_odometry/share/leg_odometry/hook/pythonpath_develop.dsv'
[3.939s] INFO:colcon.colcon_core.shell:Creating environment hook '/home/innovation/dev_ws/build/leg_odometry/share/leg_odometry/hook/pythonpath_develop.sh'
[3.940s] Level 1:colcon.colcon_core.environment:checking '/home/innovation/dev_ws/install/leg_odometry' for CMake module files
[3.942s] Level 1:colcon.colcon_core.environment:checking '/home/innovation/dev_ws/install/leg_odometry' for CMake config files
[3.944s] Level 1:colcon.colcon_core.environment:checking '/home/innovation/dev_ws/install/leg_odometry/lib'
[3.945s] Level 1:colcon.colcon_core.environment:checking '/home/innovation/dev_ws/install/leg_odometry/bin'
[3.946s] Level 1:colcon.colcon_core.environment:checking '/home/innovation/dev_ws/install/leg_odometry/lib/pkgconfig/leg_odometry.pc'
[3.947s] Level 1:colcon.colcon_core.environment:checking '/home/innovation/dev_ws/install/leg_odometry/lib/python3.12/site-packages'
[3.948s] Level 1:colcon.colcon_core.shell:create_environment_hook('leg_odometry', 'pythonpath')
[3.948s] INFO:colcon.colcon_core.shell:Creating environment descriptor '/home/innovation/dev_ws/install/leg_odometry/share/leg_odometry/hook/pythonpath.dsv'
[3.949s] INFO:colcon.colcon_core.shell:Creating environment hook '/home/innovation/dev_ws/install/leg_odometry/share/leg_odometry/hook/pythonpath.sh'
[3.951s] Level 1:colcon.colcon_core.environment:checking '/home/innovation/dev_ws/install/leg_odometry/bin'
[3.951s] Level 1:colcon.colcon_core.environment:create_environment_scripts_only(leg_odometry)
[3.952s] INFO:colcon.colcon_core.shell:Creating package descriptor '/home/innovation/dev_ws/install/leg_odometry/share/leg_odometry/package.dsv'
[3.953s] INFO:colcon.colcon_core.shell:Creating package script '/home/innovation/dev_ws/install/leg_odometry/share/leg_odometry/package.sh'
[3.954s] INFO:colcon.colcon_core.shell:Creating package script '/home/innovation/dev_ws/install/leg_odometry/share/leg_odometry/package.bash'
[3.955s] INFO:colcon.colcon_core.shell:Creating package script '/home/innovation/dev_ws/install/leg_odometry/share/leg_odometry/package.zsh'
[3.956s] Level 1:colcon.colcon_core.environment:create_file_with_runtime_dependencies(/home/innovation/dev_ws/install/leg_odometry/share/colcon-core/packages/leg_odometry)
[3.958s] DEBUG:colcon.colcon_parallel_executor.executor.parallel:closing loop
[3.959s] DEBUG:colcon.colcon_parallel_executor.executor.parallel:loop closed
[3.959s] DEBUG:colcon.colcon_parallel_executor.executor.parallel:run_until_complete finished with '0'
[3.960s] DEBUG:colcon.colcon_core.event_reactor:joining thread
[3.970s] INFO:colcon.colcon_core.plugin_system:Skipping extension 'colcon_notification.desktop_notification.terminal_notifier': Not used on non-Darwin systems
[3.970s] INFO:colcon.colcon_core.plugin_system:Skipping extension 'colcon_notification.desktop_notification.win32': Not used on non-Windows systems
[3.970s] INFO:colcon.colcon_notification.desktop_notification:Sending desktop notification using 'notify2'
[3.998s] DEBUG:colcon.colcon_core.event_reactor:joined thread
[3.999s] INFO:colcon.colcon_core.shell:Creating prefix script '/home/innovation/dev_ws/install/local_setup.sh'
[4.001s] INFO:colcon.colcon_core.shell:Creating prefix util module '/home/innovation/dev_ws/install/_local_setup_util_sh.py'
[4.004s] INFO:colcon.colcon_core.shell:Creating prefix chain script '/home/innovation/dev_ws/install/setup.sh'
[4.008s] INFO:colcon.colcon_core.shell:Creating prefix script '/home/innovation/dev_ws/install/local_setup.bash'
[4.011s] INFO:colcon.colcon_core.shell:Creating prefix chain script '/home/innovation/dev_ws/install/setup.bash'
[4.014s] INFO:colcon.colcon_core.shell:Creating prefix script '/home/innovation/dev_ws/install/local_setup.zsh'
[4.020s] INFO:colcon.colcon_core.shell:Creating prefix chain script '/home/innovation/dev_ws/install/setup.zsh'
